2025-02-09 09:11:22,207 [ERROR] [main] c.r.c.b.c.AccountConcurrentImpl - Withdrawal failed: Insufficient funds. Requested: 200, Available: 100
2025-02-09 09:11:22,246 [INFO] [pool-1-thread-2] c.r.c.b.c.AccountConcurrentImpl - Withdrawn 20: New Balance: 80
2025-02-09 09:11:22,247 [INFO] [pool-1-thread-3] c.r.c.b.c.AccountConcurrentImpl - Withdrawn 20: New Balance: 60
2025-02-09 09:11:22,247 [INFO] [pool-1-thread-4] c.r.c.b.c.AccountConcurrentImpl - Withdrawn 20: New Balance: 40
2025-02-09 09:11:22,248 [INFO] [pool-1-thread-5] c.r.c.b.c.AccountConcurrentImpl - Withdrawn 20: New Balance: 20
2025-02-09 09:11:22,248 [INFO] [pool-1-thread-1] c.r.c.b.c.AccountConcurrentImpl - Withdrawn 20: New Balance: 0
2025-02-09 09:11:22,250 [INFO] [main] c.r.c.b.c.AccountConcurrentImpl - Account Balance Requested: 0
2025-02-09 09:11:22,282 [INFO] [pool-2-thread-1] c.r.c.b.c.AccountConcurrentImpl - Deposited 50: New Balance: 150
2025-02-09 09:11:22,282 [INFO] [pool-2-thread-2] c.r.c.b.c.AccountConcurrentImpl - Withdrawn 30: New Balance: 120
2025-02-09 09:11:22,282 [INFO] [pool-2-thread-3] c.r.c.b.c.AccountConcurrentImpl - Deposited 50: New Balance: 170
2025-02-09 09:11:22,283 [INFO] [pool-2-thread-4] c.r.c.b.c.AccountConcurrentImpl - Withdrawn 30: New Balance: 140
2025-02-09 09:11:22,283 [INFO] [pool-2-thread-6] c.r.c.b.c.AccountConcurrentImpl - Withdrawn 30: New Balance: 110
2025-02-09 09:11:22,283 [INFO] [pool-2-thread-5] c.r.c.b.c.AccountConcurrentImpl - Deposited 50: New Balance: 160
2025-02-09 09:11:22,286 [INFO] [pool-2-thread-7] c.r.c.b.c.AccountConcurrentImpl - Deposited 50: New Balance: 210
2025-02-09 09:11:22,286 [INFO] [pool-2-thread-8] c.r.c.b.c.AccountConcurrentImpl - Withdrawn 30: New Balance: 180
2025-02-09 09:11:22,287 [INFO] [pool-2-thread-10] c.r.c.b.c.AccountConcurrentImpl - Withdrawn 30: New Balance: 150
2025-02-09 09:11:22,287 [INFO] [pool-2-thread-9] c.r.c.b.c.AccountConcurrentImpl - Deposited 50: New Balance: 200
2025-02-09 09:11:22,287 [INFO] [main] c.r.c.b.c.AccountConcurrentImpl - Account Balance Requested: 200
2025-02-09 09:11:22,298 [INFO] [main] c.r.c.b.c.AccountConcurrentImpl - Withdrawn 50: New Balance: 50
2025-02-09 09:11:22,298 [INFO] [main] c.r.c.b.c.AccountConcurrentImpl - Account Balance Requested: 50
2025-02-09 09:11:22,302 [INFO] [pool-3-thread-1] c.r.c.b.c.AccountConcurrentImpl - Deposited 50: New Balance: 150
2025-02-09 09:11:22,303 [INFO] [pool-3-thread-2] c.r.c.b.c.AccountConcurrentImpl - Deposited 50: New Balance: 200
2025-02-09 09:11:22,303 [INFO] [pool-3-thread-2] c.r.c.b.c.AccountConcurrentImpl - Deposited 50: New Balance: 250
2025-02-09 09:11:22,304 [INFO] [pool-3-thread-2] c.r.c.b.c.AccountConcurrentImpl - Deposited 50: New Balance: 300
2025-02-09 09:11:22,304 [INFO] [pool-3-thread-3] c.r.c.b.c.AccountConcurrentImpl - Deposited 50: New Balance: 350
2025-02-09 09:11:22,304 [INFO] [pool-3-thread-4] c.r.c.b.c.AccountConcurrentImpl - Deposited 50: New Balance: 400
2025-02-09 09:11:22,304 [INFO] [pool-3-thread-5] c.r.c.b.c.AccountConcurrentImpl - Deposited 50: New Balance: 450
2025-02-09 09:11:22,304 [INFO] [pool-3-thread-1] c.r.c.b.c.AccountConcurrentImpl - Deposited 50: New Balance: 500
2025-02-09 09:11:22,304 [INFO] [pool-3-thread-2] c.r.c.b.c.AccountConcurrentImpl - Deposited 50: New Balance: 550
2025-02-09 09:11:22,304 [INFO] [pool-3-thread-3] c.r.c.b.c.AccountConcurrentImpl - Deposited 50: New Balance: 600
2025-02-09 09:11:22,305 [INFO] [main] c.r.c.b.c.AccountConcurrentImpl - Account Balance Requested: 600
2025-02-09 09:11:22,310 [INFO] [main] c.r.c.b.c.AccountConcurrentImpl - Deposited 50: New Balance: 150
2025-02-09 09:11:22,310 [INFO] [main] c.r.c.b.c.AccountConcurrentImpl - Account Balance Requested: 150
2025-02-09 09:20:21,431 [INFO] [pool-1-thread-1] c.r.c.b.c.AccountConcurrentImpl - Deposited 50: New Balance: 150
2025-02-09 09:20:21,444 [INFO] [pool-1-thread-3] c.r.c.b.c.AccountConcurrentImpl - Deposited 50: New Balance: 200
2025-02-09 09:20:21,444 [INFO] [pool-1-thread-5] c.r.c.b.c.AccountConcurrentImpl - Deposited 50: New Balance: 250
2025-02-09 09:20:21,444 [INFO] [pool-1-thread-7] c.r.c.b.c.AccountConcurrentImpl - Deposited 50: New Balance: 300
2025-02-09 09:20:21,444 [INFO] [pool-1-thread-9] c.r.c.b.c.AccountConcurrentImpl - Deposited 50: New Balance: 350
2025-02-09 09:20:21,446 [INFO] [pool-1-thread-2] c.r.c.b.c.AccountConcurrentImpl - Withdrawn 200: New Balance: 150
2025-02-09 09:20:21,446 [ERROR] [pool-1-thread-8] c.r.c.b.c.AccountConcurrentImpl - Withdrawal failed: Insufficient funds. Requested: 200, Available: 150
2025-02-09 09:20:21,447 [ERROR] [pool-1-thread-4] c.r.c.b.c.AccountConcurrentImpl - Withdrawal failed: Insufficient funds. Requested: 200, Available: 150
2025-02-09 09:20:21,447 [ERROR] [pool-1-thread-10] c.r.c.b.c.AccountConcurrentImpl - Withdrawal failed: Insufficient funds. Requested: 200, Available: 150
2025-02-09 09:20:21,447 [ERROR] [pool-1-thread-6] c.r.c.b.c.AccountConcurrentImpl - Withdrawal failed: Insufficient funds. Requested: 200, Available: 150
2025-02-09 09:21:24,085 [INFO] [pool-1-thread-1] c.r.c.b.c.AccountConcurrentImpl - Deposited 50: New Balance: 150
2025-02-09 09:21:24,098 [INFO] [pool-1-thread-3] c.r.c.b.c.AccountConcurrentImpl - Deposited 50: New Balance: 200
2025-02-09 09:21:24,099 [INFO] [pool-1-thread-5] c.r.c.b.c.AccountConcurrentImpl - Deposited 50: New Balance: 250
2025-02-09 09:21:24,100 [INFO] [pool-1-thread-7] c.r.c.b.c.AccountConcurrentImpl - Deposited 50: New Balance: 300
2025-02-09 09:21:24,100 [INFO] [pool-1-thread-9] c.r.c.b.c.AccountConcurrentImpl - Deposited 50: New Balance: 350
2025-02-09 09:21:24,104 [INFO] [pool-1-thread-2] c.r.c.b.c.AccountConcurrentImpl - Withdrawn 200: New Balance: 150
2025-02-09 09:21:24,104 [ERROR] [pool-1-thread-4] c.r.c.b.c.AccountConcurrentImpl - Withdrawal failed: Insufficient funds. Requested: 200, Available: 150
2025-02-09 09:21:24,104 [ERROR] [pool-1-thread-6] c.r.c.b.c.AccountConcurrentImpl - Withdrawal failed: Insufficient funds. Requested: 200, Available: 150
2025-02-09 09:21:24,105 [ERROR] [pool-1-thread-8] c.r.c.b.c.AccountConcurrentImpl - Withdrawal failed: Insufficient funds. Requested: 200, Available: 150
2025-02-09 09:21:24,105 [ERROR] [pool-1-thread-10] c.r.c.b.c.AccountConcurrentImpl - Withdrawal failed: Insufficient funds. Requested: 200, Available: 150
2025-02-09 09:27:32,669 [INFO] [pool-1-thread-1] c.r.c.b.c.AccountConcurrentImpl - Deposited 50: New Balance: 150
2025-02-09 09:27:32,680 [INFO] [pool-1-thread-3] c.r.c.b.c.AccountConcurrentImpl - Deposited 50: New Balance: 200
2025-02-09 09:27:32,681 [INFO] [pool-1-thread-5] c.r.c.b.c.AccountConcurrentImpl - Deposited 50: New Balance: 250
2025-02-09 09:27:32,682 [INFO] [pool-1-thread-7] c.r.c.b.c.AccountConcurrentImpl - Deposited 50: New Balance: 300
2025-02-09 09:27:32,682 [INFO] [pool-1-thread-9] c.r.c.b.c.AccountConcurrentImpl - Deposited 50: New Balance: 350
2025-02-09 09:27:32,684 [INFO] [pool-1-thread-10] c.r.c.b.c.AccountConcurrentImpl - Withdrawn 200: New Balance: 150
2025-02-09 09:27:32,684 [ERROR] [pool-1-thread-6] c.r.c.b.c.AccountConcurrentImpl - Withdrawal failed: Insufficient funds. Requested: 200, Available: 150
2025-02-09 09:27:32,684 [ERROR] [pool-1-thread-2] c.r.c.b.c.AccountConcurrentImpl - Withdrawal failed: Insufficient funds. Requested: 200, Available: 150
2025-02-09 09:27:32,684 [ERROR] [pool-1-thread-8] c.r.c.b.c.AccountConcurrentImpl - Withdrawal failed: Insufficient funds. Requested: 200, Available: 150
2025-02-09 09:27:32,685 [ERROR] [pool-1-thread-4] c.r.c.b.c.AccountConcurrentImpl - Withdrawal failed: Insufficient funds. Requested: 200, Available: 150
2025-02-09 09:27:32,685 [INFO] [main] c.r.c.b.c.AccountConcurrentImpl - Account Balance Requested: 150
2025-02-09 09:27:32,774 [ERROR] [main] c.r.c.b.c.AccountConcurrentImpl - Withdrawal failed: Insufficient funds. Requested: 200, Available: 100
2025-02-09 09:27:32,781 [INFO] [pool-2-thread-1] c.r.c.b.c.AccountConcurrentImpl - Withdrawn 20: New Balance: 80
2025-02-09 09:27:32,782 [INFO] [pool-2-thread-4] c.r.c.b.c.AccountConcurrentImpl - Withdrawn 20: New Balance: 60
2025-02-09 09:27:32,782 [INFO] [pool-2-thread-3] c.r.c.b.c.AccountConcurrentImpl - Withdrawn 20: New Balance: 40
2025-02-09 09:27:32,782 [INFO] [pool-2-thread-2] c.r.c.b.c.AccountConcurrentImpl - Withdrawn 20: New Balance: 20
2025-02-09 09:27:32,782 [INFO] [pool-2-thread-5] c.r.c.b.c.AccountConcurrentImpl - Withdrawn 20: New Balance: 0
2025-02-09 09:27:32,782 [INFO] [main] c.r.c.b.c.AccountConcurrentImpl - Account Balance Requested: 0
2025-02-09 09:27:32,787 [INFO] [pool-3-thread-1] c.r.c.b.c.AccountConcurrentImpl - Deposited 50: New Balance: 150
2025-02-09 09:27:32,787 [INFO] [pool-3-thread-2] c.r.c.b.c.AccountConcurrentImpl - Withdrawn 30: New Balance: 120
2025-02-09 09:27:32,787 [INFO] [pool-3-thread-3] c.r.c.b.c.AccountConcurrentImpl - Deposited 50: New Balance: 170
2025-02-09 09:27:32,788 [INFO] [pool-3-thread-4] c.r.c.b.c.AccountConcurrentImpl - Withdrawn 30: New Balance: 140
2025-02-09 09:27:32,789 [INFO] [pool-3-thread-5] c.r.c.b.c.AccountConcurrentImpl - Deposited 50: New Balance: 190
2025-02-09 09:27:32,790 [INFO] [pool-3-thread-9] c.r.c.b.c.AccountConcurrentImpl - Deposited 50: New Balance: 240
2025-02-09 09:27:32,790 [INFO] [pool-3-thread-6] c.r.c.b.c.AccountConcurrentImpl - Withdrawn 30: New Balance: 210
2025-02-09 09:27:32,790 [INFO] [pool-3-thread-7] c.r.c.b.c.AccountConcurrentImpl - Deposited 50: New Balance: 260
2025-02-09 09:27:32,791 [INFO] [pool-3-thread-8] c.r.c.b.c.AccountConcurrentImpl - Withdrawn 30: New Balance: 230
2025-02-09 09:27:32,792 [INFO] [pool-3-thread-10] c.r.c.b.c.AccountConcurrentImpl - Withdrawn 30: New Balance: 200
2025-02-09 09:27:32,792 [INFO] [main] c.r.c.b.c.AccountConcurrentImpl - Account Balance Requested: 200
2025-02-09 09:27:32,801 [INFO] [main] c.r.c.b.c.AccountConcurrentImpl - Withdrawn 50: New Balance: 50
2025-02-09 09:27:32,802 [INFO] [main] c.r.c.b.c.AccountConcurrentImpl - Account Balance Requested: 50
2025-02-09 09:27:32,807 [INFO] [pool-4-thread-1] c.r.c.b.c.AccountConcurrentImpl - Deposited 50: New Balance: 150
2025-02-09 09:27:32,807 [INFO] [pool-4-thread-2] c.r.c.b.c.AccountConcurrentImpl - Deposited 50: New Balance: 200
2025-02-09 09:27:32,809 [INFO] [pool-4-thread-3] c.r.c.b.c.AccountConcurrentImpl - Deposited 50: New Balance: 250
2025-02-09 09:27:32,811 [INFO] [pool-4-thread-5] c.r.c.b.c.AccountConcurrentImpl - Deposited 50: New Balance: 300
2025-02-09 09:27:32,811 [INFO] [pool-4-thread-1] c.r.c.b.c.AccountConcurrentImpl - Deposited 50: New Balance: 350
2025-02-09 09:27:32,811 [INFO] [pool-4-thread-2] c.r.c.b.c.AccountConcurrentImpl - Deposited 50: New Balance: 400
2025-02-09 09:27:32,811 [INFO] [pool-4-thread-4] c.r.c.b.c.AccountConcurrentImpl - Deposited 50: New Balance: 450
2025-02-09 09:27:32,811 [INFO] [pool-4-thread-3] c.r.c.b.c.AccountConcurrentImpl - Deposited 50: New Balance: 500
2025-02-09 09:27:32,811 [INFO] [pool-4-thread-5] c.r.c.b.c.AccountConcurrentImpl - Deposited 50: New Balance: 550
2025-02-09 09:27:32,812 [INFO] [pool-4-thread-1] c.r.c.b.c.AccountConcurrentImpl - Deposited 50: New Balance: 600
2025-02-09 09:27:32,812 [INFO] [main] c.r.c.b.c.AccountConcurrentImpl - Account Balance Requested: 600
2025-02-09 09:27:32,818 [INFO] [main] c.r.c.b.c.AccountConcurrentImpl - Deposited 50: New Balance: 150
2025-02-09 09:27:32,818 [INFO] [main] c.r.c.b.c.AccountConcurrentImpl - Account Balance Requested: 150
2025-02-09 09:29:45,198 [INFO] [pool-1-thread-1] c.r.c.b.c.AccountConcurrentImpl - Deposited 50: New Balance: 150
2025-02-09 09:29:45,208 [INFO] [pool-1-thread-3] c.r.c.b.c.AccountConcurrentImpl - Deposited 50: New Balance: 200
2025-02-09 09:29:45,211 [INFO] [pool-1-thread-5] c.r.c.b.c.AccountConcurrentImpl - Deposited 50: New Balance: 250
2025-02-09 09:29:45,211 [INFO] [pool-1-thread-7] c.r.c.b.c.AccountConcurrentImpl - Deposited 50: New Balance: 300
2025-02-09 09:29:45,212 [INFO] [pool-1-thread-9] c.r.c.b.c.AccountConcurrentImpl - Deposited 50: New Balance: 350
2025-02-09 09:29:45,218 [INFO] [pool-1-thread-6] c.r.c.b.c.AccountConcurrentImpl - Withdrawn 200: New Balance: 150
2025-02-09 09:29:45,218 [ERROR] [pool-1-thread-4] c.r.c.b.c.AccountConcurrentImpl - Withdrawal failed: Insufficient funds. Requested: 200, Available: 150
2025-02-09 09:29:45,219 [ERROR] [pool-1-thread-2] c.r.c.b.c.AccountConcurrentImpl - Withdrawal failed: Insufficient funds. Requested: 200, Available: 150
2025-02-09 09:29:45,219 [ERROR] [pool-1-thread-8] c.r.c.b.c.AccountConcurrentImpl - Withdrawal failed: Insufficient funds. Requested: 200, Available: 150
2025-02-09 09:29:45,219 [ERROR] [pool-1-thread-10] c.r.c.b.c.AccountConcurrentImpl - Withdrawal failed: Insufficient funds. Requested: 200, Available: 150
2025-02-09 09:29:45,220 [INFO] [main] c.r.c.b.c.AccountConcurrentImpl - Account Balance Requested: 150
2025-02-09 09:29:45,272 [ERROR] [main] c.r.c.b.c.AccountConcurrentImpl - Withdrawal failed: Insufficient funds. Requested: 200, Available: 100
2025-02-09 09:29:45,280 [INFO] [pool-2-thread-1] c.r.c.b.c.AccountConcurrentImpl - Withdrawn 20: New Balance: 80
2025-02-09 09:29:45,281 [INFO] [pool-2-thread-2] c.r.c.b.c.AccountConcurrentImpl - Withdrawn 20: New Balance: 60
2025-02-09 09:29:45,281 [INFO] [pool-2-thread-3] c.r.c.b.c.AccountConcurrentImpl - Withdrawn 20: New Balance: 40
2025-02-09 09:29:45,281 [INFO] [pool-2-thread-4] c.r.c.b.c.AccountConcurrentImpl - Withdrawn 20: New Balance: 20
2025-02-09 09:29:45,281 [INFO] [pool-2-thread-5] c.r.c.b.c.AccountConcurrentImpl - Withdrawn 20: New Balance: 0
2025-02-09 09:29:45,281 [INFO] [main] c.r.c.b.c.AccountConcurrentImpl - Account Balance Requested: 0
2025-02-09 09:29:45,285 [INFO] [pool-3-thread-1] c.r.c.b.c.AccountConcurrentImpl - Deposited 50: New Balance: 150
2025-02-09 09:29:45,286 [INFO] [pool-3-thread-2] c.r.c.b.c.AccountConcurrentImpl - Withdrawn 30: New Balance: 120
2025-02-09 09:29:45,287 [INFO] [pool-3-thread-3] c.r.c.b.c.AccountConcurrentImpl - Deposited 50: New Balance: 170
2025-02-09 09:29:45,291 [INFO] [pool-3-thread-5] c.r.c.b.c.AccountConcurrentImpl - Deposited 50: New Balance: 220
2025-02-09 09:29:45,291 [INFO] [pool-3-thread-6] c.r.c.b.c.AccountConcurrentImpl - Withdrawn 30: New Balance: 190
2025-02-09 09:29:45,291 [INFO] [pool-3-thread-7] c.r.c.b.c.AccountConcurrentImpl - Deposited 50: New Balance: 240
2025-02-09 09:29:45,291 [INFO] [pool-3-thread-8] c.r.c.b.c.AccountConcurrentImpl - Withdrawn 30: New Balance: 210
2025-02-09 09:29:45,291 [INFO] [pool-3-thread-9] c.r.c.b.c.AccountConcurrentImpl - Deposited 50: New Balance: 260
2025-02-09 09:29:45,291 [INFO] [pool-3-thread-4] c.r.c.b.c.AccountConcurrentImpl - Withdrawn 30: New Balance: 230
2025-02-09 09:29:45,291 [INFO] [pool-3-thread-10] c.r.c.b.c.AccountConcurrentImpl - Withdrawn 30: New Balance: 200
2025-02-09 09:29:45,293 [INFO] [main] c.r.c.b.c.AccountConcurrentImpl - Account Balance Requested: 200
2025-02-09 09:29:45,302 [INFO] [main] c.r.c.b.c.AccountConcurrentImpl - Withdrawn 50: New Balance: 50
2025-02-09 09:29:45,302 [INFO] [main] c.r.c.b.c.AccountConcurrentImpl - Account Balance Requested: 50
2025-02-09 09:29:45,312 [INFO] [pool-4-thread-1] c.r.c.b.c.AccountConcurrentImpl - Deposited 50: New Balance: 150
2025-02-09 09:29:45,313 [INFO] [pool-4-thread-2] c.r.c.b.c.AccountConcurrentImpl - Deposited 50: New Balance: 200
2025-02-09 09:29:45,314 [INFO] [pool-4-thread-3] c.r.c.b.c.AccountConcurrentImpl - Deposited 50: New Balance: 250
2025-02-09 09:29:45,315 [INFO] [pool-4-thread-4] c.r.c.b.c.AccountConcurrentImpl - Deposited 50: New Balance: 300
2025-02-09 09:29:45,315 [INFO] [pool-4-thread-4] c.r.c.b.c.AccountConcurrentImpl - Deposited 50: New Balance: 350
2025-02-09 09:29:45,315 [INFO] [pool-4-thread-4] c.r.c.b.c.AccountConcurrentImpl - Deposited 50: New Balance: 400
2025-02-09 09:29:45,315 [INFO] [pool-4-thread-5] c.r.c.b.c.AccountConcurrentImpl - Deposited 50: New Balance: 450
2025-02-09 09:29:45,315 [INFO] [pool-4-thread-1] c.r.c.b.c.AccountConcurrentImpl - Deposited 50: New Balance: 500
2025-02-09 09:29:45,315 [INFO] [pool-4-thread-2] c.r.c.b.c.AccountConcurrentImpl - Deposited 50: New Balance: 550
2025-02-09 09:29:45,315 [INFO] [pool-4-thread-3] c.r.c.b.c.AccountConcurrentImpl - Deposited 50: New Balance: 600
2025-02-09 09:29:45,316 [INFO] [main] c.r.c.b.c.AccountConcurrentImpl - Account Balance Requested: 600
2025-02-09 09:29:45,320 [INFO] [main] c.r.c.b.c.AccountConcurrentImpl - Deposited 50: New Balance: 150
2025-02-09 09:29:45,320 [INFO] [main] c.r.c.b.c.AccountConcurrentImpl - Account Balance Requested: 150
2025-02-09 12:24:17,676 [INFO] [main] c.r.c.b.c.AccountConcurrentImpl - Only one driver, no need to exchange gossips
2025-02-09 12:24:17,701 [WARN] [main] c.r.c.b.c.AccountConcurrentImpl - No routes provided
2025-02-09 12:25:49,251 [INFO] [main] c.r.c.b.c.AccountConcurrentImpl - Only one driver, no need to exchange gossips
2025-02-09 12:25:49,273 [WARN] [main] c.r.c.b.c.AccountConcurrentImpl - No routes provided
2025-02-09 12:25:49,281 [INFO] [main] c.r.c.b.c.AccountConcurrentImpl - All drivers know all gossips after 5 minutes
2025-02-09 12:27:03,279 [INFO] [main] c.r.c.b.c.AccountConcurrentImpl - Only one driver, no need to exchange gossips
2025-02-09 12:27:03,294 [WARN] [main] c.r.c.b.c.AccountConcurrentImpl - No routes provided
2025-02-09 12:27:03,298 [INFO] [main] c.r.c.b.c.AccountConcurrentImpl - All drivers know all gossips after 5 minutes
2025-02-09 12:27:03,309 [INFO] [main] c.r.c.b.c.AccountConcurrentImpl - Gossips not exchanged after 480 minutes
2025-02-09 12:28:14,709 [INFO] [main] c.r.c.b.c.AccountConcurrentImpl - Only one driver, no need to exchange gossips
2025-02-09 12:28:14,726 [WARN] [main] c.r.c.b.c.AccountConcurrentImpl - No routes provided
2025-02-09 12:28:14,733 [INFO] [main] c.r.c.b.c.AccountConcurrentImpl - All drivers know all gossips after 5 minutes
2025-02-09 12:28:14,742 [INFO] [main] c.r.c.b.c.AccountConcurrentImpl - Gossips not exchanged after 480 minutes
2025-02-09 17:03:57,423 [INFO] [main] c.r.c.g.s.GossipSimulatorImpl - Only one driver. Gossips will never be exchanged
2025-02-09 17:03:57,458 [WARN] [main] c.r.c.g.s.GossipSimulatorImpl - No routes provided
2025-02-09 17:03:57,470 [INFO] [main] c.r.c.g.s.GossipSimulatorImpl - All drivers know all gossips after 5 minutes
2025-02-09 17:03:57,482 [INFO] [main] c.r.c.g.s.GossipSimulatorImpl - Gossips not exchanged after 480 minutes
2025-02-09 17:11:22,017 [INFO] [main] c.r.c.g.s.GossipSimulatorImpl - Only one route/driver, no gossip exchange needed.
2025-02-09 17:11:22,039 [WARN] [main] c.r.c.g.s.GossipSimulatorImpl - No routes provided
2025-02-09 17:11:22,048 [INFO] [main] c.r.c.g.s.GossipSimulatorImpl - All drivers know all gossips after 5 minutes
2025-02-09 17:11:22,063 [INFO] [main] c.r.c.g.s.GossipSimulatorImpl - Gossips not exchanged after 480 minutes
2025-02-09 17:13:37,802 [INFO] [main] c.r.c.g.s.GossipSimulatorImpl - Only one route/driver, no gossip exchange needed.
2025-02-09 17:13:37,826 [WARN] [main] c.r.c.g.s.GossipSimulatorImpl - No routes provided
2025-02-09 17:13:37,835 [INFO] [main] c.r.c.g.s.GossipSimulatorImpl - All drivers know all gossips after 5 minutes
2025-02-09 17:13:37,847 [INFO] [main] c.r.c.g.s.GossipSimulatorImpl - Gossips not exchanged after 480 minutes
2025-02-09 17:34:21,478 [INFO] [main] c.r.c.g.s.GossipSimulatorImpl - Only one route/driver, no gossip exchange needed.
2025-02-09 17:34:21,524 [WARN] [main] c.r.c.g.s.GossipSimulatorImpl - No routes provided
2025-02-09 17:34:21,533 [INFO] [main] c.r.c.g.s.GossipSimulatorImpl - All drivers know all gossips after 5 minutes
2025-02-09 17:34:21,546 [INFO] [main] c.r.c.g.s.GossipSimulatorImpl - Gossips not exchanged after 480 minutes
2025-02-09 17:38:15,214 [INFO] [main] c.r.c.g.s.GossipSimulatorImpl - Only one route/driver, no gossip exchange needed.
2025-02-09 17:38:15,260 [WARN] [main] c.r.c.g.s.GossipSimulatorImpl - No routes provided
2025-02-09 17:38:15,268 [INFO] [main] c.r.c.g.s.GossipSimulatorImpl - All drivers know all gossips after 5 minutes
2025-02-09 17:38:15,287 [INFO] [main] c.r.c.g.s.GossipSimulatorImpl - Gossips not exchanged after 480 minutes
2025-02-09 17:40:51,277 [WARN] [main] c.r.c.g.s.GossipSimulatorImpl - No routes provided
2025-02-09 17:40:51,317 [INFO] [main] c.r.c.g.s.GossipSimulatorImpl - Only one route/driver, no gossip exchange needed.
2025-02-09 17:40:51,324 [INFO] [main] c.r.c.g.s.GossipSimulatorImpl - All drivers know all gossips after 5 minutes
2025-02-09 17:40:51,332 [INFO] [main] c.r.c.g.s.GossipSimulatorImpl - All drivers know all gossips after 1 minutes
2025-02-09 17:40:51,353 [INFO] [main] c.r.c.g.s.GossipSimulatorImpl - Gossips not exchanged after 480 minutes
2025-02-09 17:42:43,519 [INFO] [main] c.r.c.g.s.GossipSimulatorImpl - Gossips not exchanged after 480 minutes
2025-02-09 17:42:43,557 [WARN] [main] c.r.c.g.s.GossipSimulatorImpl - No routes provided
2025-02-09 17:42:43,561 [INFO] [main] c.r.c.g.s.GossipSimulatorImpl - Only one route/driver, no gossip exchange needed.
2025-02-09 17:42:43,574 [INFO] [main] c.r.c.g.s.GossipSimulatorImpl - All drivers know all gossips after 5 minutes
2025-02-09 17:42:43,579 [INFO] [main] c.r.c.g.s.GossipSimulatorImpl - All drivers know all gossips after 1 minutes
2025-02-09 17:42:43,584 [INFO] [main] c.r.c.g.s.GossipSimulatorImpl - Gossips not exchanged after 480 minutes
2025-02-09 17:43:40,256 [INFO] [main] c.r.c.g.s.GossipSimulatorImpl - Gossips not exchanged after 480 minutes
2025-02-09 17:43:40,297 [WARN] [main] c.r.c.g.s.GossipSimulatorImpl - No routes provided
2025-02-09 17:43:40,303 [INFO] [main] c.r.c.g.s.GossipSimulatorImpl - Only one route/driver, no gossip exchange needed.
2025-02-09 17:43:40,311 [INFO] [main] c.r.c.g.s.GossipSimulatorImpl - All drivers know all gossips after 5 minutes
2025-02-09 17:43:40,316 [INFO] [main] c.r.c.g.s.GossipSimulatorImpl - All drivers know all gossips after 1 minutes
2025-02-09 17:43:40,324 [INFO] [main] c.r.c.g.s.GossipSimulatorImpl - Gossips not exchanged after 480 minutes
2025-02-11 08:05:33,822 [ERROR] [main] c.r.c.m.r.MarsRoverRefactored - Commands cannot be null or empty
2025-02-11 08:05:33,894 [ERROR] [main] c.r.c.m.r.MarsRoverRefactored - Invalid command
2025-02-11 08:05:33,900 [ERROR] [main] c.r.c.m.r.MarsRoverRefactored - Obstacle encountered at (0, 0)
2025-02-11 08:05:33,912 [ERROR] [main] c.r.c.m.r.MarsRoverRefactored - Commands cannot be null or empty
2025-02-11 08:05:33,937 [ERROR] [main] c.r.c.m.r.MarsRoverRefactored - Obstacle encountered at (0, 0)
2025-02-11 08:05:33,937 [INFO] [main] c.r.c.m.r.MarsRoverRefactored - Obstacle encountered. Stopping further processing of commands
2025-02-11 08:17:49,124 [ERROR] [main] c.r.c.m.r.MarsRoverRefactored - Commands cannot be null or empty
2025-02-11 08:17:49,209 [ERROR] [main] c.r.c.m.r.MarsRoverRefactored - Invalid command
2025-02-11 08:17:49,217 [ERROR] [main] c.r.c.m.r.MarsRoverRefactored - Obstacle encountered at (0, 0)
2025-02-11 08:17:49,229 [ERROR] [main] c.r.c.m.r.MarsRoverRefactored - Commands cannot be null or empty
2025-02-11 08:17:49,256 [ERROR] [main] c.r.c.m.r.MarsRoverRefactored - Obstacle encountered at (0, 0)
2025-02-11 08:17:49,256 [INFO] [main] c.r.c.m.r.MarsRoverRefactored - Obstacle encountered. Stopping further processing of commands
2025-02-11 08:18:31,630 [ERROR] [main] c.r.c.m.r.MarsRoverRefactored - Commands cannot be null or empty
2025-02-11 08:18:31,733 [ERROR] [main] c.r.c.m.r.MarsRoverRefactored - Invalid command
2025-02-11 08:18:31,739 [ERROR] [main] c.r.c.m.r.MarsRoverRefactored - Obstacle encountered at (0, 0)
2025-02-11 08:18:31,755 [ERROR] [main] c.r.c.m.r.MarsRoverRefactored - Commands cannot be null or empty
2025-02-11 08:18:31,778 [ERROR] [main] c.r.c.m.r.MarsRoverRefactored - Obstacle encountered at (0, 0)
2025-02-11 08:18:31,779 [INFO] [main] c.r.c.m.r.MarsRoverRefactored - Obstacle encountered. Stopping further processing of commands
2025-02-11 08:22:50,684 [ERROR] [main] c.r.c.m.r.MarsRoverRefactored - Commands cannot be null or empty
2025-02-11 08:22:50,764 [ERROR] [main] c.r.c.m.r.MarsRoverRefactored - Invalid command
2025-02-11 08:22:50,772 [ERROR] [main] c.r.c.m.r.MarsRoverRefactored - Obstacle encountered at (0, 0)
2025-02-11 08:22:50,789 [ERROR] [main] c.r.c.m.r.MarsRoverRefactored - Commands cannot be null or empty
2025-02-11 08:22:50,812 [ERROR] [main] c.r.c.m.r.MarsRoverRefactored - Obstacle encountered at (0, 0)
2025-02-11 08:22:50,814 [INFO] [main] c.r.c.m.r.MarsRoverRefactored - Obstacle encountered. Stopping further processing of commands
2025-02-11 08:29:52,713 [ERROR] [main] c.r.c.m.r.MarsRoverRefactored - Commands cannot be null or empty
2025-02-11 08:29:52,761 [ERROR] [main] c.r.c.m.r.MarsRoverRefactored - Invalid command
2025-02-11 08:29:52,783 [ERROR] [main] c.r.c.m.r.MarsRoverRefactored - Obstacle encountered at (0, 0)
2025-02-11 08:29:52,812 [ERROR] [main] c.r.c.m.r.MarsRoverRefactored - Commands cannot be null or empty
2025-02-11 08:29:52,830 [ERROR] [main] c.r.c.m.r.MarsRoverRefactored - Obstacle encountered at (0, 0)
2025-02-11 08:29:52,831 [INFO] [main] c.r.c.m.r.MarsRoverRefactored - Obstacle encountered. Stopping further processing of commands
2025-02-11 08:30:13,383 [ERROR] [main] c.r.c.m.r.MarsRoverRefactored - Commands cannot be null or empty
2025-02-11 08:30:13,434 [ERROR] [main] c.r.c.m.r.MarsRoverRefactored - Invalid command
2025-02-11 08:30:13,448 [ERROR] [main] c.r.c.m.r.MarsRoverRefactored - Obstacle encountered at (0, 0)
2025-02-11 08:30:13,462 [ERROR] [main] c.r.c.m.r.MarsRoverRefactored - Commands cannot be null or empty
2025-02-11 08:30:13,490 [ERROR] [main] c.r.c.m.r.MarsRoverRefactored - Obstacle encountered at (0, 0)
2025-02-11 08:30:13,490 [INFO] [main] c.r.c.m.r.MarsRoverRefactored - Obstacle encountered. Stopping further processing of commands
2025-02-11 08:30:53,993 [ERROR] [main] c.r.c.m.r.MarsRoverRefactored - Commands cannot be null or empty
2025-02-11 08:30:54,048 [ERROR] [main] c.r.c.m.r.MarsRoverRefactored - Invalid command
2025-02-11 08:30:54,062 [ERROR] [main] c.r.c.m.r.MarsRoverRefactored - Obstacle encountered at (0, 0)
2025-02-11 08:30:54,074 [ERROR] [main] c.r.c.m.r.MarsRoverRefactored - Commands cannot be null or empty
2025-02-11 08:30:54,087 [ERROR] [main] c.r.c.m.r.MarsRoverRefactored - Obstacle encountered at (0, 0)
2025-02-11 08:30:54,087 [INFO] [main] c.r.c.m.r.MarsRoverRefactored - Obstacle encountered. Stopping further processing of commands
2025-02-11 08:31:19,118 [ERROR] [main] c.r.c.m.r.MarsRoverRefactored - Commands cannot be null or empty
2025-02-11 08:31:19,162 [ERROR] [main] c.r.c.m.r.MarsRoverRefactored - Invalid command
2025-02-11 08:31:19,192 [ERROR] [main] c.r.c.m.r.MarsRoverRefactored - Obstacle encountered at (0, 0)
2025-02-11 08:31:19,204 [ERROR] [main] c.r.c.m.r.MarsRoverRefactored - Commands cannot be null or empty
2025-02-11 08:31:19,220 [ERROR] [main] c.r.c.m.r.MarsRoverRefactored - Obstacle encountered at (0, 0)
2025-02-11 08:31:19,220 [INFO] [main] c.r.c.m.r.MarsRoverRefactored - Obstacle encountered. Stopping further processing of commands
2025-02-11 08:46:49,842 [ERROR] [main] c.r.c.m.r.MarsRoverRefactored - Commands cannot be null or empty
2025-02-11 08:46:49,881 [ERROR] [main] c.r.c.m.r.MarsRoverRefactored - Invalid command
2025-02-11 08:46:49,894 [ERROR] [main] c.r.c.m.r.MarsRoverRefactored - Obstacle encountered at (0, 0)
2025-02-11 08:46:49,908 [ERROR] [main] c.r.c.m.r.MarsRoverRefactored - Commands cannot be null or empty
2025-02-11 08:46:49,919 [ERROR] [main] c.r.c.m.r.MarsRoverRefactored - Obstacle encountered at (0, 0)
2025-02-11 08:46:49,920 [INFO] [main] c.r.c.m.r.MarsRoverRefactored - Obstacle encountered. Stopping further processing of commands
2025-02-11 09:47:00,103 [ERROR] [main] c.r.c.m.r.MarsRoverRefactored - Commands cannot be null or empty
2025-02-11 09:47:00,151 [ERROR] [main] c.r.c.m.r.MarsRoverRefactored - Invalid command
2025-02-11 09:47:00,166 [ERROR] [main] c.r.c.m.r.MarsRoverRefactored - Obstacle encountered at (0, 0)
2025-02-11 09:47:00,188 [ERROR] [main] c.r.c.m.r.MarsRoverRefactored - Commands cannot be null or empty
2025-02-11 09:47:00,206 [ERROR] [main] c.r.c.m.r.MarsRoverRefactored - Obstacle encountered at (0, 0)
2025-02-11 09:47:00,207 [INFO] [main] c.r.c.m.r.MarsRoverRefactored - Obstacle encountered. Stopping further processing of commands
2025-02-11 12:20:18,137 [ERROR] [main] c.r.c.m.r.MarsRoverRefactored - Commands cannot be null or empty
2025-02-11 12:20:18,196 [ERROR] [main] c.r.c.m.r.MarsRoverRefactored - Invalid command
2025-02-11 12:20:18,213 [ERROR] [main] c.r.c.m.r.MarsRoverRefactored - Obstacle encountered at (0, 0)
2025-02-11 12:20:18,235 [ERROR] [main] c.r.c.m.r.MarsRoverRefactored - Commands cannot be null or empty
2025-02-11 12:20:18,254 [ERROR] [main] c.r.c.m.r.MarsRoverRefactored - Obstacle encountered at (0, 0)
2025-02-11 12:20:18,255 [INFO] [main] c.r.c.m.r.MarsRoverRefactored - Obstacle encountered. Stopping further processing of commands
2025-02-11 12:39:40,856 [ERROR] [main] c.r.c.m.r.MarsRoverRefactored - Commands cannot be null or empty
2025-02-11 12:39:40,900 [ERROR] [main] c.r.c.m.r.MarsRoverRefactored - Invalid command
2025-02-11 12:39:40,910 [ERROR] [main] c.r.c.m.r.MarsRoverRefactored - Obstacle encountered at (0, 0)
2025-02-11 12:39:40,921 [ERROR] [main] c.r.c.m.r.MarsRoverRefactored - Commands cannot be null or empty
2025-02-11 12:39:40,933 [ERROR] [main] c.r.c.m.r.MarsRoverRefactored - Obstacle encountered at (0, 0)
2025-02-11 12:39:40,933 [INFO] [main] c.r.c.m.r.MarsRoverRefactored - Obstacle encountered. Stopping further processing of commands
2025-02-11 12:46:46,918 [ERROR] [main] c.r.c.m.r.MarsRoverRefactored - Commands cannot be null or empty
2025-02-11 12:46:46,990 [ERROR] [main] c.r.c.m.r.MarsRoverRefactored - Invalid command
2025-02-11 12:46:46,990 [ERROR] [main] c.r.c.m.r.MarsRoverRefactored - Invalid command encountered. Stopping further processing of commands
2025-02-11 12:46:47,021 [ERROR] [main] c.r.c.m.r.MarsRoverRefactored - Obstacle encountered at (0, 0)
2025-02-11 12:46:47,027 [ERROR] [main] c.r.c.m.r.MarsRoverRefactored - Commands cannot be null or empty
2025-02-11 12:46:47,040 [ERROR] [main] c.r.c.m.r.MarsRoverRefactored - Obstacle encountered at (0, 0)
2025-02-11 12:46:47,041 [INFO] [main] c.r.c.m.r.MarsRoverRefactored - Obstacle encountered. Stopping further processing of commands
2025-02-11 12:50:48,223 [ERROR] [main] c.r.c.m.r.MarsRoverRefactored - Commands cannot be null or empty
2025-02-11 12:50:48,303 [ERROR] [main] c.r.c.m.r.MarsRoverRefactored - Invalid command 'X' encountered. Stopping further processing of commands.
2025-02-11 12:50:48,330 [ERROR] [main] c.r.c.m.r.MarsRoverRefactored - Obstacle encountered at (0, 0). Stopping further processing of commands.
2025-02-11 12:50:48,338 [ERROR] [main] c.r.c.m.r.MarsRoverRefactored - Commands cannot be null or empty
2025-02-11 12:50:48,352 [ERROR] [main] c.r.c.m.r.MarsRoverRefactored - Obstacle encountered at (0, 0). Stopping further processing of commands.
2025-02-11 12:52:26,631 [ERROR] [main] c.r.c.m.r.MarsRoverRefactored - Commands cannot be null or empty
2025-02-11 12:52:26,710 [ERROR] [main] c.r.c.m.r.MarsRoverRefactored - Obstacle encountered at (0, 0). Stopping further processing of commands.
2025-02-11 12:52:26,717 [ERROR] [main] c.r.c.m.r.MarsRoverRefactored - Commands cannot be null or empty
2025-02-11 12:52:26,733 [ERROR] [main] c.r.c.m.r.MarsRoverRefactored - Obstacle encountered at (0, 0). Stopping further processing of commands.
2025-02-11 12:52:46,527 [ERROR] [main] c.r.c.m.r.MarsRoverRefactored - Commands cannot be null or empty
2025-02-11 12:52:46,624 [ERROR] [main] c.r.c.m.r.MarsRoverRefactored - Obstacle encountered at (0, 0). Stopping further processing of commands.
2025-02-11 12:52:46,639 [ERROR] [main] c.r.c.m.r.MarsRoverRefactored - Commands cannot be null or empty
2025-02-11 12:52:46,656 [ERROR] [main] c.r.c.m.r.MarsRoverRefactored - Obstacle encountered at (0, 0). Stopping further processing of commands.
2025-02-11 12:59:05,823 [ERROR] [main] c.r.c.m.r.MarsRoverRefactored - Commands cannot be null or empty
2025-02-11 12:59:05,924 [ERROR] [main] c.r.c.m.r.MarsRoverRefactored - Obstacle encountered at (0, 0). Stopping further processing of commands.
2025-02-11 12:59:05,934 [ERROR] [main] c.r.c.m.r.MarsRoverRefactored - Commands cannot be null or empty
2025-02-11 12:59:05,952 [ERROR] [main] c.r.c.m.r.MarsRoverRefactored - Obstacle encountered at (0, 0). Stopping further processing of commands.
2025-02-11 12:59:21,092 [ERROR] [main] c.r.c.m.r.MarsRoverRefactored - Commands cannot be null or empty
2025-02-11 12:59:21,182 [ERROR] [main] c.r.c.m.r.MarsRoverRefactored - Obstacle encountered at (0, 0). Stopping further processing of commands.
2025-02-11 12:59:21,192 [ERROR] [main] c.r.c.m.r.MarsRoverRefactored - Commands cannot be null or empty
2025-02-11 12:59:21,208 [ERROR] [main] c.r.c.m.r.MarsRoverRefactored - Obstacle encountered at (0, 0). Stopping further processing of commands.
2025-02-11 12:59:53,660 [ERROR] [main] c.r.c.m.r.MarsRoverRefactored - Commands cannot be null or empty
2025-02-11 12:59:53,727 [ERROR] [main] c.r.c.m.r.MarsRoverRefactored - Obstacle encountered at (0, 0). Stopping further processing of commands.
2025-02-11 12:59:53,739 [ERROR] [main] c.r.c.m.r.MarsRoverRefactored - Commands cannot be null or empty
2025-02-11 12:59:53,753 [ERROR] [main] c.r.c.m.r.MarsRoverRefactored - Obstacle encountered at (0, 0). Stopping further processing of commands.
2025-02-11 15:27:06,666 [ERROR] [main] c.r.c.m.r.MarsRoverRefactored - Commands cannot be null or empty
2025-02-11 15:27:06,734 [ERROR] [main] c.r.c.m.r.MarsRoverRefactored - Obstacle encountered at (0, 0). Stopping further processing of commands.
2025-02-11 15:27:06,745 [ERROR] [main] c.r.c.m.r.MarsRoverRefactored - Commands cannot be null or empty
2025-02-11 15:27:06,758 [ERROR] [main] c.r.c.m.r.MarsRoverRefactored - Obstacle encountered at (0, 0). Stopping further processing of commands.
2025-02-11 15:46:05,093 [ERROR] [main] c.r.c.m.r.MarsRoverRefactored - Commands cannot be null or empty
2025-02-11 15:46:05,160 [ERROR] [main] c.r.c.m.r.MarsRoverRefactored - Commands cannot be null or empty
2025-02-11 15:46:15,748 [ERROR] [main] c.r.c.m.r.MarsRoverRefactored - Obstacle encountered at (0, 0). Stopping further processing of commands.
2025-02-11 15:52:02,344 [ERROR] [main] c.r.c.m.r.MarsRoverRefactored - Obstacle encountered at (0, 0). Stopping further processing of commands.
2025-02-11 15:52:02,364 [ERROR] [main] c.r.c.m.r.MarsRoverRefactored - Obstacle encountered at (0, 0). Stopping further processing of commands.
2025-02-11 16:00:34,142 [ERROR] [main] c.r.c.m.r.MarsRoverRefactored - Obstacle encountered at (0, 0). Stopping further processing of commands.
2025-02-11 16:02:27,278 [ERROR] [main] c.r.c.m.r.MarsRoverRefactored - Obstacle encountered at (0, 0). Stopping further processing of commands.
2025-02-11 16:02:51,054 [ERROR] [main] c.r.c.m.r.MarsRoverRefactored - Commands cannot be null or empty
2025-02-11 16:02:51,102 [ERROR] [main] c.r.c.m.r.MarsRoverRefactored - Commands cannot be null or empty
2025-02-11 16:03:00,347 [ERROR] [main] c.r.c.m.r.MarsRoverRefactored - Obstacle encountered at (0, 0). Stopping further processing of commands.
2025-02-11 16:03:00,397 [ERROR] [main] c.r.c.m.r.MarsRoverRefactored - Obstacle encountered at (0, 0). Stopping further processing of commands.
2025-02-11 16:03:00,413 [ERROR] [main] c.r.c.m.r.MarsRoverRefactored - Obstacle encountered at (0, 0). Stopping further processing of commands.
2025-02-11 16:03:00,417 [ERROR] [main] c.r.c.m.r.MarsRoverRefactored - Obstacle encountered at (0, 0). Stopping further processing of commands.
2025-02-11 16:03:30,095 [ERROR] [main] c.r.c.m.r.MarsRoverRefactored - Obstacle encountered at (0, 0). Stopping further processing of commands.
2025-02-11 16:03:30,164 [ERROR] [main] c.r.c.m.r.MarsRoverRefactored - Obstacle encountered at (0, 0). Stopping further processing of commands.
2025-02-11 16:03:30,188 [ERROR] [main] c.r.c.m.r.MarsRoverRefactored - Obstacle encountered at (0, 0). Stopping further processing of commands.
2025-02-11 16:03:30,197 [ERROR] [main] c.r.c.m.r.MarsRoverRefactored - Obstacle encountered at (0, 0). Stopping further processing of commands.
2025-02-11 16:03:49,325 [ERROR] [main] c.r.c.m.r.MarsRoverRefactored - Obstacle encountered at (0, 0). Stopping further processing of commands.
2025-02-11 16:03:49,390 [ERROR] [main] c.r.c.m.r.MarsRoverRefactored - Obstacle encountered at (0, 0). Stopping further processing of commands.
2025-02-11 16:03:49,403 [ERROR] [main] c.r.c.m.r.MarsRoverRefactored - Obstacle encountered at (0, 0). Stopping further processing of commands.
2025-02-11 16:03:49,411 [ERROR] [main] c.r.c.m.r.MarsRoverRefactored - Obstacle encountered at (0, 0). Stopping further processing of commands.
2025-02-11 16:45:18,674 [ERROR] [main] c.r.c.m.r.MarsRoverRefactored - Obstacle encountered at (0, 0). Stopping further processing of commands.
2025-02-11 16:45:18,771 [ERROR] [main] c.r.c.m.r.MarsRoverRefactored - Obstacle encountered at (0, 0). Stopping further processing of commands.
2025-02-11 16:45:18,780 [ERROR] [main] c.r.c.m.r.MarsRoverRefactored - Obstacle encountered at (0, 0). Stopping further processing of commands.
2025-02-11 16:45:18,785 [ERROR] [main] c.r.c.m.r.MarsRoverRefactored - Obstacle encountered at (0, 0). Stopping further processing of commands.
2025-02-11 16:45:18,828 [ERROR] [main] c.r.c.m.r.MarsRoverRefactored - Obstacle encountered at (0, 0). Stopping further processing of commands.
2025-02-11 16:45:18,842 [ERROR] [main] c.r.c.m.r.MarsRoverRefactored - Obstacle encountered at (0, 0). Stopping further processing of commands.
2025-02-11 16:45:18,851 [ERROR] [main] c.r.c.m.r.MarsRoverRefactored - Obstacle encountered at (0, 0). Stopping further processing of commands.
2025-02-11 16:45:18,853 [ERROR] [main] c.r.c.m.r.MarsRoverRefactored - Obstacle encountered at (0, 0). Stopping further processing of commands.
2025-02-11 16:45:18,869 [ERROR] [main] c.r.c.m.r.MarsRoverRefactored - Commands cannot be null or empty
2025-02-11 16:45:18,888 [ERROR] [main] c.r.c.m.r.MarsRoverRefactored - Commands cannot be null or empty
2025-02-11 16:51:56,003 [ERROR] [main] c.r.c.m.r.MarsRoverRefactored - Obstacle encountered at (0, 0). Stopping further processing of commands.
2025-02-11 16:51:56,088 [ERROR] [main] c.r.c.m.r.MarsRoverRefactored - Obstacle encountered at (0, 0). Stopping further processing of commands.
2025-02-11 16:51:56,097 [ERROR] [main] c.r.c.m.r.MarsRoverRefactored - Obstacle encountered at (0, 0). Stopping further processing of commands.
2025-02-11 16:51:56,105 [ERROR] [main] c.r.c.m.r.MarsRoverRefactored - Obstacle encountered at (0, 0). Stopping further processing of commands.
2025-02-11 16:51:56,131 [ERROR] [main] c.r.c.m.r.MarsRoverRefactored - Obstacle encountered at (0, 0). Stopping further processing of commands.
2025-02-11 16:51:56,148 [ERROR] [main] c.r.c.m.r.MarsRoverRefactored - Obstacle encountered at (0, 0). Stopping further processing of commands.
2025-02-11 16:51:56,154 [ERROR] [main] c.r.c.m.r.MarsRoverRefactored - Obstacle encountered at (0, 0). Stopping further processing of commands.
2025-02-11 16:51:56,155 [ERROR] [main] c.r.c.m.r.MarsRoverRefactored - Obstacle encountered at (0, 0). Stopping further processing of commands.
2025-02-11 16:51:56,192 [ERROR] [main] c.r.c.m.r.MarsRoverRefactored - Commands cannot be null or empty
2025-02-11 16:51:56,211 [ERROR] [main] c.r.c.m.r.MarsRoverRefactored - Commands cannot be null or empty
2025-02-11 16:53:44,134 [ERROR] [main] c.r.c.m.r.MarsRoverRefactored - Obstacle encountered at (0, 0). Stopping further processing of commands.
2025-02-11 16:53:44,242 [ERROR] [main] c.r.c.m.r.MarsRoverRefactored - Obstacle encountered at (0, 0). Stopping further processing of commands.
2025-02-11 16:53:44,254 [ERROR] [main] c.r.c.m.r.MarsRoverRefactored - Obstacle encountered at (0, 0). Stopping further processing of commands.
2025-02-11 16:53:44,257 [ERROR] [main] c.r.c.m.r.MarsRoverRefactored - Obstacle encountered at (0, 0). Stopping further processing of commands.
2025-02-11 16:53:44,286 [ERROR] [main] c.r.c.m.r.MarsRoverRefactored - Obstacle encountered at (0, 0). Stopping further processing of commands.
2025-02-11 16:53:44,300 [ERROR] [main] c.r.c.m.r.MarsRoverRefactored - Obstacle encountered at (0, 0). Stopping further processing of commands.
2025-02-11 16:53:44,310 [ERROR] [main] c.r.c.m.r.MarsRoverRefactored - Obstacle encountered at (0, 0). Stopping further processing of commands.
2025-02-11 16:53:44,322 [ERROR] [main] c.r.c.m.r.MarsRoverRefactored - Obstacle encountered at (0, 0). Stopping further processing of commands.
2025-02-11 16:53:44,369 [ERROR] [main] c.r.c.m.r.MarsRoverRefactored - Commands cannot be null or empty
2025-02-11 16:53:44,381 [ERROR] [main] c.r.c.m.r.MarsRoverRefactored - Commands cannot be null or empty
2025-02-11 16:54:04,193 [ERROR] [main] c.r.c.m.r.MarsRoverRefactored - Obstacle encountered at (0, 0). Stopping further processing of commands.
2025-02-11 16:54:04,244 [ERROR] [main] c.r.c.m.r.MarsRoverRefactored - Obstacle encountered at (0, 0). Stopping further processing of commands.
2025-02-11 16:54:04,254 [ERROR] [main] c.r.c.m.r.MarsRoverRefactored - Obstacle encountered at (0, 0). Stopping further processing of commands.
2025-02-11 16:54:04,261 [ERROR] [main] c.r.c.m.r.MarsRoverRefactored - Obstacle encountered at (0, 0). Stopping further processing of commands.
2025-02-11 16:54:04,282 [ERROR] [main] c.r.c.m.r.MarsRoverRefactored - Obstacle encountered at (0, 0). Stopping further processing of commands.
2025-02-11 16:54:04,288 [ERROR] [main] c.r.c.m.r.MarsRoverRefactored - Obstacle encountered at (0, 0). Stopping further processing of commands.
2025-02-11 16:54:04,293 [ERROR] [main] c.r.c.m.r.MarsRoverRefactored - Obstacle encountered at (0, 0). Stopping further processing of commands.
2025-02-11 16:54:04,294 [ERROR] [main] c.r.c.m.r.MarsRoverRefactored - Obstacle encountered at (0, 0). Stopping further processing of commands.
2025-02-11 16:54:04,312 [ERROR] [main] c.r.c.m.r.MarsRoverRefactored - Commands cannot be null or empty
2025-02-11 16:54:04,324 [ERROR] [main] c.r.c.m.r.MarsRoverRefactored - Commands cannot be null or empty
2025-02-11 17:21:15,355 [ERROR] [main] c.r.c.m.r.MarsRoverRefactored - Obstacle encountered at (0, 0). Stopping further processing of commands.
2025-02-11 17:21:15,413 [ERROR] [main] c.r.c.m.r.MarsRoverRefactored - Obstacle encountered at (0, 0). Stopping further processing of commands.
2025-02-11 17:21:15,423 [ERROR] [main] c.r.c.m.r.MarsRoverRefactored - Obstacle encountered at (0, 0). Stopping further processing of commands.
2025-02-11 17:21:15,427 [ERROR] [main] c.r.c.m.r.MarsRoverRefactored - Obstacle encountered at (0, 0). Stopping further processing of commands.
2025-02-11 17:21:15,453 [ERROR] [main] c.r.c.m.r.MarsRoverRefactored - Obstacle encountered at (0, 0). Stopping further processing of commands.
2025-02-11 17:21:15,460 [ERROR] [main] c.r.c.m.r.MarsRoverRefactored - Obstacle encountered at (0, 0). Stopping further processing of commands.
2025-02-11 17:21:15,464 [ERROR] [main] c.r.c.m.r.MarsRoverRefactored - Obstacle encountered at (0, 0). Stopping further processing of commands.
2025-02-11 17:21:15,465 [ERROR] [main] c.r.c.m.r.MarsRoverRefactored - Obstacle encountered at (0, 0). Stopping further processing of commands.
2025-02-11 17:21:15,491 [ERROR] [main] c.r.c.m.r.MarsRoverRefactored - Commands cannot be null or empty
2025-02-11 17:21:15,511 [ERROR] [main] c.r.c.m.r.MarsRoverRefactored - Commands cannot be null or empty
2025-02-11 17:21:39,614 [ERROR] [main] c.r.c.m.r.MarsRoverRefactored - Obstacle encountered at (0, 0). Stopping further processing of commands.
2025-02-11 17:21:39,682 [ERROR] [main] c.r.c.m.r.MarsRoverRefactored - Obstacle encountered at (0, 0). Stopping further processing of commands.
2025-02-11 17:21:39,700 [ERROR] [main] c.r.c.m.r.MarsRoverRefactored - Obstacle encountered at (0, 0). Stopping further processing of commands.
2025-02-11 17:21:39,711 [ERROR] [main] c.r.c.m.r.MarsRoverRefactored - Obstacle encountered at (0, 0). Stopping further processing of commands.
2025-02-11 17:21:39,731 [ERROR] [main] c.r.c.m.r.MarsRoverRefactored - Obstacle encountered at (0, 0). Stopping further processing of commands.
2025-02-11 17:21:39,739 [ERROR] [main] c.r.c.m.r.MarsRoverRefactored - Obstacle encountered at (0, 0). Stopping further processing of commands.
2025-02-11 17:21:39,744 [ERROR] [main] c.r.c.m.r.MarsRoverRefactored - Obstacle encountered at (0, 0). Stopping further processing of commands.
2025-02-11 17:21:39,747 [ERROR] [main] c.r.c.m.r.MarsRoverRefactored - Obstacle encountered at (0, 0). Stopping further processing of commands.
2025-02-11 17:21:39,766 [ERROR] [main] c.r.c.m.r.MarsRoverRefactored - Commands cannot be null or empty
2025-02-11 17:21:39,777 [ERROR] [main] c.r.c.m.r.MarsRoverRefactored - Commands cannot be null or empty
2025-02-11 18:10:57,894 [ERROR] [main] c.r.c.m.r.MarsRoverRefactored - Obstacle encountered at (0, 0). Stopping further processing of commands.
2025-02-11 18:10:57,953 [ERROR] [main] c.r.c.m.r.MarsRoverRefactored - Obstacle encountered at (0, 0). Stopping further processing of commands.
2025-02-11 18:10:57,972 [ERROR] [main] c.r.c.m.r.MarsRoverRefactored - Obstacle encountered at (0, 0). Stopping further processing of commands.
2025-02-11 18:10:57,977 [ERROR] [main] c.r.c.m.r.MarsRoverRefactored - Obstacle encountered at (0, 0). Stopping further processing of commands.
2025-02-11 18:10:58,004 [ERROR] [main] c.r.c.m.r.MarsRoverRefactored - Obstacle encountered at (0, 0). Stopping further processing of commands.
2025-02-11 18:10:58,011 [ERROR] [main] c.r.c.m.r.MarsRoverRefactored - Obstacle encountered at (0, 0). Stopping further processing of commands.
2025-02-11 18:10:58,016 [ERROR] [main] c.r.c.m.r.MarsRoverRefactored - Obstacle encountered at (0, 0). Stopping further processing of commands.
2025-02-11 18:10:58,018 [ERROR] [main] c.r.c.m.r.MarsRoverRefactored - Obstacle encountered at (0, 0). Stopping further processing of commands.
2025-02-11 18:10:58,041 [ERROR] [main] c.r.c.m.r.MarsRoverRefactored - Commands cannot be null or empty
2025-02-11 18:10:58,045 [ERROR] [main] c.r.c.m.r.f.CommandFactory - Invalid command: X
2025-02-11 18:10:58,054 [ERROR] [main] c.r.c.m.r.MarsRoverRefactored - Commands cannot be null or empty
2025-02-11 18:35:05,800 [ERROR] [main] c.r.c.m.r.MarsRoverRefactored - Obstacle encountered at (0, 0). Stopping further processing of commands.
2025-02-11 18:35:05,875 [ERROR] [main] c.r.c.m.r.MarsRoverRefactored - Obstacle encountered at (0, 0). Stopping further processing of commands.
2025-02-11 18:35:05,891 [ERROR] [main] c.r.c.m.r.MarsRoverRefactored - Obstacle encountered at (0, 0). Stopping further processing of commands.
2025-02-11 18:35:05,895 [ERROR] [main] c.r.c.m.r.MarsRoverRefactored - Obstacle encountered at (0, 0). Stopping further processing of commands.
2025-02-11 18:35:05,919 [ERROR] [main] c.r.c.m.r.MarsRoverRefactored - Obstacle encountered at (0, 0). Stopping further processing of commands.
2025-02-11 18:35:05,926 [ERROR] [main] c.r.c.m.r.MarsRoverRefactored - Obstacle encountered at (0, 0). Stopping further processing of commands.
2025-02-11 18:35:05,933 [ERROR] [main] c.r.c.m.r.MarsRoverRefactored - Obstacle encountered at (0, 0). Stopping further processing of commands.
2025-02-11 18:35:05,935 [ERROR] [main] c.r.c.m.r.MarsRoverRefactored - Obstacle encountered at (0, 0). Stopping further processing of commands.
2025-02-11 18:35:05,952 [ERROR] [main] c.r.c.m.r.MarsRoverRefactored - Commands cannot be null or empty
2025-02-11 18:35:05,956 [ERROR] [main] c.r.c.m.r.f.CommandFactory - Invalid command: X
2025-02-11 18:35:05,964 [ERROR] [main] c.r.c.m.r.MarsRoverRefactored - Commands cannot be null or empty
2025-03-02 09:59:00,622 [INFO] [main] c.r.c.o.s.DefaultOrderService - Placing order for customer: John Doe
2025-03-02 09:59:00,657 [ERROR] [main] c.r.c.o.s.DefaultOrderService - Unexpected error occurred while placing order: Payment failed.
com.raju.codekatas.orderingsystem.exception.PaymentProcessingException: Payment failed.
	at com.raju.codekatas.orderingsystem.service.DefaultOrderService.placeOrder(DefaultOrderService.java:60)
	at com.raju.codekatas.orderingsystem.DefaultOrderServiceTest.lambda$testPlaceOrder_PaymentProcessingFailure$1(DefaultOrderServiceTest.java:141)
	at org.junit.jupiter.api.AssertThrows.assertThrows(AssertThrows.java:55)
	at org.junit.jupiter.api.AssertThrows.assertThrows(AssertThrows.java:37)
	at org.junit.jupiter.api.Assertions.assertThrows(Assertions.java:3007)
	at com.raju.codekatas.orderingsystem.DefaultOrderServiceTest.testPlaceOrder_PaymentProcessingFailure(DefaultOrderServiceTest.java:140)
	at java.base/jdk.internal.reflect.NativeMethodAccessorImpl.invoke0(Native Method)
	at java.base/jdk.internal.reflect.NativeMethodAccessorImpl.invoke(NativeMethodAccessorImpl.java:77)
	at java.base/jdk.internal.reflect.DelegatingMethodAccessorImpl.invoke(DelegatingMethodAccessorImpl.java:43)
	at java.base/java.lang.reflect.Method.invoke(Method.java:568)
	at org.junit.platform.commons.util.ReflectionUtils.invokeMethod(ReflectionUtils.java:688)
	at org.junit.jupiter.engine.execution.MethodInvocation.proceed(MethodInvocation.java:60)
	at org.junit.jupiter.engine.execution.InvocationInterceptorChain$ValidatingInvocation.proceed(InvocationInterceptorChain.java:131)
	at org.junit.jupiter.engine.extension.TimeoutExtension.intercept(TimeoutExtension.java:149)
	at org.junit.jupiter.engine.extension.TimeoutExtension.interceptTestableMethod(TimeoutExtension.java:140)
	at org.junit.jupiter.engine.extension.TimeoutExtension.interceptTestMethod(TimeoutExtension.java:84)
	at org.junit.jupiter.engine.execution.ExecutableInvoker$ReflectiveInterceptorCall.lambda$ofVoidMethod$0(ExecutableInvoker.java:115)
	at org.junit.jupiter.engine.execution.ExecutableInvoker.lambda$invoke$0(ExecutableInvoker.java:105)
	at org.junit.jupiter.engine.execution.InvocationInterceptorChain$InterceptedInvocation.proceed(InvocationInterceptorChain.java:106)
	at org.junit.jupiter.engine.execution.InvocationInterceptorChain.proceed(InvocationInterceptorChain.java:64)
	at org.junit.jupiter.engine.execution.InvocationInterceptorChain.chainAndInvoke(InvocationInterceptorChain.java:45)
	at org.junit.jupiter.engine.execution.InvocationInterceptorChain.invoke(InvocationInterceptorChain.java:37)
	at org.junit.jupiter.engine.execution.ExecutableInvoker.invoke(ExecutableInvoker.java:104)
	at org.junit.jupiter.engine.execution.ExecutableInvoker.invoke(ExecutableInvoker.java:98)
	at org.junit.jupiter.engine.descriptor.TestMethodTestDescriptor.lambda$invokeTestMethod$6(TestMethodTestDescriptor.java:210)
	at org.junit.platform.engine.support.hierarchical.ThrowableCollector.execute(ThrowableCollector.java:73)
	at org.junit.jupiter.engine.descriptor.TestMethodTestDescriptor.invokeTestMethod(TestMethodTestDescriptor.java:206)
	at org.junit.jupiter.engine.descriptor.TestMethodTestDescriptor.execute(TestMethodTestDescriptor.java:131)
	at org.junit.jupiter.engine.descriptor.TestMethodTestDescriptor.execute(TestMethodTestDescriptor.java:65)
	at org.junit.platform.engine.support.hierarchical.NodeTestTask.lambda$executeRecursively$5(NodeTestTask.java:139)
	at org.junit.platform.engine.support.hierarchical.ThrowableCollector.execute(ThrowableCollector.java:73)
	at org.junit.platform.engine.support.hierarchical.NodeTestTask.lambda$executeRecursively$7(NodeTestTask.java:129)
	at org.junit.platform.engine.support.hierarchical.Node.around(Node.java:137)
	at org.junit.platform.engine.support.hierarchical.NodeTestTask.lambda$executeRecursively$8(NodeTestTask.java:127)
	at org.junit.platform.engine.support.hierarchical.ThrowableCollector.execute(ThrowableCollector.java:73)
	at org.junit.platform.engine.support.hierarchical.NodeTestTask.executeRecursively(NodeTestTask.java:126)
	at org.junit.platform.engine.support.hierarchical.NodeTestTask.execute(NodeTestTask.java:84)
	at java.base/java.util.ArrayList.forEach(ArrayList.java:1511)
	at org.junit.platform.engine.support.hierarchical.SameThreadHierarchicalTestExecutorService.invokeAll(SameThreadHierarchicalTestExecutorService.java:38)
	at org.junit.platform.engine.support.hierarchical.NodeTestTask.lambda$executeRecursively$5(NodeTestTask.java:143)
	at org.junit.platform.engine.support.hierarchical.ThrowableCollector.execute(ThrowableCollector.java:73)
	at org.junit.platform.engine.support.hierarchical.NodeTestTask.lambda$executeRecursively$7(NodeTestTask.java:129)
	at org.junit.platform.engine.support.hierarchical.Node.around(Node.java:137)
	at org.junit.platform.engine.support.hierarchical.NodeTestTask.lambda$executeRecursively$8(NodeTestTask.java:127)
	at org.junit.platform.engine.support.hierarchical.ThrowableCollector.execute(ThrowableCollector.java:73)
	at org.junit.platform.engine.support.hierarchical.NodeTestTask.executeRecursively(NodeTestTask.java:126)
	at org.junit.platform.engine.support.hierarchical.NodeTestTask.execute(NodeTestTask.java:84)
	at java.base/java.util.ArrayList.forEach(ArrayList.java:1511)
	at org.junit.platform.engine.support.hierarchical.SameThreadHierarchicalTestExecutorService.invokeAll(SameThreadHierarchicalTestExecutorService.java:38)
	at org.junit.platform.engine.support.hierarchical.NodeTestTask.lambda$executeRecursively$5(NodeTestTask.java:143)
	at org.junit.platform.engine.support.hierarchical.ThrowableCollector.execute(ThrowableCollector.java:73)
	at org.junit.platform.engine.support.hierarchical.NodeTestTask.lambda$executeRecursively$7(NodeTestTask.java:129)
	at org.junit.platform.engine.support.hierarchical.Node.around(Node.java:137)
	at org.junit.platform.engine.support.hierarchical.NodeTestTask.lambda$executeRecursively$8(NodeTestTask.java:127)
	at org.junit.platform.engine.support.hierarchical.ThrowableCollector.execute(ThrowableCollector.java:73)
	at org.junit.platform.engine.support.hierarchical.NodeTestTask.executeRecursively(NodeTestTask.java:126)
	at org.junit.platform.engine.support.hierarchical.NodeTestTask.execute(NodeTestTask.java:84)
	at org.junit.platform.engine.support.hierarchical.SameThreadHierarchicalTestExecutorService.submit(SameThreadHierarchicalTestExecutorService.java:32)
	at org.junit.platform.engine.support.hierarchical.HierarchicalTestExecutor.execute(HierarchicalTestExecutor.java:57)
	at org.junit.platform.engine.support.hierarchical.HierarchicalTestEngine.execute(HierarchicalTestEngine.java:51)
	at org.junit.platform.launcher.core.EngineExecutionOrchestrator.execute(EngineExecutionOrchestrator.java:108)
	at org.junit.platform.launcher.core.EngineExecutionOrchestrator.execute(EngineExecutionOrchestrator.java:88)
	at org.junit.platform.launcher.core.EngineExecutionOrchestrator.lambda$execute$0(EngineExecutionOrchestrator.java:54)
	at org.junit.platform.launcher.core.EngineExecutionOrchestrator.withInterceptedStreams(EngineExecutionOrchestrator.java:67)
	at org.junit.platform.launcher.core.EngineExecutionOrchestrator.execute(EngineExecutionOrchestrator.java:52)
	at org.junit.platform.launcher.core.DefaultLauncher.execute(DefaultLauncher.java:96)
	at org.junit.platform.launcher.core.DefaultLauncher.execute(DefaultLauncher.java:75)
	at com.intellij.junit5.JUnit5IdeaTestRunner.startRunnerWithArgs(JUnit5IdeaTestRunner.java:57)
	at com.intellij.rt.junit.IdeaTestRunner$Repeater$1.execute(IdeaTestRunner.java:38)
	at com.intellij.rt.execution.junit.TestsRepeater.repeat(TestsRepeater.java:11)
	at com.intellij.rt.junit.IdeaTestRunner$Repeater.startRunnerWithArgs(IdeaTestRunner.java:35)
	at com.intellij.rt.junit.JUnitStarter.prepareStreamsAndStart(JUnitStarter.java:232)
	at com.intellij.rt.junit.JUnitStarter.main(JUnitStarter.java:55)
2025-03-02 09:59:00,686 [INFO] [main] c.r.c.o.s.DefaultOrderService - Placing order for customer: John Doe
2025-03-02 09:59:00,687 [ERROR] [main] c.r.c.o.s.DefaultOrderService - Order processing failed: Split payment amounts do not match the order total.
2025-03-02 09:59:00,704 [INFO] [main] c.r.c.o.s.DefaultOrderService - Placing order for customer: John Doe
2025-03-02 09:59:00,706 [ERROR] [main] c.r.c.o.s.DefaultOrderService - Unexpected error occurred while placing order: Unexpected error
java.lang.RuntimeException: Unexpected error
	at com.raju.codekatas.orderingsystem.service.DefaultOrderService.placeOrder(DefaultOrderService.java:60)
	at com.raju.codekatas.orderingsystem.DefaultOrderServiceTest.lambda$testPlaceOrder_UnexpectedException$2(DefaultOrderServiceTest.java:161)
	at org.junit.jupiter.api.AssertThrows.assertThrows(AssertThrows.java:55)
	at org.junit.jupiter.api.AssertThrows.assertThrows(AssertThrows.java:37)
	at org.junit.jupiter.api.Assertions.assertThrows(Assertions.java:3007)
	at com.raju.codekatas.orderingsystem.DefaultOrderServiceTest.testPlaceOrder_UnexpectedException(DefaultOrderServiceTest.java:160)
	at java.base/jdk.internal.reflect.NativeMethodAccessorImpl.invoke0(Native Method)
	at java.base/jdk.internal.reflect.NativeMethodAccessorImpl.invoke(NativeMethodAccessorImpl.java:77)
	at java.base/jdk.internal.reflect.DelegatingMethodAccessorImpl.invoke(DelegatingMethodAccessorImpl.java:43)
	at java.base/java.lang.reflect.Method.invoke(Method.java:568)
	at org.junit.platform.commons.util.ReflectionUtils.invokeMethod(ReflectionUtils.java:688)
	at org.junit.jupiter.engine.execution.MethodInvocation.proceed(MethodInvocation.java:60)
	at org.junit.jupiter.engine.execution.InvocationInterceptorChain$ValidatingInvocation.proceed(InvocationInterceptorChain.java:131)
	at org.junit.jupiter.engine.extension.TimeoutExtension.intercept(TimeoutExtension.java:149)
	at org.junit.jupiter.engine.extension.TimeoutExtension.interceptTestableMethod(TimeoutExtension.java:140)
	at org.junit.jupiter.engine.extension.TimeoutExtension.interceptTestMethod(TimeoutExtension.java:84)
	at org.junit.jupiter.engine.execution.ExecutableInvoker$ReflectiveInterceptorCall.lambda$ofVoidMethod$0(ExecutableInvoker.java:115)
	at org.junit.jupiter.engine.execution.ExecutableInvoker.lambda$invoke$0(ExecutableInvoker.java:105)
	at org.junit.jupiter.engine.execution.InvocationInterceptorChain$InterceptedInvocation.proceed(InvocationInterceptorChain.java:106)
	at org.junit.jupiter.engine.execution.InvocationInterceptorChain.proceed(InvocationInterceptorChain.java:64)
	at org.junit.jupiter.engine.execution.InvocationInterceptorChain.chainAndInvoke(InvocationInterceptorChain.java:45)
	at org.junit.jupiter.engine.execution.InvocationInterceptorChain.invoke(InvocationInterceptorChain.java:37)
	at org.junit.jupiter.engine.execution.ExecutableInvoker.invoke(ExecutableInvoker.java:104)
	at org.junit.jupiter.engine.execution.ExecutableInvoker.invoke(ExecutableInvoker.java:98)
	at org.junit.jupiter.engine.descriptor.TestMethodTestDescriptor.lambda$invokeTestMethod$6(TestMethodTestDescriptor.java:210)
	at org.junit.platform.engine.support.hierarchical.ThrowableCollector.execute(ThrowableCollector.java:73)
	at org.junit.jupiter.engine.descriptor.TestMethodTestDescriptor.invokeTestMethod(TestMethodTestDescriptor.java:206)
	at org.junit.jupiter.engine.descriptor.TestMethodTestDescriptor.execute(TestMethodTestDescriptor.java:131)
	at org.junit.jupiter.engine.descriptor.TestMethodTestDescriptor.execute(TestMethodTestDescriptor.java:65)
	at org.junit.platform.engine.support.hierarchical.NodeTestTask.lambda$executeRecursively$5(NodeTestTask.java:139)
	at org.junit.platform.engine.support.hierarchical.ThrowableCollector.execute(ThrowableCollector.java:73)
	at org.junit.platform.engine.support.hierarchical.NodeTestTask.lambda$executeRecursively$7(NodeTestTask.java:129)
	at org.junit.platform.engine.support.hierarchical.Node.around(Node.java:137)
	at org.junit.platform.engine.support.hierarchical.NodeTestTask.lambda$executeRecursively$8(NodeTestTask.java:127)
	at org.junit.platform.engine.support.hierarchical.ThrowableCollector.execute(ThrowableCollector.java:73)
	at org.junit.platform.engine.support.hierarchical.NodeTestTask.executeRecursively(NodeTestTask.java:126)
	at org.junit.platform.engine.support.hierarchical.NodeTestTask.execute(NodeTestTask.java:84)
	at java.base/java.util.ArrayList.forEach(ArrayList.java:1511)
	at org.junit.platform.engine.support.hierarchical.SameThreadHierarchicalTestExecutorService.invokeAll(SameThreadHierarchicalTestExecutorService.java:38)
	at org.junit.platform.engine.support.hierarchical.NodeTestTask.lambda$executeRecursively$5(NodeTestTask.java:143)
	at org.junit.platform.engine.support.hierarchical.ThrowableCollector.execute(ThrowableCollector.java:73)
	at org.junit.platform.engine.support.hierarchical.NodeTestTask.lambda$executeRecursively$7(NodeTestTask.java:129)
	at org.junit.platform.engine.support.hierarchical.Node.around(Node.java:137)
	at org.junit.platform.engine.support.hierarchical.NodeTestTask.lambda$executeRecursively$8(NodeTestTask.java:127)
	at org.junit.platform.engine.support.hierarchical.ThrowableCollector.execute(ThrowableCollector.java:73)
	at org.junit.platform.engine.support.hierarchical.NodeTestTask.executeRecursively(NodeTestTask.java:126)
	at org.junit.platform.engine.support.hierarchical.NodeTestTask.execute(NodeTestTask.java:84)
	at java.base/java.util.ArrayList.forEach(ArrayList.java:1511)
	at org.junit.platform.engine.support.hierarchical.SameThreadHierarchicalTestExecutorService.invokeAll(SameThreadHierarchicalTestExecutorService.java:38)
	at org.junit.platform.engine.support.hierarchical.NodeTestTask.lambda$executeRecursively$5(NodeTestTask.java:143)
	at org.junit.platform.engine.support.hierarchical.ThrowableCollector.execute(ThrowableCollector.java:73)
	at org.junit.platform.engine.support.hierarchical.NodeTestTask.lambda$executeRecursively$7(NodeTestTask.java:129)
	at org.junit.platform.engine.support.hierarchical.Node.around(Node.java:137)
	at org.junit.platform.engine.support.hierarchical.NodeTestTask.lambda$executeRecursively$8(NodeTestTask.java:127)
	at org.junit.platform.engine.support.hierarchical.ThrowableCollector.execute(ThrowableCollector.java:73)
	at org.junit.platform.engine.support.hierarchical.NodeTestTask.executeRecursively(NodeTestTask.java:126)
	at org.junit.platform.engine.support.hierarchical.NodeTestTask.execute(NodeTestTask.java:84)
	at org.junit.platform.engine.support.hierarchical.SameThreadHierarchicalTestExecutorService.submit(SameThreadHierarchicalTestExecutorService.java:32)
	at org.junit.platform.engine.support.hierarchical.HierarchicalTestExecutor.execute(HierarchicalTestExecutor.java:57)
	at org.junit.platform.engine.support.hierarchical.HierarchicalTestEngine.execute(HierarchicalTestEngine.java:51)
	at org.junit.platform.launcher.core.EngineExecutionOrchestrator.execute(EngineExecutionOrchestrator.java:108)
	at org.junit.platform.launcher.core.EngineExecutionOrchestrator.execute(EngineExecutionOrchestrator.java:88)
	at org.junit.platform.launcher.core.EngineExecutionOrchestrator.lambda$execute$0(EngineExecutionOrchestrator.java:54)
	at org.junit.platform.launcher.core.EngineExecutionOrchestrator.withInterceptedStreams(EngineExecutionOrchestrator.java:67)
	at org.junit.platform.launcher.core.EngineExecutionOrchestrator.execute(EngineExecutionOrchestrator.java:52)
	at org.junit.platform.launcher.core.DefaultLauncher.execute(DefaultLauncher.java:96)
	at org.junit.platform.launcher.core.DefaultLauncher.execute(DefaultLauncher.java:75)
	at com.intellij.junit5.JUnit5IdeaTestRunner.startRunnerWithArgs(JUnit5IdeaTestRunner.java:57)
	at com.intellij.rt.junit.IdeaTestRunner$Repeater$1.execute(IdeaTestRunner.java:38)
	at com.intellij.rt.execution.junit.TestsRepeater.repeat(TestsRepeater.java:11)
	at com.intellij.rt.junit.IdeaTestRunner$Repeater.startRunnerWithArgs(IdeaTestRunner.java:35)
	at com.intellij.rt.junit.JUnitStarter.prepareStreamsAndStart(JUnitStarter.java:232)
	at com.intellij.rt.junit.JUnitStarter.main(JUnitStarter.java:55)
2025-03-02 09:59:00,716 [INFO] [main] c.r.c.o.s.DefaultOrderService - Placing order for customer: John Doe
2025-03-02 09:59:00,727 [INFO] [main] c.r.c.o.s.DefaultOrderService - Placing order for customer: John Doe
2025-03-02 10:01:38,103 [INFO] [main] c.r.c.o.s.DefaultOrderService - Placing order for customer: John Doe
2025-03-02 10:02:45,141 [INFO] [main] c.r.c.o.s.DefaultOrderService - Placing order for customer: John Doe
2025-03-02 10:02:45,169 [ERROR] [main] c.r.c.o.s.DefaultOrderService - Unexpected error occurred while placing order: Payment failed.
com.raju.codekatas.orderingsystem.exception.PaymentProcessingException: Payment failed.
	at com.raju.codekatas.orderingsystem.service.DefaultOrderService.placeOrder(DefaultOrderService.java:60)
	at com.raju.codekatas.orderingsystem.DefaultOrderServiceTest.lambda$testPlaceOrder_PaymentProcessingFailure$1(DefaultOrderServiceTest.java:141)
	at org.junit.jupiter.api.AssertThrows.assertThrows(AssertThrows.java:55)
	at org.junit.jupiter.api.AssertThrows.assertThrows(AssertThrows.java:37)
	at org.junit.jupiter.api.Assertions.assertThrows(Assertions.java:3007)
	at com.raju.codekatas.orderingsystem.DefaultOrderServiceTest.testPlaceOrder_PaymentProcessingFailure(DefaultOrderServiceTest.java:140)
	at java.base/jdk.internal.reflect.NativeMethodAccessorImpl.invoke0(Native Method)
	at java.base/jdk.internal.reflect.NativeMethodAccessorImpl.invoke(NativeMethodAccessorImpl.java:77)
	at java.base/jdk.internal.reflect.DelegatingMethodAccessorImpl.invoke(DelegatingMethodAccessorImpl.java:43)
	at java.base/java.lang.reflect.Method.invoke(Method.java:568)
	at org.junit.platform.commons.util.ReflectionUtils.invokeMethod(ReflectionUtils.java:688)
	at org.junit.jupiter.engine.execution.MethodInvocation.proceed(MethodInvocation.java:60)
	at org.junit.jupiter.engine.execution.InvocationInterceptorChain$ValidatingInvocation.proceed(InvocationInterceptorChain.java:131)
	at org.junit.jupiter.engine.extension.TimeoutExtension.intercept(TimeoutExtension.java:149)
	at org.junit.jupiter.engine.extension.TimeoutExtension.interceptTestableMethod(TimeoutExtension.java:140)
	at org.junit.jupiter.engine.extension.TimeoutExtension.interceptTestMethod(TimeoutExtension.java:84)
	at org.junit.jupiter.engine.execution.ExecutableInvoker$ReflectiveInterceptorCall.lambda$ofVoidMethod$0(ExecutableInvoker.java:115)
	at org.junit.jupiter.engine.execution.ExecutableInvoker.lambda$invoke$0(ExecutableInvoker.java:105)
	at org.junit.jupiter.engine.execution.InvocationInterceptorChain$InterceptedInvocation.proceed(InvocationInterceptorChain.java:106)
	at org.junit.jupiter.engine.execution.InvocationInterceptorChain.proceed(InvocationInterceptorChain.java:64)
	at org.junit.jupiter.engine.execution.InvocationInterceptorChain.chainAndInvoke(InvocationInterceptorChain.java:45)
	at org.junit.jupiter.engine.execution.InvocationInterceptorChain.invoke(InvocationInterceptorChain.java:37)
	at org.junit.jupiter.engine.execution.ExecutableInvoker.invoke(ExecutableInvoker.java:104)
	at org.junit.jupiter.engine.execution.ExecutableInvoker.invoke(ExecutableInvoker.java:98)
	at org.junit.jupiter.engine.descriptor.TestMethodTestDescriptor.lambda$invokeTestMethod$6(TestMethodTestDescriptor.java:210)
	at org.junit.platform.engine.support.hierarchical.ThrowableCollector.execute(ThrowableCollector.java:73)
	at org.junit.jupiter.engine.descriptor.TestMethodTestDescriptor.invokeTestMethod(TestMethodTestDescriptor.java:206)
	at org.junit.jupiter.engine.descriptor.TestMethodTestDescriptor.execute(TestMethodTestDescriptor.java:131)
	at org.junit.jupiter.engine.descriptor.TestMethodTestDescriptor.execute(TestMethodTestDescriptor.java:65)
	at org.junit.platform.engine.support.hierarchical.NodeTestTask.lambda$executeRecursively$5(NodeTestTask.java:139)
	at org.junit.platform.engine.support.hierarchical.ThrowableCollector.execute(ThrowableCollector.java:73)
	at org.junit.platform.engine.support.hierarchical.NodeTestTask.lambda$executeRecursively$7(NodeTestTask.java:129)
	at org.junit.platform.engine.support.hierarchical.Node.around(Node.java:137)
	at org.junit.platform.engine.support.hierarchical.NodeTestTask.lambda$executeRecursively$8(NodeTestTask.java:127)
	at org.junit.platform.engine.support.hierarchical.ThrowableCollector.execute(ThrowableCollector.java:73)
	at org.junit.platform.engine.support.hierarchical.NodeTestTask.executeRecursively(NodeTestTask.java:126)
	at org.junit.platform.engine.support.hierarchical.NodeTestTask.execute(NodeTestTask.java:84)
	at java.base/java.util.ArrayList.forEach(ArrayList.java:1511)
	at org.junit.platform.engine.support.hierarchical.SameThreadHierarchicalTestExecutorService.invokeAll(SameThreadHierarchicalTestExecutorService.java:38)
	at org.junit.platform.engine.support.hierarchical.NodeTestTask.lambda$executeRecursively$5(NodeTestTask.java:143)
	at org.junit.platform.engine.support.hierarchical.ThrowableCollector.execute(ThrowableCollector.java:73)
	at org.junit.platform.engine.support.hierarchical.NodeTestTask.lambda$executeRecursively$7(NodeTestTask.java:129)
	at org.junit.platform.engine.support.hierarchical.Node.around(Node.java:137)
	at org.junit.platform.engine.support.hierarchical.NodeTestTask.lambda$executeRecursively$8(NodeTestTask.java:127)
	at org.junit.platform.engine.support.hierarchical.ThrowableCollector.execute(ThrowableCollector.java:73)
	at org.junit.platform.engine.support.hierarchical.NodeTestTask.executeRecursively(NodeTestTask.java:126)
	at org.junit.platform.engine.support.hierarchical.NodeTestTask.execute(NodeTestTask.java:84)
	at java.base/java.util.ArrayList.forEach(ArrayList.java:1511)
	at org.junit.platform.engine.support.hierarchical.SameThreadHierarchicalTestExecutorService.invokeAll(SameThreadHierarchicalTestExecutorService.java:38)
	at org.junit.platform.engine.support.hierarchical.NodeTestTask.lambda$executeRecursively$5(NodeTestTask.java:143)
	at org.junit.platform.engine.support.hierarchical.ThrowableCollector.execute(ThrowableCollector.java:73)
	at org.junit.platform.engine.support.hierarchical.NodeTestTask.lambda$executeRecursively$7(NodeTestTask.java:129)
	at org.junit.platform.engine.support.hierarchical.Node.around(Node.java:137)
	at org.junit.platform.engine.support.hierarchical.NodeTestTask.lambda$executeRecursively$8(NodeTestTask.java:127)
	at org.junit.platform.engine.support.hierarchical.ThrowableCollector.execute(ThrowableCollector.java:73)
	at org.junit.platform.engine.support.hierarchical.NodeTestTask.executeRecursively(NodeTestTask.java:126)
	at org.junit.platform.engine.support.hierarchical.NodeTestTask.execute(NodeTestTask.java:84)
	at org.junit.platform.engine.support.hierarchical.SameThreadHierarchicalTestExecutorService.submit(SameThreadHierarchicalTestExecutorService.java:32)
	at org.junit.platform.engine.support.hierarchical.HierarchicalTestExecutor.execute(HierarchicalTestExecutor.java:57)
	at org.junit.platform.engine.support.hierarchical.HierarchicalTestEngine.execute(HierarchicalTestEngine.java:51)
	at org.junit.platform.launcher.core.EngineExecutionOrchestrator.execute(EngineExecutionOrchestrator.java:108)
	at org.junit.platform.launcher.core.EngineExecutionOrchestrator.execute(EngineExecutionOrchestrator.java:88)
	at org.junit.platform.launcher.core.EngineExecutionOrchestrator.lambda$execute$0(EngineExecutionOrchestrator.java:54)
	at org.junit.platform.launcher.core.EngineExecutionOrchestrator.withInterceptedStreams(EngineExecutionOrchestrator.java:67)
	at org.junit.platform.launcher.core.EngineExecutionOrchestrator.execute(EngineExecutionOrchestrator.java:52)
	at org.junit.platform.launcher.core.DefaultLauncher.execute(DefaultLauncher.java:96)
	at org.junit.platform.launcher.core.DefaultLauncher.execute(DefaultLauncher.java:75)
	at com.intellij.junit5.JUnit5IdeaTestRunner.startRunnerWithArgs(JUnit5IdeaTestRunner.java:57)
	at com.intellij.rt.junit.IdeaTestRunner$Repeater$1.execute(IdeaTestRunner.java:38)
	at com.intellij.rt.execution.junit.TestsRepeater.repeat(TestsRepeater.java:11)
	at com.intellij.rt.junit.IdeaTestRunner$Repeater.startRunnerWithArgs(IdeaTestRunner.java:35)
	at com.intellij.rt.junit.JUnitStarter.prepareStreamsAndStart(JUnitStarter.java:232)
	at com.intellij.rt.junit.JUnitStarter.main(JUnitStarter.java:55)
2025-03-02 10:02:45,193 [INFO] [main] c.r.c.o.s.DefaultOrderService - Placing order for customer: John Doe
2025-03-02 10:02:45,194 [ERROR] [main] c.r.c.o.s.DefaultOrderService - Order processing failed: Split payment amounts do not match the order total.
2025-03-02 10:02:45,204 [INFO] [main] c.r.c.o.s.DefaultOrderService - Placing order for customer: John Doe
2025-03-02 10:02:45,205 [ERROR] [main] c.r.c.o.s.DefaultOrderService - Unexpected error occurred while placing order: Unexpected error
java.lang.RuntimeException: Unexpected error
	at com.raju.codekatas.orderingsystem.service.DefaultOrderService.placeOrder(DefaultOrderService.java:60)
	at com.raju.codekatas.orderingsystem.DefaultOrderServiceTest.lambda$testPlaceOrder_UnexpectedException$2(DefaultOrderServiceTest.java:161)
	at org.junit.jupiter.api.AssertThrows.assertThrows(AssertThrows.java:55)
	at org.junit.jupiter.api.AssertThrows.assertThrows(AssertThrows.java:37)
	at org.junit.jupiter.api.Assertions.assertThrows(Assertions.java:3007)
	at com.raju.codekatas.orderingsystem.DefaultOrderServiceTest.testPlaceOrder_UnexpectedException(DefaultOrderServiceTest.java:160)
	at java.base/jdk.internal.reflect.NativeMethodAccessorImpl.invoke0(Native Method)
	at java.base/jdk.internal.reflect.NativeMethodAccessorImpl.invoke(NativeMethodAccessorImpl.java:77)
	at java.base/jdk.internal.reflect.DelegatingMethodAccessorImpl.invoke(DelegatingMethodAccessorImpl.java:43)
	at java.base/java.lang.reflect.Method.invoke(Method.java:568)
	at org.junit.platform.commons.util.ReflectionUtils.invokeMethod(ReflectionUtils.java:688)
	at org.junit.jupiter.engine.execution.MethodInvocation.proceed(MethodInvocation.java:60)
	at org.junit.jupiter.engine.execution.InvocationInterceptorChain$ValidatingInvocation.proceed(InvocationInterceptorChain.java:131)
	at org.junit.jupiter.engine.extension.TimeoutExtension.intercept(TimeoutExtension.java:149)
	at org.junit.jupiter.engine.extension.TimeoutExtension.interceptTestableMethod(TimeoutExtension.java:140)
	at org.junit.jupiter.engine.extension.TimeoutExtension.interceptTestMethod(TimeoutExtension.java:84)
	at org.junit.jupiter.engine.execution.ExecutableInvoker$ReflectiveInterceptorCall.lambda$ofVoidMethod$0(ExecutableInvoker.java:115)
	at org.junit.jupiter.engine.execution.ExecutableInvoker.lambda$invoke$0(ExecutableInvoker.java:105)
	at org.junit.jupiter.engine.execution.InvocationInterceptorChain$InterceptedInvocation.proceed(InvocationInterceptorChain.java:106)
	at org.junit.jupiter.engine.execution.InvocationInterceptorChain.proceed(InvocationInterceptorChain.java:64)
	at org.junit.jupiter.engine.execution.InvocationInterceptorChain.chainAndInvoke(InvocationInterceptorChain.java:45)
	at org.junit.jupiter.engine.execution.InvocationInterceptorChain.invoke(InvocationInterceptorChain.java:37)
	at org.junit.jupiter.engine.execution.ExecutableInvoker.invoke(ExecutableInvoker.java:104)
	at org.junit.jupiter.engine.execution.ExecutableInvoker.invoke(ExecutableInvoker.java:98)
	at org.junit.jupiter.engine.descriptor.TestMethodTestDescriptor.lambda$invokeTestMethod$6(TestMethodTestDescriptor.java:210)
	at org.junit.platform.engine.support.hierarchical.ThrowableCollector.execute(ThrowableCollector.java:73)
	at org.junit.jupiter.engine.descriptor.TestMethodTestDescriptor.invokeTestMethod(TestMethodTestDescriptor.java:206)
	at org.junit.jupiter.engine.descriptor.TestMethodTestDescriptor.execute(TestMethodTestDescriptor.java:131)
	at org.junit.jupiter.engine.descriptor.TestMethodTestDescriptor.execute(TestMethodTestDescriptor.java:65)
	at org.junit.platform.engine.support.hierarchical.NodeTestTask.lambda$executeRecursively$5(NodeTestTask.java:139)
	at org.junit.platform.engine.support.hierarchical.ThrowableCollector.execute(ThrowableCollector.java:73)
	at org.junit.platform.engine.support.hierarchical.NodeTestTask.lambda$executeRecursively$7(NodeTestTask.java:129)
	at org.junit.platform.engine.support.hierarchical.Node.around(Node.java:137)
	at org.junit.platform.engine.support.hierarchical.NodeTestTask.lambda$executeRecursively$8(NodeTestTask.java:127)
	at org.junit.platform.engine.support.hierarchical.ThrowableCollector.execute(ThrowableCollector.java:73)
	at org.junit.platform.engine.support.hierarchical.NodeTestTask.executeRecursively(NodeTestTask.java:126)
	at org.junit.platform.engine.support.hierarchical.NodeTestTask.execute(NodeTestTask.java:84)
	at java.base/java.util.ArrayList.forEach(ArrayList.java:1511)
	at org.junit.platform.engine.support.hierarchical.SameThreadHierarchicalTestExecutorService.invokeAll(SameThreadHierarchicalTestExecutorService.java:38)
	at org.junit.platform.engine.support.hierarchical.NodeTestTask.lambda$executeRecursively$5(NodeTestTask.java:143)
	at org.junit.platform.engine.support.hierarchical.ThrowableCollector.execute(ThrowableCollector.java:73)
	at org.junit.platform.engine.support.hierarchical.NodeTestTask.lambda$executeRecursively$7(NodeTestTask.java:129)
	at org.junit.platform.engine.support.hierarchical.Node.around(Node.java:137)
	at org.junit.platform.engine.support.hierarchical.NodeTestTask.lambda$executeRecursively$8(NodeTestTask.java:127)
	at org.junit.platform.engine.support.hierarchical.ThrowableCollector.execute(ThrowableCollector.java:73)
	at org.junit.platform.engine.support.hierarchical.NodeTestTask.executeRecursively(NodeTestTask.java:126)
	at org.junit.platform.engine.support.hierarchical.NodeTestTask.execute(NodeTestTask.java:84)
	at java.base/java.util.ArrayList.forEach(ArrayList.java:1511)
	at org.junit.platform.engine.support.hierarchical.SameThreadHierarchicalTestExecutorService.invokeAll(SameThreadHierarchicalTestExecutorService.java:38)
	at org.junit.platform.engine.support.hierarchical.NodeTestTask.lambda$executeRecursively$5(NodeTestTask.java:143)
	at org.junit.platform.engine.support.hierarchical.ThrowableCollector.execute(ThrowableCollector.java:73)
	at org.junit.platform.engine.support.hierarchical.NodeTestTask.lambda$executeRecursively$7(NodeTestTask.java:129)
	at org.junit.platform.engine.support.hierarchical.Node.around(Node.java:137)
	at org.junit.platform.engine.support.hierarchical.NodeTestTask.lambda$executeRecursively$8(NodeTestTask.java:127)
	at org.junit.platform.engine.support.hierarchical.ThrowableCollector.execute(ThrowableCollector.java:73)
	at org.junit.platform.engine.support.hierarchical.NodeTestTask.executeRecursively(NodeTestTask.java:126)
	at org.junit.platform.engine.support.hierarchical.NodeTestTask.execute(NodeTestTask.java:84)
	at org.junit.platform.engine.support.hierarchical.SameThreadHierarchicalTestExecutorService.submit(SameThreadHierarchicalTestExecutorService.java:32)
	at org.junit.platform.engine.support.hierarchical.HierarchicalTestExecutor.execute(HierarchicalTestExecutor.java:57)
	at org.junit.platform.engine.support.hierarchical.HierarchicalTestEngine.execute(HierarchicalTestEngine.java:51)
	at org.junit.platform.launcher.core.EngineExecutionOrchestrator.execute(EngineExecutionOrchestrator.java:108)
	at org.junit.platform.launcher.core.EngineExecutionOrchestrator.execute(EngineExecutionOrchestrator.java:88)
	at org.junit.platform.launcher.core.EngineExecutionOrchestrator.lambda$execute$0(EngineExecutionOrchestrator.java:54)
	at org.junit.platform.launcher.core.EngineExecutionOrchestrator.withInterceptedStreams(EngineExecutionOrchestrator.java:67)
	at org.junit.platform.launcher.core.EngineExecutionOrchestrator.execute(EngineExecutionOrchestrator.java:52)
	at org.junit.platform.launcher.core.DefaultLauncher.execute(DefaultLauncher.java:96)
	at org.junit.platform.launcher.core.DefaultLauncher.execute(DefaultLauncher.java:75)
	at com.intellij.junit5.JUnit5IdeaTestRunner.startRunnerWithArgs(JUnit5IdeaTestRunner.java:57)
	at com.intellij.rt.junit.IdeaTestRunner$Repeater$1.execute(IdeaTestRunner.java:38)
	at com.intellij.rt.execution.junit.TestsRepeater.repeat(TestsRepeater.java:11)
	at com.intellij.rt.junit.IdeaTestRunner$Repeater.startRunnerWithArgs(IdeaTestRunner.java:35)
	at com.intellij.rt.junit.JUnitStarter.prepareStreamsAndStart(JUnitStarter.java:232)
	at com.intellij.rt.junit.JUnitStarter.main(JUnitStarter.java:55)
2025-03-02 10:02:45,220 [INFO] [main] c.r.c.o.s.DefaultOrderService - Placing order for customer: John Doe
2025-03-02 10:02:45,233 [INFO] [main] c.r.c.o.s.DefaultOrderService - Placing order for customer: John Doe
2025-03-02 10:04:06,021 [INFO] [main] c.r.c.o.s.DefaultOrderService - Placing order for customer: John Doe
2025-03-02 10:04:06,055 [ERROR] [main] c.r.c.o.s.DefaultOrderService - Unexpected error occurred while placing order: Payment failed.
com.raju.codekatas.orderingsystem.exception.PaymentProcessingException: Payment failed.
	at com.raju.codekatas.orderingsystem.service.DefaultOrderService.placeOrder(DefaultOrderService.java:60)
	at com.raju.codekatas.orderingsystem.DefaultOrderServiceTest.lambda$testPlaceOrder_PaymentProcessingFailure$1(DefaultOrderServiceTest.java:141)
	at org.junit.jupiter.api.AssertThrows.assertThrows(AssertThrows.java:55)
	at org.junit.jupiter.api.AssertThrows.assertThrows(AssertThrows.java:37)
	at org.junit.jupiter.api.Assertions.assertThrows(Assertions.java:3007)
	at com.raju.codekatas.orderingsystem.DefaultOrderServiceTest.testPlaceOrder_PaymentProcessingFailure(DefaultOrderServiceTest.java:140)
	at java.base/jdk.internal.reflect.NativeMethodAccessorImpl.invoke0(Native Method)
	at java.base/jdk.internal.reflect.NativeMethodAccessorImpl.invoke(NativeMethodAccessorImpl.java:77)
	at java.base/jdk.internal.reflect.DelegatingMethodAccessorImpl.invoke(DelegatingMethodAccessorImpl.java:43)
	at java.base/java.lang.reflect.Method.invoke(Method.java:568)
	at org.junit.platform.commons.util.ReflectionUtils.invokeMethod(ReflectionUtils.java:688)
	at org.junit.jupiter.engine.execution.MethodInvocation.proceed(MethodInvocation.java:60)
	at org.junit.jupiter.engine.execution.InvocationInterceptorChain$ValidatingInvocation.proceed(InvocationInterceptorChain.java:131)
	at org.junit.jupiter.engine.extension.TimeoutExtension.intercept(TimeoutExtension.java:149)
	at org.junit.jupiter.engine.extension.TimeoutExtension.interceptTestableMethod(TimeoutExtension.java:140)
	at org.junit.jupiter.engine.extension.TimeoutExtension.interceptTestMethod(TimeoutExtension.java:84)
	at org.junit.jupiter.engine.execution.ExecutableInvoker$ReflectiveInterceptorCall.lambda$ofVoidMethod$0(ExecutableInvoker.java:115)
	at org.junit.jupiter.engine.execution.ExecutableInvoker.lambda$invoke$0(ExecutableInvoker.java:105)
	at org.junit.jupiter.engine.execution.InvocationInterceptorChain$InterceptedInvocation.proceed(InvocationInterceptorChain.java:106)
	at org.junit.jupiter.engine.execution.InvocationInterceptorChain.proceed(InvocationInterceptorChain.java:64)
	at org.junit.jupiter.engine.execution.InvocationInterceptorChain.chainAndInvoke(InvocationInterceptorChain.java:45)
	at org.junit.jupiter.engine.execution.InvocationInterceptorChain.invoke(InvocationInterceptorChain.java:37)
	at org.junit.jupiter.engine.execution.ExecutableInvoker.invoke(ExecutableInvoker.java:104)
	at org.junit.jupiter.engine.execution.ExecutableInvoker.invoke(ExecutableInvoker.java:98)
	at org.junit.jupiter.engine.descriptor.TestMethodTestDescriptor.lambda$invokeTestMethod$6(TestMethodTestDescriptor.java:210)
	at org.junit.platform.engine.support.hierarchical.ThrowableCollector.execute(ThrowableCollector.java:73)
	at org.junit.jupiter.engine.descriptor.TestMethodTestDescriptor.invokeTestMethod(TestMethodTestDescriptor.java:206)
	at org.junit.jupiter.engine.descriptor.TestMethodTestDescriptor.execute(TestMethodTestDescriptor.java:131)
	at org.junit.jupiter.engine.descriptor.TestMethodTestDescriptor.execute(TestMethodTestDescriptor.java:65)
	at org.junit.platform.engine.support.hierarchical.NodeTestTask.lambda$executeRecursively$5(NodeTestTask.java:139)
	at org.junit.platform.engine.support.hierarchical.ThrowableCollector.execute(ThrowableCollector.java:73)
	at org.junit.platform.engine.support.hierarchical.NodeTestTask.lambda$executeRecursively$7(NodeTestTask.java:129)
	at org.junit.platform.engine.support.hierarchical.Node.around(Node.java:137)
	at org.junit.platform.engine.support.hierarchical.NodeTestTask.lambda$executeRecursively$8(NodeTestTask.java:127)
	at org.junit.platform.engine.support.hierarchical.ThrowableCollector.execute(ThrowableCollector.java:73)
	at org.junit.platform.engine.support.hierarchical.NodeTestTask.executeRecursively(NodeTestTask.java:126)
	at org.junit.platform.engine.support.hierarchical.NodeTestTask.execute(NodeTestTask.java:84)
	at java.base/java.util.ArrayList.forEach(ArrayList.java:1511)
	at org.junit.platform.engine.support.hierarchical.SameThreadHierarchicalTestExecutorService.invokeAll(SameThreadHierarchicalTestExecutorService.java:38)
	at org.junit.platform.engine.support.hierarchical.NodeTestTask.lambda$executeRecursively$5(NodeTestTask.java:143)
	at org.junit.platform.engine.support.hierarchical.ThrowableCollector.execute(ThrowableCollector.java:73)
	at org.junit.platform.engine.support.hierarchical.NodeTestTask.lambda$executeRecursively$7(NodeTestTask.java:129)
	at org.junit.platform.engine.support.hierarchical.Node.around(Node.java:137)
	at org.junit.platform.engine.support.hierarchical.NodeTestTask.lambda$executeRecursively$8(NodeTestTask.java:127)
	at org.junit.platform.engine.support.hierarchical.ThrowableCollector.execute(ThrowableCollector.java:73)
	at org.junit.platform.engine.support.hierarchical.NodeTestTask.executeRecursively(NodeTestTask.java:126)
	at org.junit.platform.engine.support.hierarchical.NodeTestTask.execute(NodeTestTask.java:84)
	at java.base/java.util.ArrayList.forEach(ArrayList.java:1511)
	at org.junit.platform.engine.support.hierarchical.SameThreadHierarchicalTestExecutorService.invokeAll(SameThreadHierarchicalTestExecutorService.java:38)
	at org.junit.platform.engine.support.hierarchical.NodeTestTask.lambda$executeRecursively$5(NodeTestTask.java:143)
	at org.junit.platform.engine.support.hierarchical.ThrowableCollector.execute(ThrowableCollector.java:73)
	at org.junit.platform.engine.support.hierarchical.NodeTestTask.lambda$executeRecursively$7(NodeTestTask.java:129)
	at org.junit.platform.engine.support.hierarchical.Node.around(Node.java:137)
	at org.junit.platform.engine.support.hierarchical.NodeTestTask.lambda$executeRecursively$8(NodeTestTask.java:127)
	at org.junit.platform.engine.support.hierarchical.ThrowableCollector.execute(ThrowableCollector.java:73)
	at org.junit.platform.engine.support.hierarchical.NodeTestTask.executeRecursively(NodeTestTask.java:126)
	at org.junit.platform.engine.support.hierarchical.NodeTestTask.execute(NodeTestTask.java:84)
	at org.junit.platform.engine.support.hierarchical.SameThreadHierarchicalTestExecutorService.submit(SameThreadHierarchicalTestExecutorService.java:32)
	at org.junit.platform.engine.support.hierarchical.HierarchicalTestExecutor.execute(HierarchicalTestExecutor.java:57)
	at org.junit.platform.engine.support.hierarchical.HierarchicalTestEngine.execute(HierarchicalTestEngine.java:51)
	at org.junit.platform.launcher.core.EngineExecutionOrchestrator.execute(EngineExecutionOrchestrator.java:108)
	at org.junit.platform.launcher.core.EngineExecutionOrchestrator.execute(EngineExecutionOrchestrator.java:88)
	at org.junit.platform.launcher.core.EngineExecutionOrchestrator.lambda$execute$0(EngineExecutionOrchestrator.java:54)
	at org.junit.platform.launcher.core.EngineExecutionOrchestrator.withInterceptedStreams(EngineExecutionOrchestrator.java:67)
	at org.junit.platform.launcher.core.EngineExecutionOrchestrator.execute(EngineExecutionOrchestrator.java:52)
	at org.junit.platform.launcher.core.DefaultLauncher.execute(DefaultLauncher.java:96)
	at org.junit.platform.launcher.core.DefaultLauncher.execute(DefaultLauncher.java:75)
	at com.intellij.junit5.JUnit5IdeaTestRunner.startRunnerWithArgs(JUnit5IdeaTestRunner.java:57)
	at com.intellij.rt.junit.IdeaTestRunner$Repeater$1.execute(IdeaTestRunner.java:38)
	at com.intellij.rt.execution.junit.TestsRepeater.repeat(TestsRepeater.java:11)
	at com.intellij.rt.junit.IdeaTestRunner$Repeater.startRunnerWithArgs(IdeaTestRunner.java:35)
	at com.intellij.rt.junit.JUnitStarter.prepareStreamsAndStart(JUnitStarter.java:232)
	at com.intellij.rt.junit.JUnitStarter.main(JUnitStarter.java:55)
2025-03-02 10:04:06,085 [INFO] [main] c.r.c.o.s.DefaultOrderService - Placing order for customer: John Doe
2025-03-02 10:04:06,086 [ERROR] [main] c.r.c.o.s.DefaultOrderService - Order processing failed: Split payment amounts do not match the order total.
2025-03-02 10:04:06,099 [INFO] [main] c.r.c.o.s.DefaultOrderService - Placing order for customer: John Doe
2025-03-02 10:04:06,100 [ERROR] [main] c.r.c.o.s.DefaultOrderService - Unexpected error occurred while placing order: Unexpected error
java.lang.RuntimeException: Unexpected error
	at com.raju.codekatas.orderingsystem.service.DefaultOrderService.placeOrder(DefaultOrderService.java:60)
	at com.raju.codekatas.orderingsystem.DefaultOrderServiceTest.lambda$testPlaceOrder_UnexpectedException$2(DefaultOrderServiceTest.java:161)
	at org.junit.jupiter.api.AssertThrows.assertThrows(AssertThrows.java:55)
	at org.junit.jupiter.api.AssertThrows.assertThrows(AssertThrows.java:37)
	at org.junit.jupiter.api.Assertions.assertThrows(Assertions.java:3007)
	at com.raju.codekatas.orderingsystem.DefaultOrderServiceTest.testPlaceOrder_UnexpectedException(DefaultOrderServiceTest.java:160)
	at java.base/jdk.internal.reflect.NativeMethodAccessorImpl.invoke0(Native Method)
	at java.base/jdk.internal.reflect.NativeMethodAccessorImpl.invoke(NativeMethodAccessorImpl.java:77)
	at java.base/jdk.internal.reflect.DelegatingMethodAccessorImpl.invoke(DelegatingMethodAccessorImpl.java:43)
	at java.base/java.lang.reflect.Method.invoke(Method.java:568)
	at org.junit.platform.commons.util.ReflectionUtils.invokeMethod(ReflectionUtils.java:688)
	at org.junit.jupiter.engine.execution.MethodInvocation.proceed(MethodInvocation.java:60)
	at org.junit.jupiter.engine.execution.InvocationInterceptorChain$ValidatingInvocation.proceed(InvocationInterceptorChain.java:131)
	at org.junit.jupiter.engine.extension.TimeoutExtension.intercept(TimeoutExtension.java:149)
	at org.junit.jupiter.engine.extension.TimeoutExtension.interceptTestableMethod(TimeoutExtension.java:140)
	at org.junit.jupiter.engine.extension.TimeoutExtension.interceptTestMethod(TimeoutExtension.java:84)
	at org.junit.jupiter.engine.execution.ExecutableInvoker$ReflectiveInterceptorCall.lambda$ofVoidMethod$0(ExecutableInvoker.java:115)
	at org.junit.jupiter.engine.execution.ExecutableInvoker.lambda$invoke$0(ExecutableInvoker.java:105)
	at org.junit.jupiter.engine.execution.InvocationInterceptorChain$InterceptedInvocation.proceed(InvocationInterceptorChain.java:106)
	at org.junit.jupiter.engine.execution.InvocationInterceptorChain.proceed(InvocationInterceptorChain.java:64)
	at org.junit.jupiter.engine.execution.InvocationInterceptorChain.chainAndInvoke(InvocationInterceptorChain.java:45)
	at org.junit.jupiter.engine.execution.InvocationInterceptorChain.invoke(InvocationInterceptorChain.java:37)
	at org.junit.jupiter.engine.execution.ExecutableInvoker.invoke(ExecutableInvoker.java:104)
	at org.junit.jupiter.engine.execution.ExecutableInvoker.invoke(ExecutableInvoker.java:98)
	at org.junit.jupiter.engine.descriptor.TestMethodTestDescriptor.lambda$invokeTestMethod$6(TestMethodTestDescriptor.java:210)
	at org.junit.platform.engine.support.hierarchical.ThrowableCollector.execute(ThrowableCollector.java:73)
	at org.junit.jupiter.engine.descriptor.TestMethodTestDescriptor.invokeTestMethod(TestMethodTestDescriptor.java:206)
	at org.junit.jupiter.engine.descriptor.TestMethodTestDescriptor.execute(TestMethodTestDescriptor.java:131)
	at org.junit.jupiter.engine.descriptor.TestMethodTestDescriptor.execute(TestMethodTestDescriptor.java:65)
	at org.junit.platform.engine.support.hierarchical.NodeTestTask.lambda$executeRecursively$5(NodeTestTask.java:139)
	at org.junit.platform.engine.support.hierarchical.ThrowableCollector.execute(ThrowableCollector.java:73)
	at org.junit.platform.engine.support.hierarchical.NodeTestTask.lambda$executeRecursively$7(NodeTestTask.java:129)
	at org.junit.platform.engine.support.hierarchical.Node.around(Node.java:137)
	at org.junit.platform.engine.support.hierarchical.NodeTestTask.lambda$executeRecursively$8(NodeTestTask.java:127)
	at org.junit.platform.engine.support.hierarchical.ThrowableCollector.execute(ThrowableCollector.java:73)
	at org.junit.platform.engine.support.hierarchical.NodeTestTask.executeRecursively(NodeTestTask.java:126)
	at org.junit.platform.engine.support.hierarchical.NodeTestTask.execute(NodeTestTask.java:84)
	at java.base/java.util.ArrayList.forEach(ArrayList.java:1511)
	at org.junit.platform.engine.support.hierarchical.SameThreadHierarchicalTestExecutorService.invokeAll(SameThreadHierarchicalTestExecutorService.java:38)
	at org.junit.platform.engine.support.hierarchical.NodeTestTask.lambda$executeRecursively$5(NodeTestTask.java:143)
	at org.junit.platform.engine.support.hierarchical.ThrowableCollector.execute(ThrowableCollector.java:73)
	at org.junit.platform.engine.support.hierarchical.NodeTestTask.lambda$executeRecursively$7(NodeTestTask.java:129)
	at org.junit.platform.engine.support.hierarchical.Node.around(Node.java:137)
	at org.junit.platform.engine.support.hierarchical.NodeTestTask.lambda$executeRecursively$8(NodeTestTask.java:127)
	at org.junit.platform.engine.support.hierarchical.ThrowableCollector.execute(ThrowableCollector.java:73)
	at org.junit.platform.engine.support.hierarchical.NodeTestTask.executeRecursively(NodeTestTask.java:126)
	at org.junit.platform.engine.support.hierarchical.NodeTestTask.execute(NodeTestTask.java:84)
	at java.base/java.util.ArrayList.forEach(ArrayList.java:1511)
	at org.junit.platform.engine.support.hierarchical.SameThreadHierarchicalTestExecutorService.invokeAll(SameThreadHierarchicalTestExecutorService.java:38)
	at org.junit.platform.engine.support.hierarchical.NodeTestTask.lambda$executeRecursively$5(NodeTestTask.java:143)
	at org.junit.platform.engine.support.hierarchical.ThrowableCollector.execute(ThrowableCollector.java:73)
	at org.junit.platform.engine.support.hierarchical.NodeTestTask.lambda$executeRecursively$7(NodeTestTask.java:129)
	at org.junit.platform.engine.support.hierarchical.Node.around(Node.java:137)
	at org.junit.platform.engine.support.hierarchical.NodeTestTask.lambda$executeRecursively$8(NodeTestTask.java:127)
	at org.junit.platform.engine.support.hierarchical.ThrowableCollector.execute(ThrowableCollector.java:73)
	at org.junit.platform.engine.support.hierarchical.NodeTestTask.executeRecursively(NodeTestTask.java:126)
	at org.junit.platform.engine.support.hierarchical.NodeTestTask.execute(NodeTestTask.java:84)
	at org.junit.platform.engine.support.hierarchical.SameThreadHierarchicalTestExecutorService.submit(SameThreadHierarchicalTestExecutorService.java:32)
	at org.junit.platform.engine.support.hierarchical.HierarchicalTestExecutor.execute(HierarchicalTestExecutor.java:57)
	at org.junit.platform.engine.support.hierarchical.HierarchicalTestEngine.execute(HierarchicalTestEngine.java:51)
	at org.junit.platform.launcher.core.EngineExecutionOrchestrator.execute(EngineExecutionOrchestrator.java:108)
	at org.junit.platform.launcher.core.EngineExecutionOrchestrator.execute(EngineExecutionOrchestrator.java:88)
	at org.junit.platform.launcher.core.EngineExecutionOrchestrator.lambda$execute$0(EngineExecutionOrchestrator.java:54)
	at org.junit.platform.launcher.core.EngineExecutionOrchestrator.withInterceptedStreams(EngineExecutionOrchestrator.java:67)
	at org.junit.platform.launcher.core.EngineExecutionOrchestrator.execute(EngineExecutionOrchestrator.java:52)
	at org.junit.platform.launcher.core.DefaultLauncher.execute(DefaultLauncher.java:96)
	at org.junit.platform.launcher.core.DefaultLauncher.execute(DefaultLauncher.java:75)
	at com.intellij.junit5.JUnit5IdeaTestRunner.startRunnerWithArgs(JUnit5IdeaTestRunner.java:57)
	at com.intellij.rt.junit.IdeaTestRunner$Repeater$1.execute(IdeaTestRunner.java:38)
	at com.intellij.rt.execution.junit.TestsRepeater.repeat(TestsRepeater.java:11)
	at com.intellij.rt.junit.IdeaTestRunner$Repeater.startRunnerWithArgs(IdeaTestRunner.java:35)
	at com.intellij.rt.junit.JUnitStarter.prepareStreamsAndStart(JUnitStarter.java:232)
	at com.intellij.rt.junit.JUnitStarter.main(JUnitStarter.java:55)
2025-03-02 10:04:06,116 [INFO] [main] c.r.c.o.s.DefaultOrderService - Placing order for customer: John Doe
2025-03-02 10:09:37,446 [INFO] [main] c.r.c.o.s.DefaultOrderService - Placing order for customer: John Doe
2025-03-02 10:09:44,514 [INFO] [main] c.r.c.o.s.DefaultOrderService - Placing order for customer: John Doe
2025-03-02 10:09:44,544 [ERROR] [main] c.r.c.o.s.DefaultOrderService - Unexpected error occurred while placing order: Payment failed.
com.raju.codekatas.orderingsystem.exception.PaymentProcessingException: Payment failed.
	at com.raju.codekatas.orderingsystem.service.DefaultOrderService.placeOrder(DefaultOrderService.java:60)
	at com.raju.codekatas.orderingsystem.DefaultOrderServiceTest.lambda$testPlaceOrder_PaymentProcessingFailure$1(DefaultOrderServiceTest.java:141)
	at org.junit.jupiter.api.AssertThrows.assertThrows(AssertThrows.java:55)
	at org.junit.jupiter.api.AssertThrows.assertThrows(AssertThrows.java:37)
	at org.junit.jupiter.api.Assertions.assertThrows(Assertions.java:3007)
	at com.raju.codekatas.orderingsystem.DefaultOrderServiceTest.testPlaceOrder_PaymentProcessingFailure(DefaultOrderServiceTest.java:140)
	at java.base/jdk.internal.reflect.NativeMethodAccessorImpl.invoke0(Native Method)
	at java.base/jdk.internal.reflect.NativeMethodAccessorImpl.invoke(NativeMethodAccessorImpl.java:77)
	at java.base/jdk.internal.reflect.DelegatingMethodAccessorImpl.invoke(DelegatingMethodAccessorImpl.java:43)
	at java.base/java.lang.reflect.Method.invoke(Method.java:568)
	at org.junit.platform.commons.util.ReflectionUtils.invokeMethod(ReflectionUtils.java:688)
	at org.junit.jupiter.engine.execution.MethodInvocation.proceed(MethodInvocation.java:60)
	at org.junit.jupiter.engine.execution.InvocationInterceptorChain$ValidatingInvocation.proceed(InvocationInterceptorChain.java:131)
	at org.junit.jupiter.engine.extension.TimeoutExtension.intercept(TimeoutExtension.java:149)
	at org.junit.jupiter.engine.extension.TimeoutExtension.interceptTestableMethod(TimeoutExtension.java:140)
	at org.junit.jupiter.engine.extension.TimeoutExtension.interceptTestMethod(TimeoutExtension.java:84)
	at org.junit.jupiter.engine.execution.ExecutableInvoker$ReflectiveInterceptorCall.lambda$ofVoidMethod$0(ExecutableInvoker.java:115)
	at org.junit.jupiter.engine.execution.ExecutableInvoker.lambda$invoke$0(ExecutableInvoker.java:105)
	at org.junit.jupiter.engine.execution.InvocationInterceptorChain$InterceptedInvocation.proceed(InvocationInterceptorChain.java:106)
	at org.junit.jupiter.engine.execution.InvocationInterceptorChain.proceed(InvocationInterceptorChain.java:64)
	at org.junit.jupiter.engine.execution.InvocationInterceptorChain.chainAndInvoke(InvocationInterceptorChain.java:45)
	at org.junit.jupiter.engine.execution.InvocationInterceptorChain.invoke(InvocationInterceptorChain.java:37)
	at org.junit.jupiter.engine.execution.ExecutableInvoker.invoke(ExecutableInvoker.java:104)
	at org.junit.jupiter.engine.execution.ExecutableInvoker.invoke(ExecutableInvoker.java:98)
	at org.junit.jupiter.engine.descriptor.TestMethodTestDescriptor.lambda$invokeTestMethod$6(TestMethodTestDescriptor.java:210)
	at org.junit.platform.engine.support.hierarchical.ThrowableCollector.execute(ThrowableCollector.java:73)
	at org.junit.jupiter.engine.descriptor.TestMethodTestDescriptor.invokeTestMethod(TestMethodTestDescriptor.java:206)
	at org.junit.jupiter.engine.descriptor.TestMethodTestDescriptor.execute(TestMethodTestDescriptor.java:131)
	at org.junit.jupiter.engine.descriptor.TestMethodTestDescriptor.execute(TestMethodTestDescriptor.java:65)
	at org.junit.platform.engine.support.hierarchical.NodeTestTask.lambda$executeRecursively$5(NodeTestTask.java:139)
	at org.junit.platform.engine.support.hierarchical.ThrowableCollector.execute(ThrowableCollector.java:73)
	at org.junit.platform.engine.support.hierarchical.NodeTestTask.lambda$executeRecursively$7(NodeTestTask.java:129)
	at org.junit.platform.engine.support.hierarchical.Node.around(Node.java:137)
	at org.junit.platform.engine.support.hierarchical.NodeTestTask.lambda$executeRecursively$8(NodeTestTask.java:127)
	at org.junit.platform.engine.support.hierarchical.ThrowableCollector.execute(ThrowableCollector.java:73)
	at org.junit.platform.engine.support.hierarchical.NodeTestTask.executeRecursively(NodeTestTask.java:126)
	at org.junit.platform.engine.support.hierarchical.NodeTestTask.execute(NodeTestTask.java:84)
	at java.base/java.util.ArrayList.forEach(ArrayList.java:1511)
	at org.junit.platform.engine.support.hierarchical.SameThreadHierarchicalTestExecutorService.invokeAll(SameThreadHierarchicalTestExecutorService.java:38)
	at org.junit.platform.engine.support.hierarchical.NodeTestTask.lambda$executeRecursively$5(NodeTestTask.java:143)
	at org.junit.platform.engine.support.hierarchical.ThrowableCollector.execute(ThrowableCollector.java:73)
	at org.junit.platform.engine.support.hierarchical.NodeTestTask.lambda$executeRecursively$7(NodeTestTask.java:129)
	at org.junit.platform.engine.support.hierarchical.Node.around(Node.java:137)
	at org.junit.platform.engine.support.hierarchical.NodeTestTask.lambda$executeRecursively$8(NodeTestTask.java:127)
	at org.junit.platform.engine.support.hierarchical.ThrowableCollector.execute(ThrowableCollector.java:73)
	at org.junit.platform.engine.support.hierarchical.NodeTestTask.executeRecursively(NodeTestTask.java:126)
	at org.junit.platform.engine.support.hierarchical.NodeTestTask.execute(NodeTestTask.java:84)
	at java.base/java.util.ArrayList.forEach(ArrayList.java:1511)
	at org.junit.platform.engine.support.hierarchical.SameThreadHierarchicalTestExecutorService.invokeAll(SameThreadHierarchicalTestExecutorService.java:38)
	at org.junit.platform.engine.support.hierarchical.NodeTestTask.lambda$executeRecursively$5(NodeTestTask.java:143)
	at org.junit.platform.engine.support.hierarchical.ThrowableCollector.execute(ThrowableCollector.java:73)
	at org.junit.platform.engine.support.hierarchical.NodeTestTask.lambda$executeRecursively$7(NodeTestTask.java:129)
	at org.junit.platform.engine.support.hierarchical.Node.around(Node.java:137)
	at org.junit.platform.engine.support.hierarchical.NodeTestTask.lambda$executeRecursively$8(NodeTestTask.java:127)
	at org.junit.platform.engine.support.hierarchical.ThrowableCollector.execute(ThrowableCollector.java:73)
	at org.junit.platform.engine.support.hierarchical.NodeTestTask.executeRecursively(NodeTestTask.java:126)
	at org.junit.platform.engine.support.hierarchical.NodeTestTask.execute(NodeTestTask.java:84)
	at org.junit.platform.engine.support.hierarchical.SameThreadHierarchicalTestExecutorService.submit(SameThreadHierarchicalTestExecutorService.java:32)
	at org.junit.platform.engine.support.hierarchical.HierarchicalTestExecutor.execute(HierarchicalTestExecutor.java:57)
	at org.junit.platform.engine.support.hierarchical.HierarchicalTestEngine.execute(HierarchicalTestEngine.java:51)
	at org.junit.platform.launcher.core.EngineExecutionOrchestrator.execute(EngineExecutionOrchestrator.java:108)
	at org.junit.platform.launcher.core.EngineExecutionOrchestrator.execute(EngineExecutionOrchestrator.java:88)
	at org.junit.platform.launcher.core.EngineExecutionOrchestrator.lambda$execute$0(EngineExecutionOrchestrator.java:54)
	at org.junit.platform.launcher.core.EngineExecutionOrchestrator.withInterceptedStreams(EngineExecutionOrchestrator.java:67)
	at org.junit.platform.launcher.core.EngineExecutionOrchestrator.execute(EngineExecutionOrchestrator.java:52)
	at org.junit.platform.launcher.core.DefaultLauncher.execute(DefaultLauncher.java:96)
	at org.junit.platform.launcher.core.DefaultLauncher.execute(DefaultLauncher.java:75)
	at com.intellij.junit5.JUnit5IdeaTestRunner.startRunnerWithArgs(JUnit5IdeaTestRunner.java:57)
	at com.intellij.rt.junit.IdeaTestRunner$Repeater$1.execute(IdeaTestRunner.java:38)
	at com.intellij.rt.execution.junit.TestsRepeater.repeat(TestsRepeater.java:11)
	at com.intellij.rt.junit.IdeaTestRunner$Repeater.startRunnerWithArgs(IdeaTestRunner.java:35)
	at com.intellij.rt.junit.JUnitStarter.prepareStreamsAndStart(JUnitStarter.java:232)
	at com.intellij.rt.junit.JUnitStarter.main(JUnitStarter.java:55)
2025-03-02 10:09:44,578 [INFO] [main] c.r.c.o.s.DefaultOrderService - Placing order for customer: John Doe
2025-03-02 10:09:44,579 [ERROR] [main] c.r.c.o.s.DefaultOrderService - Order processing failed: Split payment amounts do not match the order total.
2025-03-02 10:09:44,590 [INFO] [main] c.r.c.o.s.DefaultOrderService - Placing order for customer: John Doe
2025-03-02 10:09:44,591 [ERROR] [main] c.r.c.o.s.DefaultOrderService - Unexpected error occurred while placing order: Unexpected error
java.lang.RuntimeException: Unexpected error
	at com.raju.codekatas.orderingsystem.service.DefaultOrderService.placeOrder(DefaultOrderService.java:60)
	at com.raju.codekatas.orderingsystem.DefaultOrderServiceTest.lambda$testPlaceOrder_UnexpectedException$2(DefaultOrderServiceTest.java:161)
	at org.junit.jupiter.api.AssertThrows.assertThrows(AssertThrows.java:55)
	at org.junit.jupiter.api.AssertThrows.assertThrows(AssertThrows.java:37)
	at org.junit.jupiter.api.Assertions.assertThrows(Assertions.java:3007)
	at com.raju.codekatas.orderingsystem.DefaultOrderServiceTest.testPlaceOrder_UnexpectedException(DefaultOrderServiceTest.java:160)
	at java.base/jdk.internal.reflect.NativeMethodAccessorImpl.invoke0(Native Method)
	at java.base/jdk.internal.reflect.NativeMethodAccessorImpl.invoke(NativeMethodAccessorImpl.java:77)
	at java.base/jdk.internal.reflect.DelegatingMethodAccessorImpl.invoke(DelegatingMethodAccessorImpl.java:43)
	at java.base/java.lang.reflect.Method.invoke(Method.java:568)
	at org.junit.platform.commons.util.ReflectionUtils.invokeMethod(ReflectionUtils.java:688)
	at org.junit.jupiter.engine.execution.MethodInvocation.proceed(MethodInvocation.java:60)
	at org.junit.jupiter.engine.execution.InvocationInterceptorChain$ValidatingInvocation.proceed(InvocationInterceptorChain.java:131)
	at org.junit.jupiter.engine.extension.TimeoutExtension.intercept(TimeoutExtension.java:149)
	at org.junit.jupiter.engine.extension.TimeoutExtension.interceptTestableMethod(TimeoutExtension.java:140)
	at org.junit.jupiter.engine.extension.TimeoutExtension.interceptTestMethod(TimeoutExtension.java:84)
	at org.junit.jupiter.engine.execution.ExecutableInvoker$ReflectiveInterceptorCall.lambda$ofVoidMethod$0(ExecutableInvoker.java:115)
	at org.junit.jupiter.engine.execution.ExecutableInvoker.lambda$invoke$0(ExecutableInvoker.java:105)
	at org.junit.jupiter.engine.execution.InvocationInterceptorChain$InterceptedInvocation.proceed(InvocationInterceptorChain.java:106)
	at org.junit.jupiter.engine.execution.InvocationInterceptorChain.proceed(InvocationInterceptorChain.java:64)
	at org.junit.jupiter.engine.execution.InvocationInterceptorChain.chainAndInvoke(InvocationInterceptorChain.java:45)
	at org.junit.jupiter.engine.execution.InvocationInterceptorChain.invoke(InvocationInterceptorChain.java:37)
	at org.junit.jupiter.engine.execution.ExecutableInvoker.invoke(ExecutableInvoker.java:104)
	at org.junit.jupiter.engine.execution.ExecutableInvoker.invoke(ExecutableInvoker.java:98)
	at org.junit.jupiter.engine.descriptor.TestMethodTestDescriptor.lambda$invokeTestMethod$6(TestMethodTestDescriptor.java:210)
	at org.junit.platform.engine.support.hierarchical.ThrowableCollector.execute(ThrowableCollector.java:73)
	at org.junit.jupiter.engine.descriptor.TestMethodTestDescriptor.invokeTestMethod(TestMethodTestDescriptor.java:206)
	at org.junit.jupiter.engine.descriptor.TestMethodTestDescriptor.execute(TestMethodTestDescriptor.java:131)
	at org.junit.jupiter.engine.descriptor.TestMethodTestDescriptor.execute(TestMethodTestDescriptor.java:65)
	at org.junit.platform.engine.support.hierarchical.NodeTestTask.lambda$executeRecursively$5(NodeTestTask.java:139)
	at org.junit.platform.engine.support.hierarchical.ThrowableCollector.execute(ThrowableCollector.java:73)
	at org.junit.platform.engine.support.hierarchical.NodeTestTask.lambda$executeRecursively$7(NodeTestTask.java:129)
	at org.junit.platform.engine.support.hierarchical.Node.around(Node.java:137)
	at org.junit.platform.engine.support.hierarchical.NodeTestTask.lambda$executeRecursively$8(NodeTestTask.java:127)
	at org.junit.platform.engine.support.hierarchical.ThrowableCollector.execute(ThrowableCollector.java:73)
	at org.junit.platform.engine.support.hierarchical.NodeTestTask.executeRecursively(NodeTestTask.java:126)
	at org.junit.platform.engine.support.hierarchical.NodeTestTask.execute(NodeTestTask.java:84)
	at java.base/java.util.ArrayList.forEach(ArrayList.java:1511)
	at org.junit.platform.engine.support.hierarchical.SameThreadHierarchicalTestExecutorService.invokeAll(SameThreadHierarchicalTestExecutorService.java:38)
	at org.junit.platform.engine.support.hierarchical.NodeTestTask.lambda$executeRecursively$5(NodeTestTask.java:143)
	at org.junit.platform.engine.support.hierarchical.ThrowableCollector.execute(ThrowableCollector.java:73)
	at org.junit.platform.engine.support.hierarchical.NodeTestTask.lambda$executeRecursively$7(NodeTestTask.java:129)
	at org.junit.platform.engine.support.hierarchical.Node.around(Node.java:137)
	at org.junit.platform.engine.support.hierarchical.NodeTestTask.lambda$executeRecursively$8(NodeTestTask.java:127)
	at org.junit.platform.engine.support.hierarchical.ThrowableCollector.execute(ThrowableCollector.java:73)
	at org.junit.platform.engine.support.hierarchical.NodeTestTask.executeRecursively(NodeTestTask.java:126)
	at org.junit.platform.engine.support.hierarchical.NodeTestTask.execute(NodeTestTask.java:84)
	at java.base/java.util.ArrayList.forEach(ArrayList.java:1511)
	at org.junit.platform.engine.support.hierarchical.SameThreadHierarchicalTestExecutorService.invokeAll(SameThreadHierarchicalTestExecutorService.java:38)
	at org.junit.platform.engine.support.hierarchical.NodeTestTask.lambda$executeRecursively$5(NodeTestTask.java:143)
	at org.junit.platform.engine.support.hierarchical.ThrowableCollector.execute(ThrowableCollector.java:73)
	at org.junit.platform.engine.support.hierarchical.NodeTestTask.lambda$executeRecursively$7(NodeTestTask.java:129)
	at org.junit.platform.engine.support.hierarchical.Node.around(Node.java:137)
	at org.junit.platform.engine.support.hierarchical.NodeTestTask.lambda$executeRecursively$8(NodeTestTask.java:127)
	at org.junit.platform.engine.support.hierarchical.ThrowableCollector.execute(ThrowableCollector.java:73)
	at org.junit.platform.engine.support.hierarchical.NodeTestTask.executeRecursively(NodeTestTask.java:126)
	at org.junit.platform.engine.support.hierarchical.NodeTestTask.execute(NodeTestTask.java:84)
	at org.junit.platform.engine.support.hierarchical.SameThreadHierarchicalTestExecutorService.submit(SameThreadHierarchicalTestExecutorService.java:32)
	at org.junit.platform.engine.support.hierarchical.HierarchicalTestExecutor.execute(HierarchicalTestExecutor.java:57)
	at org.junit.platform.engine.support.hierarchical.HierarchicalTestEngine.execute(HierarchicalTestEngine.java:51)
	at org.junit.platform.launcher.core.EngineExecutionOrchestrator.execute(EngineExecutionOrchestrator.java:108)
	at org.junit.platform.launcher.core.EngineExecutionOrchestrator.execute(EngineExecutionOrchestrator.java:88)
	at org.junit.platform.launcher.core.EngineExecutionOrchestrator.lambda$execute$0(EngineExecutionOrchestrator.java:54)
	at org.junit.platform.launcher.core.EngineExecutionOrchestrator.withInterceptedStreams(EngineExecutionOrchestrator.java:67)
	at org.junit.platform.launcher.core.EngineExecutionOrchestrator.execute(EngineExecutionOrchestrator.java:52)
	at org.junit.platform.launcher.core.DefaultLauncher.execute(DefaultLauncher.java:96)
	at org.junit.platform.launcher.core.DefaultLauncher.execute(DefaultLauncher.java:75)
	at com.intellij.junit5.JUnit5IdeaTestRunner.startRunnerWithArgs(JUnit5IdeaTestRunner.java:57)
	at com.intellij.rt.junit.IdeaTestRunner$Repeater$1.execute(IdeaTestRunner.java:38)
	at com.intellij.rt.execution.junit.TestsRepeater.repeat(TestsRepeater.java:11)
	at com.intellij.rt.junit.IdeaTestRunner$Repeater.startRunnerWithArgs(IdeaTestRunner.java:35)
	at com.intellij.rt.junit.JUnitStarter.prepareStreamsAndStart(JUnitStarter.java:232)
	at com.intellij.rt.junit.JUnitStarter.main(JUnitStarter.java:55)
2025-03-02 10:09:44,610 [INFO] [main] c.r.c.o.s.DefaultOrderService - Placing order for customer: John Doe
2025-03-02 10:09:47,543 [INFO] [main] c.r.c.o.s.DefaultOrderService - Placing order for customer: John Doe
2025-03-02 10:15:55,359 [INFO] [main] c.r.c.o.s.DefaultOrderService - Placing order for customer: John Doe
2025-03-02 10:15:55,387 [ERROR] [main] c.r.c.o.s.DefaultOrderService - Payment processing failed: Payment failed.
2025-03-02 10:15:55,410 [INFO] [main] c.r.c.o.s.DefaultOrderService - Placing order for customer: John Doe
2025-03-02 10:15:55,410 [ERROR] [main] c.r.c.o.s.DefaultOrderService - Order processing failed: Split payment amounts do not match the order total.
2025-03-02 10:15:55,421 [INFO] [main] c.r.c.o.s.DefaultOrderService - Placing order for customer: John Doe
2025-03-02 10:15:55,423 [ERROR] [main] c.r.c.o.s.DefaultOrderService - Unexpected error occurred while placing order: Unexpected error
java.lang.RuntimeException: Unexpected error
	at com.raju.codekatas.orderingsystem.service.DefaultOrderService.placeOrder(DefaultOrderService.java:61)
	at com.raju.codekatas.orderingsystem.DefaultOrderServiceTest.lambda$testPlaceOrder_UnexpectedException$2(DefaultOrderServiceTest.java:161)
	at org.junit.jupiter.api.AssertThrows.assertThrows(AssertThrows.java:55)
	at org.junit.jupiter.api.AssertThrows.assertThrows(AssertThrows.java:37)
	at org.junit.jupiter.api.Assertions.assertThrows(Assertions.java:3007)
	at com.raju.codekatas.orderingsystem.DefaultOrderServiceTest.testPlaceOrder_UnexpectedException(DefaultOrderServiceTest.java:160)
	at java.base/jdk.internal.reflect.NativeMethodAccessorImpl.invoke0(Native Method)
	at java.base/jdk.internal.reflect.NativeMethodAccessorImpl.invoke(NativeMethodAccessorImpl.java:77)
	at java.base/jdk.internal.reflect.DelegatingMethodAccessorImpl.invoke(DelegatingMethodAccessorImpl.java:43)
	at java.base/java.lang.reflect.Method.invoke(Method.java:568)
	at org.junit.platform.commons.util.ReflectionUtils.invokeMethod(ReflectionUtils.java:688)
	at org.junit.jupiter.engine.execution.MethodInvocation.proceed(MethodInvocation.java:60)
	at org.junit.jupiter.engine.execution.InvocationInterceptorChain$ValidatingInvocation.proceed(InvocationInterceptorChain.java:131)
	at org.junit.jupiter.engine.extension.TimeoutExtension.intercept(TimeoutExtension.java:149)
	at org.junit.jupiter.engine.extension.TimeoutExtension.interceptTestableMethod(TimeoutExtension.java:140)
	at org.junit.jupiter.engine.extension.TimeoutExtension.interceptTestMethod(TimeoutExtension.java:84)
	at org.junit.jupiter.engine.execution.ExecutableInvoker$ReflectiveInterceptorCall.lambda$ofVoidMethod$0(ExecutableInvoker.java:115)
	at org.junit.jupiter.engine.execution.ExecutableInvoker.lambda$invoke$0(ExecutableInvoker.java:105)
	at org.junit.jupiter.engine.execution.InvocationInterceptorChain$InterceptedInvocation.proceed(InvocationInterceptorChain.java:106)
	at org.junit.jupiter.engine.execution.InvocationInterceptorChain.proceed(InvocationInterceptorChain.java:64)
	at org.junit.jupiter.engine.execution.InvocationInterceptorChain.chainAndInvoke(InvocationInterceptorChain.java:45)
	at org.junit.jupiter.engine.execution.InvocationInterceptorChain.invoke(InvocationInterceptorChain.java:37)
	at org.junit.jupiter.engine.execution.ExecutableInvoker.invoke(ExecutableInvoker.java:104)
	at org.junit.jupiter.engine.execution.ExecutableInvoker.invoke(ExecutableInvoker.java:98)
	at org.junit.jupiter.engine.descriptor.TestMethodTestDescriptor.lambda$invokeTestMethod$6(TestMethodTestDescriptor.java:210)
	at org.junit.platform.engine.support.hierarchical.ThrowableCollector.execute(ThrowableCollector.java:73)
	at org.junit.jupiter.engine.descriptor.TestMethodTestDescriptor.invokeTestMethod(TestMethodTestDescriptor.java:206)
	at org.junit.jupiter.engine.descriptor.TestMethodTestDescriptor.execute(TestMethodTestDescriptor.java:131)
	at org.junit.jupiter.engine.descriptor.TestMethodTestDescriptor.execute(TestMethodTestDescriptor.java:65)
	at org.junit.platform.engine.support.hierarchical.NodeTestTask.lambda$executeRecursively$5(NodeTestTask.java:139)
	at org.junit.platform.engine.support.hierarchical.ThrowableCollector.execute(ThrowableCollector.java:73)
	at org.junit.platform.engine.support.hierarchical.NodeTestTask.lambda$executeRecursively$7(NodeTestTask.java:129)
	at org.junit.platform.engine.support.hierarchical.Node.around(Node.java:137)
	at org.junit.platform.engine.support.hierarchical.NodeTestTask.lambda$executeRecursively$8(NodeTestTask.java:127)
	at org.junit.platform.engine.support.hierarchical.ThrowableCollector.execute(ThrowableCollector.java:73)
	at org.junit.platform.engine.support.hierarchical.NodeTestTask.executeRecursively(NodeTestTask.java:126)
	at org.junit.platform.engine.support.hierarchical.NodeTestTask.execute(NodeTestTask.java:84)
	at java.base/java.util.ArrayList.forEach(ArrayList.java:1511)
	at org.junit.platform.engine.support.hierarchical.SameThreadHierarchicalTestExecutorService.invokeAll(SameThreadHierarchicalTestExecutorService.java:38)
	at org.junit.platform.engine.support.hierarchical.NodeTestTask.lambda$executeRecursively$5(NodeTestTask.java:143)
	at org.junit.platform.engine.support.hierarchical.ThrowableCollector.execute(ThrowableCollector.java:73)
	at org.junit.platform.engine.support.hierarchical.NodeTestTask.lambda$executeRecursively$7(NodeTestTask.java:129)
	at org.junit.platform.engine.support.hierarchical.Node.around(Node.java:137)
	at org.junit.platform.engine.support.hierarchical.NodeTestTask.lambda$executeRecursively$8(NodeTestTask.java:127)
	at org.junit.platform.engine.support.hierarchical.ThrowableCollector.execute(ThrowableCollector.java:73)
	at org.junit.platform.engine.support.hierarchical.NodeTestTask.executeRecursively(NodeTestTask.java:126)
	at org.junit.platform.engine.support.hierarchical.NodeTestTask.execute(NodeTestTask.java:84)
	at java.base/java.util.ArrayList.forEach(ArrayList.java:1511)
	at org.junit.platform.engine.support.hierarchical.SameThreadHierarchicalTestExecutorService.invokeAll(SameThreadHierarchicalTestExecutorService.java:38)
	at org.junit.platform.engine.support.hierarchical.NodeTestTask.lambda$executeRecursively$5(NodeTestTask.java:143)
	at org.junit.platform.engine.support.hierarchical.ThrowableCollector.execute(ThrowableCollector.java:73)
	at org.junit.platform.engine.support.hierarchical.NodeTestTask.lambda$executeRecursively$7(NodeTestTask.java:129)
	at org.junit.platform.engine.support.hierarchical.Node.around(Node.java:137)
	at org.junit.platform.engine.support.hierarchical.NodeTestTask.lambda$executeRecursively$8(NodeTestTask.java:127)
	at org.junit.platform.engine.support.hierarchical.ThrowableCollector.execute(ThrowableCollector.java:73)
	at org.junit.platform.engine.support.hierarchical.NodeTestTask.executeRecursively(NodeTestTask.java:126)
	at org.junit.platform.engine.support.hierarchical.NodeTestTask.execute(NodeTestTask.java:84)
	at org.junit.platform.engine.support.hierarchical.SameThreadHierarchicalTestExecutorService.submit(SameThreadHierarchicalTestExecutorService.java:32)
	at org.junit.platform.engine.support.hierarchical.HierarchicalTestExecutor.execute(HierarchicalTestExecutor.java:57)
	at org.junit.platform.engine.support.hierarchical.HierarchicalTestEngine.execute(HierarchicalTestEngine.java:51)
	at org.junit.platform.launcher.core.EngineExecutionOrchestrator.execute(EngineExecutionOrchestrator.java:108)
	at org.junit.platform.launcher.core.EngineExecutionOrchestrator.execute(EngineExecutionOrchestrator.java:88)
	at org.junit.platform.launcher.core.EngineExecutionOrchestrator.lambda$execute$0(EngineExecutionOrchestrator.java:54)
	at org.junit.platform.launcher.core.EngineExecutionOrchestrator.withInterceptedStreams(EngineExecutionOrchestrator.java:67)
	at org.junit.platform.launcher.core.EngineExecutionOrchestrator.execute(EngineExecutionOrchestrator.java:52)
	at org.junit.platform.launcher.core.DefaultLauncher.execute(DefaultLauncher.java:96)
	at org.junit.platform.launcher.core.DefaultLauncher.execute(DefaultLauncher.java:75)
	at com.intellij.junit5.JUnit5IdeaTestRunner.startRunnerWithArgs(JUnit5IdeaTestRunner.java:57)
	at com.intellij.rt.junit.IdeaTestRunner$Repeater$1.execute(IdeaTestRunner.java:38)
	at com.intellij.rt.execution.junit.TestsRepeater.repeat(TestsRepeater.java:11)
	at com.intellij.rt.junit.IdeaTestRunner$Repeater.startRunnerWithArgs(IdeaTestRunner.java:35)
	at com.intellij.rt.junit.JUnitStarter.prepareStreamsAndStart(JUnitStarter.java:232)
	at com.intellij.rt.junit.JUnitStarter.main(JUnitStarter.java:55)
2025-03-02 10:15:55,439 [INFO] [main] c.r.c.o.s.DefaultOrderService - Placing order for customer: John Doe
2025-03-02 10:15:55,454 [INFO] [main] c.r.c.o.s.DefaultOrderService - Placing order for customer: John Doe
2025-03-02 10:24:33,124 [INFO] [main] c.r.c.o.s.DefaultOrderService - Placing order for customer: John Doe
2025-03-02 10:27:05,888 [ERROR] [main] c.r.c.o.s.DefaultOrderService - Payment processing failed: Payment failed.
2025-03-02 10:27:11,383 [INFO] [main] c.r.c.o.s.DefaultOrderService - Placing order for customer: John Doe
2025-03-02 10:27:14,438 [ERROR] [main] c.r.c.o.s.DefaultOrderService - Payment processing failed: Payment failed.
2025-03-02 10:31:27,379 [INFO] [main] c.r.c.o.s.DefaultOrderService - Placing order for customer: John Doe
2025-03-02 10:32:02,500 [ERROR] [main] c.r.c.o.s.DefaultOrderService - Payment processing failed: Payment failed.
2025-03-02 10:36:23,468 [INFO] [main] c.r.c.o.s.DefaultOrderService - Placing order for customer: John Doe
2025-03-02 10:36:23,492 [ERROR] [main] c.r.c.o.s.DefaultOrderService - Payment processing failed for customer: John Doe. Reason: Payment failed.
2025-03-02 10:36:52,079 [INFO] [main] c.r.c.o.s.DefaultOrderService - Placing order for customer: John Doe
2025-03-02 10:36:52,104 [ERROR] [main] c.r.c.o.s.DefaultOrderService - Payment processing failed for customer: John Doe. Reason: Payment failed.
2025-03-02 10:36:52,126 [INFO] [main] c.r.c.o.s.DefaultOrderService - Placing order for customer: John Doe
2025-03-02 10:36:52,127 [ERROR] [main] c.r.c.o.s.DefaultOrderService - Order processing failed for customer: John Doe. Reason: Split payment amounts do not match the order total.
2025-03-02 10:36:52,137 [INFO] [main] c.r.c.o.s.DefaultOrderService - Placing order for customer: John Doe
2025-03-02 10:36:52,138 [ERROR] [main] c.r.c.o.s.DefaultOrderService - Unexpected error occurred while placing order for customer: John Doe. Reason: Unexpected error
java.lang.RuntimeException: Unexpected error
	at com.raju.codekatas.orderingsystem.service.DefaultOrderService.placeOrder(DefaultOrderService.java:61)
	at com.raju.codekatas.orderingsystem.DefaultOrderServiceTest.lambda$testPlaceOrder_UnexpectedException$2(DefaultOrderServiceTest.java:161)
	at org.junit.jupiter.api.AssertThrows.assertThrows(AssertThrows.java:55)
	at org.junit.jupiter.api.AssertThrows.assertThrows(AssertThrows.java:37)
	at org.junit.jupiter.api.Assertions.assertThrows(Assertions.java:3007)
	at com.raju.codekatas.orderingsystem.DefaultOrderServiceTest.testPlaceOrder_UnexpectedException(DefaultOrderServiceTest.java:160)
	at java.base/jdk.internal.reflect.NativeMethodAccessorImpl.invoke0(Native Method)
	at java.base/jdk.internal.reflect.NativeMethodAccessorImpl.invoke(NativeMethodAccessorImpl.java:77)
	at java.base/jdk.internal.reflect.DelegatingMethodAccessorImpl.invoke(DelegatingMethodAccessorImpl.java:43)
	at java.base/java.lang.reflect.Method.invoke(Method.java:568)
	at org.junit.platform.commons.util.ReflectionUtils.invokeMethod(ReflectionUtils.java:688)
	at org.junit.jupiter.engine.execution.MethodInvocation.proceed(MethodInvocation.java:60)
	at org.junit.jupiter.engine.execution.InvocationInterceptorChain$ValidatingInvocation.proceed(InvocationInterceptorChain.java:131)
	at org.junit.jupiter.engine.extension.TimeoutExtension.intercept(TimeoutExtension.java:149)
	at org.junit.jupiter.engine.extension.TimeoutExtension.interceptTestableMethod(TimeoutExtension.java:140)
	at org.junit.jupiter.engine.extension.TimeoutExtension.interceptTestMethod(TimeoutExtension.java:84)
	at org.junit.jupiter.engine.execution.ExecutableInvoker$ReflectiveInterceptorCall.lambda$ofVoidMethod$0(ExecutableInvoker.java:115)
	at org.junit.jupiter.engine.execution.ExecutableInvoker.lambda$invoke$0(ExecutableInvoker.java:105)
	at org.junit.jupiter.engine.execution.InvocationInterceptorChain$InterceptedInvocation.proceed(InvocationInterceptorChain.java:106)
	at org.junit.jupiter.engine.execution.InvocationInterceptorChain.proceed(InvocationInterceptorChain.java:64)
	at org.junit.jupiter.engine.execution.InvocationInterceptorChain.chainAndInvoke(InvocationInterceptorChain.java:45)
	at org.junit.jupiter.engine.execution.InvocationInterceptorChain.invoke(InvocationInterceptorChain.java:37)
	at org.junit.jupiter.engine.execution.ExecutableInvoker.invoke(ExecutableInvoker.java:104)
	at org.junit.jupiter.engine.execution.ExecutableInvoker.invoke(ExecutableInvoker.java:98)
	at org.junit.jupiter.engine.descriptor.TestMethodTestDescriptor.lambda$invokeTestMethod$6(TestMethodTestDescriptor.java:210)
	at org.junit.platform.engine.support.hierarchical.ThrowableCollector.execute(ThrowableCollector.java:73)
	at org.junit.jupiter.engine.descriptor.TestMethodTestDescriptor.invokeTestMethod(TestMethodTestDescriptor.java:206)
	at org.junit.jupiter.engine.descriptor.TestMethodTestDescriptor.execute(TestMethodTestDescriptor.java:131)
	at org.junit.jupiter.engine.descriptor.TestMethodTestDescriptor.execute(TestMethodTestDescriptor.java:65)
	at org.junit.platform.engine.support.hierarchical.NodeTestTask.lambda$executeRecursively$5(NodeTestTask.java:139)
	at org.junit.platform.engine.support.hierarchical.ThrowableCollector.execute(ThrowableCollector.java:73)
	at org.junit.platform.engine.support.hierarchical.NodeTestTask.lambda$executeRecursively$7(NodeTestTask.java:129)
	at org.junit.platform.engine.support.hierarchical.Node.around(Node.java:137)
	at org.junit.platform.engine.support.hierarchical.NodeTestTask.lambda$executeRecursively$8(NodeTestTask.java:127)
	at org.junit.platform.engine.support.hierarchical.ThrowableCollector.execute(ThrowableCollector.java:73)
	at org.junit.platform.engine.support.hierarchical.NodeTestTask.executeRecursively(NodeTestTask.java:126)
	at org.junit.platform.engine.support.hierarchical.NodeTestTask.execute(NodeTestTask.java:84)
	at java.base/java.util.ArrayList.forEach(ArrayList.java:1511)
	at org.junit.platform.engine.support.hierarchical.SameThreadHierarchicalTestExecutorService.invokeAll(SameThreadHierarchicalTestExecutorService.java:38)
	at org.junit.platform.engine.support.hierarchical.NodeTestTask.lambda$executeRecursively$5(NodeTestTask.java:143)
	at org.junit.platform.engine.support.hierarchical.ThrowableCollector.execute(ThrowableCollector.java:73)
	at org.junit.platform.engine.support.hierarchical.NodeTestTask.lambda$executeRecursively$7(NodeTestTask.java:129)
	at org.junit.platform.engine.support.hierarchical.Node.around(Node.java:137)
	at org.junit.platform.engine.support.hierarchical.NodeTestTask.lambda$executeRecursively$8(NodeTestTask.java:127)
	at org.junit.platform.engine.support.hierarchical.ThrowableCollector.execute(ThrowableCollector.java:73)
	at org.junit.platform.engine.support.hierarchical.NodeTestTask.executeRecursively(NodeTestTask.java:126)
	at org.junit.platform.engine.support.hierarchical.NodeTestTask.execute(NodeTestTask.java:84)
	at java.base/java.util.ArrayList.forEach(ArrayList.java:1511)
	at org.junit.platform.engine.support.hierarchical.SameThreadHierarchicalTestExecutorService.invokeAll(SameThreadHierarchicalTestExecutorService.java:38)
	at org.junit.platform.engine.support.hierarchical.NodeTestTask.lambda$executeRecursively$5(NodeTestTask.java:143)
	at org.junit.platform.engine.support.hierarchical.ThrowableCollector.execute(ThrowableCollector.java:73)
	at org.junit.platform.engine.support.hierarchical.NodeTestTask.lambda$executeRecursively$7(NodeTestTask.java:129)
	at org.junit.platform.engine.support.hierarchical.Node.around(Node.java:137)
	at org.junit.platform.engine.support.hierarchical.NodeTestTask.lambda$executeRecursively$8(NodeTestTask.java:127)
	at org.junit.platform.engine.support.hierarchical.ThrowableCollector.execute(ThrowableCollector.java:73)
	at org.junit.platform.engine.support.hierarchical.NodeTestTask.executeRecursively(NodeTestTask.java:126)
	at org.junit.platform.engine.support.hierarchical.NodeTestTask.execute(NodeTestTask.java:84)
	at org.junit.platform.engine.support.hierarchical.SameThreadHierarchicalTestExecutorService.submit(SameThreadHierarchicalTestExecutorService.java:32)
	at org.junit.platform.engine.support.hierarchical.HierarchicalTestExecutor.execute(HierarchicalTestExecutor.java:57)
	at org.junit.platform.engine.support.hierarchical.HierarchicalTestEngine.execute(HierarchicalTestEngine.java:51)
	at org.junit.platform.launcher.core.EngineExecutionOrchestrator.execute(EngineExecutionOrchestrator.java:108)
	at org.junit.platform.launcher.core.EngineExecutionOrchestrator.execute(EngineExecutionOrchestrator.java:88)
	at org.junit.platform.launcher.core.EngineExecutionOrchestrator.lambda$execute$0(EngineExecutionOrchestrator.java:54)
	at org.junit.platform.launcher.core.EngineExecutionOrchestrator.withInterceptedStreams(EngineExecutionOrchestrator.java:67)
	at org.junit.platform.launcher.core.EngineExecutionOrchestrator.execute(EngineExecutionOrchestrator.java:52)
	at org.junit.platform.launcher.core.DefaultLauncher.execute(DefaultLauncher.java:96)
	at org.junit.platform.launcher.core.DefaultLauncher.execute(DefaultLauncher.java:75)
	at com.intellij.junit5.JUnit5IdeaTestRunner.startRunnerWithArgs(JUnit5IdeaTestRunner.java:57)
	at com.intellij.rt.junit.IdeaTestRunner$Repeater$1.execute(IdeaTestRunner.java:38)
	at com.intellij.rt.execution.junit.TestsRepeater.repeat(TestsRepeater.java:11)
	at com.intellij.rt.junit.IdeaTestRunner$Repeater.startRunnerWithArgs(IdeaTestRunner.java:35)
	at com.intellij.rt.junit.JUnitStarter.prepareStreamsAndStart(JUnitStarter.java:232)
	at com.intellij.rt.junit.JUnitStarter.main(JUnitStarter.java:55)
2025-03-02 10:36:52,148 [INFO] [main] c.r.c.o.s.DefaultOrderService - Placing order for customer: John Doe
2025-03-02 10:36:52,166 [INFO] [main] c.r.c.o.s.DefaultOrderService - Placing order for customer: John Doe
2025-03-02 10:38:12,904 [INFO] [main] c.r.c.o.s.DefaultOrderService - Placing order for customer: John Doe
2025-03-02 10:38:41,649 [INFO] [main] c.r.c.o.s.DefaultOrderService - Placing order for customer: John Doe
2025-03-02 10:38:41,679 [ERROR] [main] c.r.c.o.s.DefaultOrderService - Payment processing failed for customer: John Doe. Reason: Payment failed.
2025-03-02 10:38:41,701 [INFO] [main] c.r.c.o.s.DefaultOrderService - Placing order for customer: John Doe
2025-03-02 10:38:41,703 [ERROR] [main] c.r.c.o.s.DefaultOrderService - Order processing failed for customer: John Doe. Reason: Split payment amounts do not match the order total.
2025-03-02 10:38:41,710 [INFO] [main] c.r.c.o.s.DefaultOrderService - Placing order for customer: John Doe
2025-03-02 10:38:41,711 [ERROR] [main] c.r.c.o.s.DefaultOrderService - Unexpected error occurred while placing order for customer: John Doe. Reason: Unexpected error
java.lang.RuntimeException: Unexpected error
	at com.raju.codekatas.orderingsystem.service.DefaultOrderService.placeOrder(DefaultOrderService.java:61)
	at com.raju.codekatas.orderingsystem.DefaultOrderServiceTest.lambda$testPlaceOrder_UnexpectedException$2(DefaultOrderServiceTest.java:161)
	at org.junit.jupiter.api.AssertThrows.assertThrows(AssertThrows.java:55)
	at org.junit.jupiter.api.AssertThrows.assertThrows(AssertThrows.java:37)
	at org.junit.jupiter.api.Assertions.assertThrows(Assertions.java:3007)
	at com.raju.codekatas.orderingsystem.DefaultOrderServiceTest.testPlaceOrder_UnexpectedException(DefaultOrderServiceTest.java:160)
	at java.base/jdk.internal.reflect.NativeMethodAccessorImpl.invoke0(Native Method)
	at java.base/jdk.internal.reflect.NativeMethodAccessorImpl.invoke(NativeMethodAccessorImpl.java:77)
	at java.base/jdk.internal.reflect.DelegatingMethodAccessorImpl.invoke(DelegatingMethodAccessorImpl.java:43)
	at java.base/java.lang.reflect.Method.invoke(Method.java:568)
	at org.junit.platform.commons.util.ReflectionUtils.invokeMethod(ReflectionUtils.java:688)
	at org.junit.jupiter.engine.execution.MethodInvocation.proceed(MethodInvocation.java:60)
	at org.junit.jupiter.engine.execution.InvocationInterceptorChain$ValidatingInvocation.proceed(InvocationInterceptorChain.java:131)
	at org.junit.jupiter.engine.extension.TimeoutExtension.intercept(TimeoutExtension.java:149)
	at org.junit.jupiter.engine.extension.TimeoutExtension.interceptTestableMethod(TimeoutExtension.java:140)
	at org.junit.jupiter.engine.extension.TimeoutExtension.interceptTestMethod(TimeoutExtension.java:84)
	at org.junit.jupiter.engine.execution.ExecutableInvoker$ReflectiveInterceptorCall.lambda$ofVoidMethod$0(ExecutableInvoker.java:115)
	at org.junit.jupiter.engine.execution.ExecutableInvoker.lambda$invoke$0(ExecutableInvoker.java:105)
	at org.junit.jupiter.engine.execution.InvocationInterceptorChain$InterceptedInvocation.proceed(InvocationInterceptorChain.java:106)
	at org.junit.jupiter.engine.execution.InvocationInterceptorChain.proceed(InvocationInterceptorChain.java:64)
	at org.junit.jupiter.engine.execution.InvocationInterceptorChain.chainAndInvoke(InvocationInterceptorChain.java:45)
	at org.junit.jupiter.engine.execution.InvocationInterceptorChain.invoke(InvocationInterceptorChain.java:37)
	at org.junit.jupiter.engine.execution.ExecutableInvoker.invoke(ExecutableInvoker.java:104)
	at org.junit.jupiter.engine.execution.ExecutableInvoker.invoke(ExecutableInvoker.java:98)
	at org.junit.jupiter.engine.descriptor.TestMethodTestDescriptor.lambda$invokeTestMethod$6(TestMethodTestDescriptor.java:210)
	at org.junit.platform.engine.support.hierarchical.ThrowableCollector.execute(ThrowableCollector.java:73)
	at org.junit.jupiter.engine.descriptor.TestMethodTestDescriptor.invokeTestMethod(TestMethodTestDescriptor.java:206)
	at org.junit.jupiter.engine.descriptor.TestMethodTestDescriptor.execute(TestMethodTestDescriptor.java:131)
	at org.junit.jupiter.engine.descriptor.TestMethodTestDescriptor.execute(TestMethodTestDescriptor.java:65)
	at org.junit.platform.engine.support.hierarchical.NodeTestTask.lambda$executeRecursively$5(NodeTestTask.java:139)
	at org.junit.platform.engine.support.hierarchical.ThrowableCollector.execute(ThrowableCollector.java:73)
	at org.junit.platform.engine.support.hierarchical.NodeTestTask.lambda$executeRecursively$7(NodeTestTask.java:129)
	at org.junit.platform.engine.support.hierarchical.Node.around(Node.java:137)
	at org.junit.platform.engine.support.hierarchical.NodeTestTask.lambda$executeRecursively$8(NodeTestTask.java:127)
	at org.junit.platform.engine.support.hierarchical.ThrowableCollector.execute(ThrowableCollector.java:73)
	at org.junit.platform.engine.support.hierarchical.NodeTestTask.executeRecursively(NodeTestTask.java:126)
	at org.junit.platform.engine.support.hierarchical.NodeTestTask.execute(NodeTestTask.java:84)
	at java.base/java.util.ArrayList.forEach(ArrayList.java:1511)
	at org.junit.platform.engine.support.hierarchical.SameThreadHierarchicalTestExecutorService.invokeAll(SameThreadHierarchicalTestExecutorService.java:38)
	at org.junit.platform.engine.support.hierarchical.NodeTestTask.lambda$executeRecursively$5(NodeTestTask.java:143)
	at org.junit.platform.engine.support.hierarchical.ThrowableCollector.execute(ThrowableCollector.java:73)
	at org.junit.platform.engine.support.hierarchical.NodeTestTask.lambda$executeRecursively$7(NodeTestTask.java:129)
	at org.junit.platform.engine.support.hierarchical.Node.around(Node.java:137)
	at org.junit.platform.engine.support.hierarchical.NodeTestTask.lambda$executeRecursively$8(NodeTestTask.java:127)
	at org.junit.platform.engine.support.hierarchical.ThrowableCollector.execute(ThrowableCollector.java:73)
	at org.junit.platform.engine.support.hierarchical.NodeTestTask.executeRecursively(NodeTestTask.java:126)
	at org.junit.platform.engine.support.hierarchical.NodeTestTask.execute(NodeTestTask.java:84)
	at java.base/java.util.ArrayList.forEach(ArrayList.java:1511)
	at org.junit.platform.engine.support.hierarchical.SameThreadHierarchicalTestExecutorService.invokeAll(SameThreadHierarchicalTestExecutorService.java:38)
	at org.junit.platform.engine.support.hierarchical.NodeTestTask.lambda$executeRecursively$5(NodeTestTask.java:143)
	at org.junit.platform.engine.support.hierarchical.ThrowableCollector.execute(ThrowableCollector.java:73)
	at org.junit.platform.engine.support.hierarchical.NodeTestTask.lambda$executeRecursively$7(NodeTestTask.java:129)
	at org.junit.platform.engine.support.hierarchical.Node.around(Node.java:137)
	at org.junit.platform.engine.support.hierarchical.NodeTestTask.lambda$executeRecursively$8(NodeTestTask.java:127)
	at org.junit.platform.engine.support.hierarchical.ThrowableCollector.execute(ThrowableCollector.java:73)
	at org.junit.platform.engine.support.hierarchical.NodeTestTask.executeRecursively(NodeTestTask.java:126)
	at org.junit.platform.engine.support.hierarchical.NodeTestTask.execute(NodeTestTask.java:84)
	at org.junit.platform.engine.support.hierarchical.SameThreadHierarchicalTestExecutorService.submit(SameThreadHierarchicalTestExecutorService.java:32)
	at org.junit.platform.engine.support.hierarchical.HierarchicalTestExecutor.execute(HierarchicalTestExecutor.java:57)
	at org.junit.platform.engine.support.hierarchical.HierarchicalTestEngine.execute(HierarchicalTestEngine.java:51)
	at org.junit.platform.launcher.core.EngineExecutionOrchestrator.execute(EngineExecutionOrchestrator.java:108)
	at org.junit.platform.launcher.core.EngineExecutionOrchestrator.execute(EngineExecutionOrchestrator.java:88)
	at org.junit.platform.launcher.core.EngineExecutionOrchestrator.lambda$execute$0(EngineExecutionOrchestrator.java:54)
	at org.junit.platform.launcher.core.EngineExecutionOrchestrator.withInterceptedStreams(EngineExecutionOrchestrator.java:67)
	at org.junit.platform.launcher.core.EngineExecutionOrchestrator.execute(EngineExecutionOrchestrator.java:52)
	at org.junit.platform.launcher.core.DefaultLauncher.execute(DefaultLauncher.java:96)
	at org.junit.platform.launcher.core.DefaultLauncher.execute(DefaultLauncher.java:75)
	at com.intellij.junit5.JUnit5IdeaTestRunner.startRunnerWithArgs(JUnit5IdeaTestRunner.java:57)
	at com.intellij.rt.junit.IdeaTestRunner$Repeater$1.execute(IdeaTestRunner.java:38)
	at com.intellij.rt.execution.junit.TestsRepeater.repeat(TestsRepeater.java:11)
	at com.intellij.rt.junit.IdeaTestRunner$Repeater.startRunnerWithArgs(IdeaTestRunner.java:35)
	at com.intellij.rt.junit.JUnitStarter.prepareStreamsAndStart(JUnitStarter.java:232)
	at com.intellij.rt.junit.JUnitStarter.main(JUnitStarter.java:55)
2025-03-02 10:38:41,724 [INFO] [main] c.r.c.o.s.DefaultOrderService - Placing order for customer: John Doe
2025-03-02 10:38:41,733 [INFO] [main] c.r.c.o.s.DefaultOrderService - Placing order for customer: John Doe
2025-03-02 10:40:12,630 [INFO] [main] c.r.c.o.s.DefaultOrderService - Placing order for customer: John Doe
2025-03-02 10:40:12,658 [ERROR] [main] c.r.c.o.s.DefaultOrderService - Payment processing failed for customer: John Doe. Reason: Payment failed.
2025-03-02 10:40:12,681 [INFO] [main] c.r.c.o.s.DefaultOrderService - Placing order for customer: John Doe
2025-03-02 10:40:12,682 [ERROR] [main] c.r.c.o.s.DefaultOrderService - Order processing failed for customer: John Doe. Reason: Split payment amounts do not match the order total.
2025-03-02 10:40:12,690 [INFO] [main] c.r.c.o.s.DefaultOrderService - Placing order for customer: John Doe
2025-03-02 10:40:12,691 [ERROR] [main] c.r.c.o.s.DefaultOrderService - Unexpected error occurred while placing order for customer: John Doe. Reason: Unexpected error
java.lang.RuntimeException: Unexpected error
	at com.raju.codekatas.orderingsystem.service.DefaultOrderService.placeOrder(DefaultOrderService.java:61)
	at com.raju.codekatas.orderingsystem.DefaultOrderServiceTest.lambda$testPlaceOrder_UnexpectedException$2(DefaultOrderServiceTest.java:161)
	at org.junit.jupiter.api.AssertThrows.assertThrows(AssertThrows.java:55)
	at org.junit.jupiter.api.AssertThrows.assertThrows(AssertThrows.java:37)
	at org.junit.jupiter.api.Assertions.assertThrows(Assertions.java:3007)
	at com.raju.codekatas.orderingsystem.DefaultOrderServiceTest.testPlaceOrder_UnexpectedException(DefaultOrderServiceTest.java:160)
	at java.base/jdk.internal.reflect.NativeMethodAccessorImpl.invoke0(Native Method)
	at java.base/jdk.internal.reflect.NativeMethodAccessorImpl.invoke(NativeMethodAccessorImpl.java:77)
	at java.base/jdk.internal.reflect.DelegatingMethodAccessorImpl.invoke(DelegatingMethodAccessorImpl.java:43)
	at java.base/java.lang.reflect.Method.invoke(Method.java:568)
	at org.junit.platform.commons.util.ReflectionUtils.invokeMethod(ReflectionUtils.java:688)
	at org.junit.jupiter.engine.execution.MethodInvocation.proceed(MethodInvocation.java:60)
	at org.junit.jupiter.engine.execution.InvocationInterceptorChain$ValidatingInvocation.proceed(InvocationInterceptorChain.java:131)
	at org.junit.jupiter.engine.extension.TimeoutExtension.intercept(TimeoutExtension.java:149)
	at org.junit.jupiter.engine.extension.TimeoutExtension.interceptTestableMethod(TimeoutExtension.java:140)
	at org.junit.jupiter.engine.extension.TimeoutExtension.interceptTestMethod(TimeoutExtension.java:84)
	at org.junit.jupiter.engine.execution.ExecutableInvoker$ReflectiveInterceptorCall.lambda$ofVoidMethod$0(ExecutableInvoker.java:115)
	at org.junit.jupiter.engine.execution.ExecutableInvoker.lambda$invoke$0(ExecutableInvoker.java:105)
	at org.junit.jupiter.engine.execution.InvocationInterceptorChain$InterceptedInvocation.proceed(InvocationInterceptorChain.java:106)
	at org.junit.jupiter.engine.execution.InvocationInterceptorChain.proceed(InvocationInterceptorChain.java:64)
	at org.junit.jupiter.engine.execution.InvocationInterceptorChain.chainAndInvoke(InvocationInterceptorChain.java:45)
	at org.junit.jupiter.engine.execution.InvocationInterceptorChain.invoke(InvocationInterceptorChain.java:37)
	at org.junit.jupiter.engine.execution.ExecutableInvoker.invoke(ExecutableInvoker.java:104)
	at org.junit.jupiter.engine.execution.ExecutableInvoker.invoke(ExecutableInvoker.java:98)
	at org.junit.jupiter.engine.descriptor.TestMethodTestDescriptor.lambda$invokeTestMethod$6(TestMethodTestDescriptor.java:210)
	at org.junit.platform.engine.support.hierarchical.ThrowableCollector.execute(ThrowableCollector.java:73)
	at org.junit.jupiter.engine.descriptor.TestMethodTestDescriptor.invokeTestMethod(TestMethodTestDescriptor.java:206)
	at org.junit.jupiter.engine.descriptor.TestMethodTestDescriptor.execute(TestMethodTestDescriptor.java:131)
	at org.junit.jupiter.engine.descriptor.TestMethodTestDescriptor.execute(TestMethodTestDescriptor.java:65)
	at org.junit.platform.engine.support.hierarchical.NodeTestTask.lambda$executeRecursively$5(NodeTestTask.java:139)
	at org.junit.platform.engine.support.hierarchical.ThrowableCollector.execute(ThrowableCollector.java:73)
	at org.junit.platform.engine.support.hierarchical.NodeTestTask.lambda$executeRecursively$7(NodeTestTask.java:129)
	at org.junit.platform.engine.support.hierarchical.Node.around(Node.java:137)
	at org.junit.platform.engine.support.hierarchical.NodeTestTask.lambda$executeRecursively$8(NodeTestTask.java:127)
	at org.junit.platform.engine.support.hierarchical.ThrowableCollector.execute(ThrowableCollector.java:73)
	at org.junit.platform.engine.support.hierarchical.NodeTestTask.executeRecursively(NodeTestTask.java:126)
	at org.junit.platform.engine.support.hierarchical.NodeTestTask.execute(NodeTestTask.java:84)
	at java.base/java.util.ArrayList.forEach(ArrayList.java:1511)
	at org.junit.platform.engine.support.hierarchical.SameThreadHierarchicalTestExecutorService.invokeAll(SameThreadHierarchicalTestExecutorService.java:38)
	at org.junit.platform.engine.support.hierarchical.NodeTestTask.lambda$executeRecursively$5(NodeTestTask.java:143)
	at org.junit.platform.engine.support.hierarchical.ThrowableCollector.execute(ThrowableCollector.java:73)
	at org.junit.platform.engine.support.hierarchical.NodeTestTask.lambda$executeRecursively$7(NodeTestTask.java:129)
	at org.junit.platform.engine.support.hierarchical.Node.around(Node.java:137)
	at org.junit.platform.engine.support.hierarchical.NodeTestTask.lambda$executeRecursively$8(NodeTestTask.java:127)
	at org.junit.platform.engine.support.hierarchical.ThrowableCollector.execute(ThrowableCollector.java:73)
	at org.junit.platform.engine.support.hierarchical.NodeTestTask.executeRecursively(NodeTestTask.java:126)
	at org.junit.platform.engine.support.hierarchical.NodeTestTask.execute(NodeTestTask.java:84)
	at java.base/java.util.ArrayList.forEach(ArrayList.java:1511)
	at org.junit.platform.engine.support.hierarchical.SameThreadHierarchicalTestExecutorService.invokeAll(SameThreadHierarchicalTestExecutorService.java:38)
	at org.junit.platform.engine.support.hierarchical.NodeTestTask.lambda$executeRecursively$5(NodeTestTask.java:143)
	at org.junit.platform.engine.support.hierarchical.ThrowableCollector.execute(ThrowableCollector.java:73)
	at org.junit.platform.engine.support.hierarchical.NodeTestTask.lambda$executeRecursively$7(NodeTestTask.java:129)
	at org.junit.platform.engine.support.hierarchical.Node.around(Node.java:137)
	at org.junit.platform.engine.support.hierarchical.NodeTestTask.lambda$executeRecursively$8(NodeTestTask.java:127)
	at org.junit.platform.engine.support.hierarchical.ThrowableCollector.execute(ThrowableCollector.java:73)
	at org.junit.platform.engine.support.hierarchical.NodeTestTask.executeRecursively(NodeTestTask.java:126)
	at org.junit.platform.engine.support.hierarchical.NodeTestTask.execute(NodeTestTask.java:84)
	at org.junit.platform.engine.support.hierarchical.SameThreadHierarchicalTestExecutorService.submit(SameThreadHierarchicalTestExecutorService.java:32)
	at org.junit.platform.engine.support.hierarchical.HierarchicalTestExecutor.execute(HierarchicalTestExecutor.java:57)
	at org.junit.platform.engine.support.hierarchical.HierarchicalTestEngine.execute(HierarchicalTestEngine.java:51)
	at org.junit.platform.launcher.core.EngineExecutionOrchestrator.execute(EngineExecutionOrchestrator.java:108)
	at org.junit.platform.launcher.core.EngineExecutionOrchestrator.execute(EngineExecutionOrchestrator.java:88)
	at org.junit.platform.launcher.core.EngineExecutionOrchestrator.lambda$execute$0(EngineExecutionOrchestrator.java:54)
	at org.junit.platform.launcher.core.EngineExecutionOrchestrator.withInterceptedStreams(EngineExecutionOrchestrator.java:67)
	at org.junit.platform.launcher.core.EngineExecutionOrchestrator.execute(EngineExecutionOrchestrator.java:52)
	at org.junit.platform.launcher.core.DefaultLauncher.execute(DefaultLauncher.java:96)
	at org.junit.platform.launcher.core.DefaultLauncher.execute(DefaultLauncher.java:75)
	at com.intellij.junit5.JUnit5IdeaTestRunner.startRunnerWithArgs(JUnit5IdeaTestRunner.java:57)
	at com.intellij.rt.junit.IdeaTestRunner$Repeater$1.execute(IdeaTestRunner.java:38)
	at com.intellij.rt.execution.junit.TestsRepeater.repeat(TestsRepeater.java:11)
	at com.intellij.rt.junit.IdeaTestRunner$Repeater.startRunnerWithArgs(IdeaTestRunner.java:35)
	at com.intellij.rt.junit.JUnitStarter.prepareStreamsAndStart(JUnitStarter.java:232)
	at com.intellij.rt.junit.JUnitStarter.main(JUnitStarter.java:55)
2025-03-02 10:40:12,705 [INFO] [main] c.r.c.o.s.DefaultOrderService - Placing order for customer: John Doe
2025-03-02 10:40:12,716 [INFO] [main] c.r.c.o.s.DefaultOrderService - Placing order for customer: John Doe
2025-03-02 10:40:17,897 [INFO] [main] c.r.c.o.s.DefaultOrderService - Placing order for customer: John Doe
2025-03-02 10:40:17,929 [ERROR] [main] c.r.c.o.s.DefaultOrderService - Payment processing failed for customer: John Doe. Reason: Payment failed.
2025-03-02 10:40:17,950 [INFO] [main] c.r.c.o.s.DefaultOrderService - Placing order for customer: John Doe
2025-03-02 10:40:17,952 [ERROR] [main] c.r.c.o.s.DefaultOrderService - Order processing failed for customer: John Doe. Reason: Split payment amounts do not match the order total.
2025-03-02 10:40:17,960 [INFO] [main] c.r.c.o.s.DefaultOrderService - Placing order for customer: John Doe
2025-03-02 10:40:17,961 [ERROR] [main] c.r.c.o.s.DefaultOrderService - Unexpected error occurred while placing order for customer: John Doe. Reason: Unexpected error
java.lang.RuntimeException: Unexpected error
	at com.raju.codekatas.orderingsystem.service.DefaultOrderService.placeOrder(DefaultOrderService.java:61)
	at com.raju.codekatas.orderingsystem.DefaultOrderServiceTest.lambda$testPlaceOrder_UnexpectedException$2(DefaultOrderServiceTest.java:161)
	at org.junit.jupiter.api.AssertThrows.assertThrows(AssertThrows.java:55)
	at org.junit.jupiter.api.AssertThrows.assertThrows(AssertThrows.java:37)
	at org.junit.jupiter.api.Assertions.assertThrows(Assertions.java:3007)
	at com.raju.codekatas.orderingsystem.DefaultOrderServiceTest.testPlaceOrder_UnexpectedException(DefaultOrderServiceTest.java:160)
	at java.base/jdk.internal.reflect.NativeMethodAccessorImpl.invoke0(Native Method)
	at java.base/jdk.internal.reflect.NativeMethodAccessorImpl.invoke(NativeMethodAccessorImpl.java:77)
	at java.base/jdk.internal.reflect.DelegatingMethodAccessorImpl.invoke(DelegatingMethodAccessorImpl.java:43)
	at java.base/java.lang.reflect.Method.invoke(Method.java:568)
	at org.junit.platform.commons.util.ReflectionUtils.invokeMethod(ReflectionUtils.java:688)
	at org.junit.jupiter.engine.execution.MethodInvocation.proceed(MethodInvocation.java:60)
	at org.junit.jupiter.engine.execution.InvocationInterceptorChain$ValidatingInvocation.proceed(InvocationInterceptorChain.java:131)
	at org.junit.jupiter.engine.extension.TimeoutExtension.intercept(TimeoutExtension.java:149)
	at org.junit.jupiter.engine.extension.TimeoutExtension.interceptTestableMethod(TimeoutExtension.java:140)
	at org.junit.jupiter.engine.extension.TimeoutExtension.interceptTestMethod(TimeoutExtension.java:84)
	at org.junit.jupiter.engine.execution.ExecutableInvoker$ReflectiveInterceptorCall.lambda$ofVoidMethod$0(ExecutableInvoker.java:115)
	at org.junit.jupiter.engine.execution.ExecutableInvoker.lambda$invoke$0(ExecutableInvoker.java:105)
	at org.junit.jupiter.engine.execution.InvocationInterceptorChain$InterceptedInvocation.proceed(InvocationInterceptorChain.java:106)
	at org.junit.jupiter.engine.execution.InvocationInterceptorChain.proceed(InvocationInterceptorChain.java:64)
	at org.junit.jupiter.engine.execution.InvocationInterceptorChain.chainAndInvoke(InvocationInterceptorChain.java:45)
	at org.junit.jupiter.engine.execution.InvocationInterceptorChain.invoke(InvocationInterceptorChain.java:37)
	at org.junit.jupiter.engine.execution.ExecutableInvoker.invoke(ExecutableInvoker.java:104)
	at org.junit.jupiter.engine.execution.ExecutableInvoker.invoke(ExecutableInvoker.java:98)
	at org.junit.jupiter.engine.descriptor.TestMethodTestDescriptor.lambda$invokeTestMethod$6(TestMethodTestDescriptor.java:210)
	at org.junit.platform.engine.support.hierarchical.ThrowableCollector.execute(ThrowableCollector.java:73)
	at org.junit.jupiter.engine.descriptor.TestMethodTestDescriptor.invokeTestMethod(TestMethodTestDescriptor.java:206)
	at org.junit.jupiter.engine.descriptor.TestMethodTestDescriptor.execute(TestMethodTestDescriptor.java:131)
	at org.junit.jupiter.engine.descriptor.TestMethodTestDescriptor.execute(TestMethodTestDescriptor.java:65)
	at org.junit.platform.engine.support.hierarchical.NodeTestTask.lambda$executeRecursively$5(NodeTestTask.java:139)
	at org.junit.platform.engine.support.hierarchical.ThrowableCollector.execute(ThrowableCollector.java:73)
	at org.junit.platform.engine.support.hierarchical.NodeTestTask.lambda$executeRecursively$7(NodeTestTask.java:129)
	at org.junit.platform.engine.support.hierarchical.Node.around(Node.java:137)
	at org.junit.platform.engine.support.hierarchical.NodeTestTask.lambda$executeRecursively$8(NodeTestTask.java:127)
	at org.junit.platform.engine.support.hierarchical.ThrowableCollector.execute(ThrowableCollector.java:73)
	at org.junit.platform.engine.support.hierarchical.NodeTestTask.executeRecursively(NodeTestTask.java:126)
	at org.junit.platform.engine.support.hierarchical.NodeTestTask.execute(NodeTestTask.java:84)
	at java.base/java.util.ArrayList.forEach(ArrayList.java:1511)
	at org.junit.platform.engine.support.hierarchical.SameThreadHierarchicalTestExecutorService.invokeAll(SameThreadHierarchicalTestExecutorService.java:38)
	at org.junit.platform.engine.support.hierarchical.NodeTestTask.lambda$executeRecursively$5(NodeTestTask.java:143)
	at org.junit.platform.engine.support.hierarchical.ThrowableCollector.execute(ThrowableCollector.java:73)
	at org.junit.platform.engine.support.hierarchical.NodeTestTask.lambda$executeRecursively$7(NodeTestTask.java:129)
	at org.junit.platform.engine.support.hierarchical.Node.around(Node.java:137)
	at org.junit.platform.engine.support.hierarchical.NodeTestTask.lambda$executeRecursively$8(NodeTestTask.java:127)
	at org.junit.platform.engine.support.hierarchical.ThrowableCollector.execute(ThrowableCollector.java:73)
	at org.junit.platform.engine.support.hierarchical.NodeTestTask.executeRecursively(NodeTestTask.java:126)
	at org.junit.platform.engine.support.hierarchical.NodeTestTask.execute(NodeTestTask.java:84)
	at java.base/java.util.ArrayList.forEach(ArrayList.java:1511)
	at org.junit.platform.engine.support.hierarchical.SameThreadHierarchicalTestExecutorService.invokeAll(SameThreadHierarchicalTestExecutorService.java:38)
	at org.junit.platform.engine.support.hierarchical.NodeTestTask.lambda$executeRecursively$5(NodeTestTask.java:143)
	at org.junit.platform.engine.support.hierarchical.ThrowableCollector.execute(ThrowableCollector.java:73)
	at org.junit.platform.engine.support.hierarchical.NodeTestTask.lambda$executeRecursively$7(NodeTestTask.java:129)
	at org.junit.platform.engine.support.hierarchical.Node.around(Node.java:137)
	at org.junit.platform.engine.support.hierarchical.NodeTestTask.lambda$executeRecursively$8(NodeTestTask.java:127)
	at org.junit.platform.engine.support.hierarchical.ThrowableCollector.execute(ThrowableCollector.java:73)
	at org.junit.platform.engine.support.hierarchical.NodeTestTask.executeRecursively(NodeTestTask.java:126)
	at org.junit.platform.engine.support.hierarchical.NodeTestTask.execute(NodeTestTask.java:84)
	at org.junit.platform.engine.support.hierarchical.SameThreadHierarchicalTestExecutorService.submit(SameThreadHierarchicalTestExecutorService.java:32)
	at org.junit.platform.engine.support.hierarchical.HierarchicalTestExecutor.execute(HierarchicalTestExecutor.java:57)
	at org.junit.platform.engine.support.hierarchical.HierarchicalTestEngine.execute(HierarchicalTestEngine.java:51)
	at org.junit.platform.launcher.core.EngineExecutionOrchestrator.execute(EngineExecutionOrchestrator.java:108)
	at org.junit.platform.launcher.core.EngineExecutionOrchestrator.execute(EngineExecutionOrchestrator.java:88)
	at org.junit.platform.launcher.core.EngineExecutionOrchestrator.lambda$execute$0(EngineExecutionOrchestrator.java:54)
	at org.junit.platform.launcher.core.EngineExecutionOrchestrator.withInterceptedStreams(EngineExecutionOrchestrator.java:67)
	at org.junit.platform.launcher.core.EngineExecutionOrchestrator.execute(EngineExecutionOrchestrator.java:52)
	at org.junit.platform.launcher.core.DefaultLauncher.execute(DefaultLauncher.java:96)
	at org.junit.platform.launcher.core.DefaultLauncher.execute(DefaultLauncher.java:75)
	at com.intellij.junit5.JUnit5IdeaTestRunner.startRunnerWithArgs(JUnit5IdeaTestRunner.java:57)
	at com.intellij.rt.junit.IdeaTestRunner$Repeater$1.execute(IdeaTestRunner.java:38)
	at com.intellij.rt.execution.junit.TestsRepeater.repeat(TestsRepeater.java:11)
	at com.intellij.rt.junit.IdeaTestRunner$Repeater.startRunnerWithArgs(IdeaTestRunner.java:35)
	at com.intellij.rt.junit.JUnitStarter.prepareStreamsAndStart(JUnitStarter.java:232)
	at com.intellij.rt.junit.JUnitStarter.main(JUnitStarter.java:55)
2025-03-02 10:40:17,979 [INFO] [main] c.r.c.o.s.DefaultOrderService - Placing order for customer: John Doe
2025-03-02 10:40:17,989 [INFO] [main] c.r.c.o.s.DefaultOrderService - Placing order for customer: John Doe
2025-03-02 10:40:30,312 [INFO] [main] c.r.c.o.s.DefaultOrderService - Placing order for customer: John Doe
2025-03-02 10:40:30,339 [ERROR] [main] c.r.c.o.s.DefaultOrderService - Payment processing failed for customer: John Doe. Reason: Payment failed.
2025-03-02 10:40:30,364 [INFO] [main] c.r.c.o.s.DefaultOrderService - Placing order for customer: John Doe
2025-03-02 10:40:30,366 [ERROR] [main] c.r.c.o.s.DefaultOrderService - Order processing failed for customer: John Doe. Reason: Split payment amounts do not match the order total.
2025-03-02 10:40:30,374 [INFO] [main] c.r.c.o.s.DefaultOrderService - Placing order for customer: John Doe
2025-03-02 10:40:30,375 [ERROR] [main] c.r.c.o.s.DefaultOrderService - Unexpected error occurred while placing order for customer: John Doe. Reason: Unexpected error
java.lang.RuntimeException: Unexpected error
	at com.raju.codekatas.orderingsystem.service.DefaultOrderService.placeOrder(DefaultOrderService.java:61)
	at com.raju.codekatas.orderingsystem.DefaultOrderServiceTest.lambda$testPlaceOrder_UnexpectedException$2(DefaultOrderServiceTest.java:161)
	at org.junit.jupiter.api.AssertThrows.assertThrows(AssertThrows.java:55)
	at org.junit.jupiter.api.AssertThrows.assertThrows(AssertThrows.java:37)
	at org.junit.jupiter.api.Assertions.assertThrows(Assertions.java:3007)
	at com.raju.codekatas.orderingsystem.DefaultOrderServiceTest.testPlaceOrder_UnexpectedException(DefaultOrderServiceTest.java:160)
	at java.base/jdk.internal.reflect.NativeMethodAccessorImpl.invoke0(Native Method)
	at java.base/jdk.internal.reflect.NativeMethodAccessorImpl.invoke(NativeMethodAccessorImpl.java:77)
	at java.base/jdk.internal.reflect.DelegatingMethodAccessorImpl.invoke(DelegatingMethodAccessorImpl.java:43)
	at java.base/java.lang.reflect.Method.invoke(Method.java:568)
	at org.junit.platform.commons.util.ReflectionUtils.invokeMethod(ReflectionUtils.java:688)
	at org.junit.jupiter.engine.execution.MethodInvocation.proceed(MethodInvocation.java:60)
	at org.junit.jupiter.engine.execution.InvocationInterceptorChain$ValidatingInvocation.proceed(InvocationInterceptorChain.java:131)
	at org.junit.jupiter.engine.extension.TimeoutExtension.intercept(TimeoutExtension.java:149)
	at org.junit.jupiter.engine.extension.TimeoutExtension.interceptTestableMethod(TimeoutExtension.java:140)
	at org.junit.jupiter.engine.extension.TimeoutExtension.interceptTestMethod(TimeoutExtension.java:84)
	at org.junit.jupiter.engine.execution.ExecutableInvoker$ReflectiveInterceptorCall.lambda$ofVoidMethod$0(ExecutableInvoker.java:115)
	at org.junit.jupiter.engine.execution.ExecutableInvoker.lambda$invoke$0(ExecutableInvoker.java:105)
	at org.junit.jupiter.engine.execution.InvocationInterceptorChain$InterceptedInvocation.proceed(InvocationInterceptorChain.java:106)
	at org.junit.jupiter.engine.execution.InvocationInterceptorChain.proceed(InvocationInterceptorChain.java:64)
	at org.junit.jupiter.engine.execution.InvocationInterceptorChain.chainAndInvoke(InvocationInterceptorChain.java:45)
	at org.junit.jupiter.engine.execution.InvocationInterceptorChain.invoke(InvocationInterceptorChain.java:37)
	at org.junit.jupiter.engine.execution.ExecutableInvoker.invoke(ExecutableInvoker.java:104)
	at org.junit.jupiter.engine.execution.ExecutableInvoker.invoke(ExecutableInvoker.java:98)
	at org.junit.jupiter.engine.descriptor.TestMethodTestDescriptor.lambda$invokeTestMethod$6(TestMethodTestDescriptor.java:210)
	at org.junit.platform.engine.support.hierarchical.ThrowableCollector.execute(ThrowableCollector.java:73)
	at org.junit.jupiter.engine.descriptor.TestMethodTestDescriptor.invokeTestMethod(TestMethodTestDescriptor.java:206)
	at org.junit.jupiter.engine.descriptor.TestMethodTestDescriptor.execute(TestMethodTestDescriptor.java:131)
	at org.junit.jupiter.engine.descriptor.TestMethodTestDescriptor.execute(TestMethodTestDescriptor.java:65)
	at org.junit.platform.engine.support.hierarchical.NodeTestTask.lambda$executeRecursively$5(NodeTestTask.java:139)
	at org.junit.platform.engine.support.hierarchical.ThrowableCollector.execute(ThrowableCollector.java:73)
	at org.junit.platform.engine.support.hierarchical.NodeTestTask.lambda$executeRecursively$7(NodeTestTask.java:129)
	at org.junit.platform.engine.support.hierarchical.Node.around(Node.java:137)
	at org.junit.platform.engine.support.hierarchical.NodeTestTask.lambda$executeRecursively$8(NodeTestTask.java:127)
	at org.junit.platform.engine.support.hierarchical.ThrowableCollector.execute(ThrowableCollector.java:73)
	at org.junit.platform.engine.support.hierarchical.NodeTestTask.executeRecursively(NodeTestTask.java:126)
	at org.junit.platform.engine.support.hierarchical.NodeTestTask.execute(NodeTestTask.java:84)
	at java.base/java.util.ArrayList.forEach(ArrayList.java:1511)
	at org.junit.platform.engine.support.hierarchical.SameThreadHierarchicalTestExecutorService.invokeAll(SameThreadHierarchicalTestExecutorService.java:38)
	at org.junit.platform.engine.support.hierarchical.NodeTestTask.lambda$executeRecursively$5(NodeTestTask.java:143)
	at org.junit.platform.engine.support.hierarchical.ThrowableCollector.execute(ThrowableCollector.java:73)
	at org.junit.platform.engine.support.hierarchical.NodeTestTask.lambda$executeRecursively$7(NodeTestTask.java:129)
	at org.junit.platform.engine.support.hierarchical.Node.around(Node.java:137)
	at org.junit.platform.engine.support.hierarchical.NodeTestTask.lambda$executeRecursively$8(NodeTestTask.java:127)
	at org.junit.platform.engine.support.hierarchical.ThrowableCollector.execute(ThrowableCollector.java:73)
	at org.junit.platform.engine.support.hierarchical.NodeTestTask.executeRecursively(NodeTestTask.java:126)
	at org.junit.platform.engine.support.hierarchical.NodeTestTask.execute(NodeTestTask.java:84)
	at java.base/java.util.ArrayList.forEach(ArrayList.java:1511)
	at org.junit.platform.engine.support.hierarchical.SameThreadHierarchicalTestExecutorService.invokeAll(SameThreadHierarchicalTestExecutorService.java:38)
	at org.junit.platform.engine.support.hierarchical.NodeTestTask.lambda$executeRecursively$5(NodeTestTask.java:143)
	at org.junit.platform.engine.support.hierarchical.ThrowableCollector.execute(ThrowableCollector.java:73)
	at org.junit.platform.engine.support.hierarchical.NodeTestTask.lambda$executeRecursively$7(NodeTestTask.java:129)
	at org.junit.platform.engine.support.hierarchical.Node.around(Node.java:137)
	at org.junit.platform.engine.support.hierarchical.NodeTestTask.lambda$executeRecursively$8(NodeTestTask.java:127)
	at org.junit.platform.engine.support.hierarchical.ThrowableCollector.execute(ThrowableCollector.java:73)
	at org.junit.platform.engine.support.hierarchical.NodeTestTask.executeRecursively(NodeTestTask.java:126)
	at org.junit.platform.engine.support.hierarchical.NodeTestTask.execute(NodeTestTask.java:84)
	at org.junit.platform.engine.support.hierarchical.SameThreadHierarchicalTestExecutorService.submit(SameThreadHierarchicalTestExecutorService.java:32)
	at org.junit.platform.engine.support.hierarchical.HierarchicalTestExecutor.execute(HierarchicalTestExecutor.java:57)
	at org.junit.platform.engine.support.hierarchical.HierarchicalTestEngine.execute(HierarchicalTestEngine.java:51)
	at org.junit.platform.launcher.core.EngineExecutionOrchestrator.execute(EngineExecutionOrchestrator.java:108)
	at org.junit.platform.launcher.core.EngineExecutionOrchestrator.execute(EngineExecutionOrchestrator.java:88)
	at org.junit.platform.launcher.core.EngineExecutionOrchestrator.lambda$execute$0(EngineExecutionOrchestrator.java:54)
	at org.junit.platform.launcher.core.EngineExecutionOrchestrator.withInterceptedStreams(EngineExecutionOrchestrator.java:67)
	at org.junit.platform.launcher.core.EngineExecutionOrchestrator.execute(EngineExecutionOrchestrator.java:52)
	at org.junit.platform.launcher.core.DefaultLauncher.execute(DefaultLauncher.java:96)
	at org.junit.platform.launcher.core.DefaultLauncher.execute(DefaultLauncher.java:75)
	at com.intellij.junit5.JUnit5IdeaTestRunner.startRunnerWithArgs(JUnit5IdeaTestRunner.java:57)
	at com.intellij.rt.junit.IdeaTestRunner$Repeater$1.execute(IdeaTestRunner.java:38)
	at com.intellij.rt.execution.junit.TestsRepeater.repeat(TestsRepeater.java:11)
	at com.intellij.rt.junit.IdeaTestRunner$Repeater.startRunnerWithArgs(IdeaTestRunner.java:35)
	at com.intellij.rt.junit.JUnitStarter.prepareStreamsAndStart(JUnitStarter.java:232)
	at com.intellij.rt.junit.JUnitStarter.main(JUnitStarter.java:55)
2025-03-02 10:40:30,384 [INFO] [main] c.r.c.o.s.DefaultOrderService - Placing order for customer: John Doe
2025-03-02 10:40:30,394 [INFO] [main] c.r.c.o.s.DefaultOrderService - Placing order for customer: John Doe
2025-03-02 10:42:28,497 [INFO] [main] c.r.c.o.s.DefaultOrderService - Placing order for customer: John Doe
2025-03-02 10:42:28,523 [ERROR] [main] c.r.c.o.s.DefaultOrderService - Payment processing failed for customer: John Doe. Reason: Payment failed.
2025-03-02 10:42:28,546 [INFO] [main] c.r.c.o.s.DefaultOrderService - Placing order for customer: John Doe
2025-03-02 10:42:28,547 [ERROR] [main] c.r.c.o.s.DefaultOrderService - Order processing failed for customer: John Doe. Reason: Split payment amounts do not match the order total.
2025-03-02 10:42:28,557 [INFO] [main] c.r.c.o.s.DefaultOrderService - Placing order for customer: John Doe
2025-03-02 10:42:28,562 [INFO] [main] c.r.c.o.s.DefaultOrderService - Placing order for customer: John Doe
2025-03-02 10:42:28,565 [ERROR] [main] c.r.c.o.s.DefaultOrderService - Unexpected error occurred while placing order for customer: John Doe. Reason: Unexpected error
java.lang.RuntimeException: Unexpected error
	at com.raju.codekatas.orderingsystem.service.DefaultOrderService.placeOrder(DefaultOrderService.java:61)
	at com.raju.codekatas.orderingsystem.DefaultOrderServiceTest.lambda$testPlaceOrder_UnexpectedException$2(DefaultOrderServiceTest.java:161)
	at org.junit.jupiter.api.AssertThrows.assertThrows(AssertThrows.java:55)
	at org.junit.jupiter.api.AssertThrows.assertThrows(AssertThrows.java:37)
	at org.junit.jupiter.api.Assertions.assertThrows(Assertions.java:3007)
	at com.raju.codekatas.orderingsystem.DefaultOrderServiceTest.testPlaceOrder_UnexpectedException(DefaultOrderServiceTest.java:160)
	at java.base/jdk.internal.reflect.NativeMethodAccessorImpl.invoke0(Native Method)
	at java.base/jdk.internal.reflect.NativeMethodAccessorImpl.invoke(NativeMethodAccessorImpl.java:77)
	at java.base/jdk.internal.reflect.DelegatingMethodAccessorImpl.invoke(DelegatingMethodAccessorImpl.java:43)
	at java.base/java.lang.reflect.Method.invoke(Method.java:568)
	at org.junit.platform.commons.util.ReflectionUtils.invokeMethod(ReflectionUtils.java:688)
	at org.junit.jupiter.engine.execution.MethodInvocation.proceed(MethodInvocation.java:60)
	at org.junit.jupiter.engine.execution.InvocationInterceptorChain$ValidatingInvocation.proceed(InvocationInterceptorChain.java:131)
	at org.junit.jupiter.engine.extension.TimeoutExtension.intercept(TimeoutExtension.java:149)
	at org.junit.jupiter.engine.extension.TimeoutExtension.interceptTestableMethod(TimeoutExtension.java:140)
	at org.junit.jupiter.engine.extension.TimeoutExtension.interceptTestMethod(TimeoutExtension.java:84)
	at org.junit.jupiter.engine.execution.ExecutableInvoker$ReflectiveInterceptorCall.lambda$ofVoidMethod$0(ExecutableInvoker.java:115)
	at org.junit.jupiter.engine.execution.ExecutableInvoker.lambda$invoke$0(ExecutableInvoker.java:105)
	at org.junit.jupiter.engine.execution.InvocationInterceptorChain$InterceptedInvocation.proceed(InvocationInterceptorChain.java:106)
	at org.junit.jupiter.engine.execution.InvocationInterceptorChain.proceed(InvocationInterceptorChain.java:64)
	at org.junit.jupiter.engine.execution.InvocationInterceptorChain.chainAndInvoke(InvocationInterceptorChain.java:45)
	at org.junit.jupiter.engine.execution.InvocationInterceptorChain.invoke(InvocationInterceptorChain.java:37)
	at org.junit.jupiter.engine.execution.ExecutableInvoker.invoke(ExecutableInvoker.java:104)
	at org.junit.jupiter.engine.execution.ExecutableInvoker.invoke(ExecutableInvoker.java:98)
	at org.junit.jupiter.engine.descriptor.TestMethodTestDescriptor.lambda$invokeTestMethod$6(TestMethodTestDescriptor.java:210)
	at org.junit.platform.engine.support.hierarchical.ThrowableCollector.execute(ThrowableCollector.java:73)
	at org.junit.jupiter.engine.descriptor.TestMethodTestDescriptor.invokeTestMethod(TestMethodTestDescriptor.java:206)
	at org.junit.jupiter.engine.descriptor.TestMethodTestDescriptor.execute(TestMethodTestDescriptor.java:131)
	at org.junit.jupiter.engine.descriptor.TestMethodTestDescriptor.execute(TestMethodTestDescriptor.java:65)
	at org.junit.platform.engine.support.hierarchical.NodeTestTask.lambda$executeRecursively$5(NodeTestTask.java:139)
	at org.junit.platform.engine.support.hierarchical.ThrowableCollector.execute(ThrowableCollector.java:73)
	at org.junit.platform.engine.support.hierarchical.NodeTestTask.lambda$executeRecursively$7(NodeTestTask.java:129)
	at org.junit.platform.engine.support.hierarchical.Node.around(Node.java:137)
	at org.junit.platform.engine.support.hierarchical.NodeTestTask.lambda$executeRecursively$8(NodeTestTask.java:127)
	at org.junit.platform.engine.support.hierarchical.ThrowableCollector.execute(ThrowableCollector.java:73)
	at org.junit.platform.engine.support.hierarchical.NodeTestTask.executeRecursively(NodeTestTask.java:126)
	at org.junit.platform.engine.support.hierarchical.NodeTestTask.execute(NodeTestTask.java:84)
	at java.base/java.util.ArrayList.forEach(ArrayList.java:1511)
	at org.junit.platform.engine.support.hierarchical.SameThreadHierarchicalTestExecutorService.invokeAll(SameThreadHierarchicalTestExecutorService.java:38)
	at org.junit.platform.engine.support.hierarchical.NodeTestTask.lambda$executeRecursively$5(NodeTestTask.java:143)
	at org.junit.platform.engine.support.hierarchical.ThrowableCollector.execute(ThrowableCollector.java:73)
	at org.junit.platform.engine.support.hierarchical.NodeTestTask.lambda$executeRecursively$7(NodeTestTask.java:129)
	at org.junit.platform.engine.support.hierarchical.Node.around(Node.java:137)
	at org.junit.platform.engine.support.hierarchical.NodeTestTask.lambda$executeRecursively$8(NodeTestTask.java:127)
	at org.junit.platform.engine.support.hierarchical.ThrowableCollector.execute(ThrowableCollector.java:73)
	at org.junit.platform.engine.support.hierarchical.NodeTestTask.executeRecursively(NodeTestTask.java:126)
	at org.junit.platform.engine.support.hierarchical.NodeTestTask.execute(NodeTestTask.java:84)
	at java.base/java.util.ArrayList.forEach(ArrayList.java:1511)
	at org.junit.platform.engine.support.hierarchical.SameThreadHierarchicalTestExecutorService.invokeAll(SameThreadHierarchicalTestExecutorService.java:38)
	at org.junit.platform.engine.support.hierarchical.NodeTestTask.lambda$executeRecursively$5(NodeTestTask.java:143)
	at org.junit.platform.engine.support.hierarchical.ThrowableCollector.execute(ThrowableCollector.java:73)
	at org.junit.platform.engine.support.hierarchical.NodeTestTask.lambda$executeRecursively$7(NodeTestTask.java:129)
	at org.junit.platform.engine.support.hierarchical.Node.around(Node.java:137)
	at org.junit.platform.engine.support.hierarchical.NodeTestTask.lambda$executeRecursively$8(NodeTestTask.java:127)
	at org.junit.platform.engine.support.hierarchical.ThrowableCollector.execute(ThrowableCollector.java:73)
	at org.junit.platform.engine.support.hierarchical.NodeTestTask.executeRecursively(NodeTestTask.java:126)
	at org.junit.platform.engine.support.hierarchical.NodeTestTask.execute(NodeTestTask.java:84)
	at org.junit.platform.engine.support.hierarchical.SameThreadHierarchicalTestExecutorService.submit(SameThreadHierarchicalTestExecutorService.java:32)
	at org.junit.platform.engine.support.hierarchical.HierarchicalTestExecutor.execute(HierarchicalTestExecutor.java:57)
	at org.junit.platform.engine.support.hierarchical.HierarchicalTestEngine.execute(HierarchicalTestEngine.java:51)
	at org.junit.platform.launcher.core.EngineExecutionOrchestrator.execute(EngineExecutionOrchestrator.java:108)
	at org.junit.platform.launcher.core.EngineExecutionOrchestrator.execute(EngineExecutionOrchestrator.java:88)
	at org.junit.platform.launcher.core.EngineExecutionOrchestrator.lambda$execute$0(EngineExecutionOrchestrator.java:54)
	at org.junit.platform.launcher.core.EngineExecutionOrchestrator.withInterceptedStreams(EngineExecutionOrchestrator.java:67)
	at org.junit.platform.launcher.core.EngineExecutionOrchestrator.execute(EngineExecutionOrchestrator.java:52)
	at org.junit.platform.launcher.core.DefaultLauncher.execute(DefaultLauncher.java:96)
	at org.junit.platform.launcher.core.DefaultLauncher.execute(DefaultLauncher.java:75)
	at com.intellij.junit5.JUnit5IdeaTestRunner.startRunnerWithArgs(JUnit5IdeaTestRunner.java:57)
	at com.intellij.rt.junit.IdeaTestRunner$Repeater$1.execute(IdeaTestRunner.java:38)
	at com.intellij.rt.execution.junit.TestsRepeater.repeat(TestsRepeater.java:11)
	at com.intellij.rt.junit.IdeaTestRunner$Repeater.startRunnerWithArgs(IdeaTestRunner.java:35)
	at com.intellij.rt.junit.JUnitStarter.prepareStreamsAndStart(JUnitStarter.java:232)
	at com.intellij.rt.junit.JUnitStarter.main(JUnitStarter.java:55)
2025-03-02 10:42:28,572 [INFO] [main] c.r.c.o.s.DefaultOrderService - Placing order for customer: John Doe
2025-03-02 10:42:28,582 [INFO] [main] c.r.c.o.s.DefaultOrderService - Placing order for customer: John Doe
2025-03-02 10:45:54,753 [INFO] [main] c.r.c.o.s.DefaultPaymentProcessor - Processing payments for customer: John Doe
2025-03-02 10:45:54,780 [INFO] [main] c.r.c.o.s.DefaultPaymentProcessor - Processing payments for customer: John Doe
2025-03-02 10:45:54,796 [INFO] [main] c.r.c.o.s.DefaultPaymentProcessor - Processing payments for customer: John Doe
2025-03-02 10:45:54,809 [INFO] [main] c.r.c.o.s.DefaultPaymentProcessor - Processing payments for customer: John Doe
2025-03-02 10:45:54,809 [INFO] [main] c.r.c.o.s.DefaultPaymentProcessor - Payment of 30.0 processed using PaymentMethod$MockitoMock$1263973232
2025-03-02 10:45:54,828 [INFO] [main] c.r.c.o.s.DefaultPaymentProcessor - Processing payments for customer: John Doe
2025-03-02 10:45:54,829 [INFO] [main] c.r.c.o.s.DefaultPaymentProcessor - Payment of 30.0 processed using PaymentMethod$MockitoMock$1263973232
2025-03-02 10:45:54,829 [INFO] [main] c.r.c.o.s.DefaultPaymentProcessor - Payment of 20.0 processed using PaymentMethod$MockitoMock$1263973232
2025-03-02 10:47:54,820 [INFO] [main] c.r.c.o.s.DefaultPaymentProcessor - Processing payments for customer: John Doe
2025-03-02 10:47:54,849 [INFO] [main] c.r.c.o.s.DefaultPaymentProcessor - Processing payments for customer: John Doe
2025-03-02 10:47:54,865 [INFO] [main] c.r.c.o.s.DefaultPaymentProcessor - Processing payments for customer: John Doe
2025-03-02 10:47:54,875 [INFO] [main] c.r.c.o.s.DefaultPaymentProcessor - Processing payments for customer: John Doe
2025-03-02 10:47:54,875 [INFO] [main] c.r.c.o.s.DefaultPaymentProcessor - Payment of 30.0 processed using PaymentMethod$MockitoMock$84391521
2025-03-02 10:47:54,887 [INFO] [main] c.r.c.o.s.DefaultPaymentProcessor - Processing payments for customer: John Doe
2025-03-02 10:47:54,888 [INFO] [main] c.r.c.o.s.DefaultPaymentProcessor - Payment of 30.0 processed using PaymentMethod$MockitoMock$84391521
2025-03-02 10:47:54,888 [INFO] [main] c.r.c.o.s.DefaultPaymentProcessor - Payment of 20.0 processed using PaymentMethod$MockitoMock$84391521
2025-03-02 10:48:13,709 [INFO] [main] c.r.c.o.s.DefaultOrderService - Placing order for customer: John Doe
2025-03-02 10:48:13,738 [ERROR] [main] c.r.c.o.s.DefaultOrderService - Payment processing failed for customer: John Doe. Reason: Payment failed.
2025-03-02 10:48:13,765 [INFO] [main] c.r.c.o.s.DefaultOrderService - Placing order for customer: John Doe
2025-03-02 10:48:13,766 [ERROR] [main] c.r.c.o.s.DefaultOrderService - Order processing failed for customer: John Doe. Reason: Split payment amounts do not match the order total.
2025-03-02 10:48:13,774 [INFO] [main] c.r.c.o.s.DefaultOrderService - Placing order for customer: John Doe
2025-03-02 10:48:13,779 [INFO] [main] c.r.c.o.s.DefaultOrderService - Placing order for customer: John Doe
2025-03-02 10:48:13,782 [ERROR] [main] c.r.c.o.s.DefaultOrderService - Unexpected error occurred while placing order for customer: John Doe. Reason: Unexpected error
java.lang.RuntimeException: Unexpected error
	at com.raju.codekatas.orderingsystem.service.DefaultOrderService.placeOrder(DefaultOrderService.java:61)
	at com.raju.codekatas.orderingsystem.service.DefaultOrderServiceTest.lambda$testPlaceOrder_UnexpectedException$2(DefaultOrderServiceTest.java:159)
	at org.junit.jupiter.api.AssertThrows.assertThrows(AssertThrows.java:55)
	at org.junit.jupiter.api.AssertThrows.assertThrows(AssertThrows.java:37)
	at org.junit.jupiter.api.Assertions.assertThrows(Assertions.java:3007)
	at com.raju.codekatas.orderingsystem.service.DefaultOrderServiceTest.testPlaceOrder_UnexpectedException(DefaultOrderServiceTest.java:158)
	at java.base/jdk.internal.reflect.NativeMethodAccessorImpl.invoke0(Native Method)
	at java.base/jdk.internal.reflect.NativeMethodAccessorImpl.invoke(NativeMethodAccessorImpl.java:77)
	at java.base/jdk.internal.reflect.DelegatingMethodAccessorImpl.invoke(DelegatingMethodAccessorImpl.java:43)
	at java.base/java.lang.reflect.Method.invoke(Method.java:568)
	at org.junit.platform.commons.util.ReflectionUtils.invokeMethod(ReflectionUtils.java:688)
	at org.junit.jupiter.engine.execution.MethodInvocation.proceed(MethodInvocation.java:60)
	at org.junit.jupiter.engine.execution.InvocationInterceptorChain$ValidatingInvocation.proceed(InvocationInterceptorChain.java:131)
	at org.junit.jupiter.engine.extension.TimeoutExtension.intercept(TimeoutExtension.java:149)
	at org.junit.jupiter.engine.extension.TimeoutExtension.interceptTestableMethod(TimeoutExtension.java:140)
	at org.junit.jupiter.engine.extension.TimeoutExtension.interceptTestMethod(TimeoutExtension.java:84)
	at org.junit.jupiter.engine.execution.ExecutableInvoker$ReflectiveInterceptorCall.lambda$ofVoidMethod$0(ExecutableInvoker.java:115)
	at org.junit.jupiter.engine.execution.ExecutableInvoker.lambda$invoke$0(ExecutableInvoker.java:105)
	at org.junit.jupiter.engine.execution.InvocationInterceptorChain$InterceptedInvocation.proceed(InvocationInterceptorChain.java:106)
	at org.junit.jupiter.engine.execution.InvocationInterceptorChain.proceed(InvocationInterceptorChain.java:64)
	at org.junit.jupiter.engine.execution.InvocationInterceptorChain.chainAndInvoke(InvocationInterceptorChain.java:45)
	at org.junit.jupiter.engine.execution.InvocationInterceptorChain.invoke(InvocationInterceptorChain.java:37)
	at org.junit.jupiter.engine.execution.ExecutableInvoker.invoke(ExecutableInvoker.java:104)
	at org.junit.jupiter.engine.execution.ExecutableInvoker.invoke(ExecutableInvoker.java:98)
	at org.junit.jupiter.engine.descriptor.TestMethodTestDescriptor.lambda$invokeTestMethod$6(TestMethodTestDescriptor.java:210)
	at org.junit.platform.engine.support.hierarchical.ThrowableCollector.execute(ThrowableCollector.java:73)
	at org.junit.jupiter.engine.descriptor.TestMethodTestDescriptor.invokeTestMethod(TestMethodTestDescriptor.java:206)
	at org.junit.jupiter.engine.descriptor.TestMethodTestDescriptor.execute(TestMethodTestDescriptor.java:131)
	at org.junit.jupiter.engine.descriptor.TestMethodTestDescriptor.execute(TestMethodTestDescriptor.java:65)
	at org.junit.platform.engine.support.hierarchical.NodeTestTask.lambda$executeRecursively$5(NodeTestTask.java:139)
	at org.junit.platform.engine.support.hierarchical.ThrowableCollector.execute(ThrowableCollector.java:73)
	at org.junit.platform.engine.support.hierarchical.NodeTestTask.lambda$executeRecursively$7(NodeTestTask.java:129)
	at org.junit.platform.engine.support.hierarchical.Node.around(Node.java:137)
	at org.junit.platform.engine.support.hierarchical.NodeTestTask.lambda$executeRecursively$8(NodeTestTask.java:127)
	at org.junit.platform.engine.support.hierarchical.ThrowableCollector.execute(ThrowableCollector.java:73)
	at org.junit.platform.engine.support.hierarchical.NodeTestTask.executeRecursively(NodeTestTask.java:126)
	at org.junit.platform.engine.support.hierarchical.NodeTestTask.execute(NodeTestTask.java:84)
	at java.base/java.util.ArrayList.forEach(ArrayList.java:1511)
	at org.junit.platform.engine.support.hierarchical.SameThreadHierarchicalTestExecutorService.invokeAll(SameThreadHierarchicalTestExecutorService.java:38)
	at org.junit.platform.engine.support.hierarchical.NodeTestTask.lambda$executeRecursively$5(NodeTestTask.java:143)
	at org.junit.platform.engine.support.hierarchical.ThrowableCollector.execute(ThrowableCollector.java:73)
	at org.junit.platform.engine.support.hierarchical.NodeTestTask.lambda$executeRecursively$7(NodeTestTask.java:129)
	at org.junit.platform.engine.support.hierarchical.Node.around(Node.java:137)
	at org.junit.platform.engine.support.hierarchical.NodeTestTask.lambda$executeRecursively$8(NodeTestTask.java:127)
	at org.junit.platform.engine.support.hierarchical.ThrowableCollector.execute(ThrowableCollector.java:73)
	at org.junit.platform.engine.support.hierarchical.NodeTestTask.executeRecursively(NodeTestTask.java:126)
	at org.junit.platform.engine.support.hierarchical.NodeTestTask.execute(NodeTestTask.java:84)
	at java.base/java.util.ArrayList.forEach(ArrayList.java:1511)
	at org.junit.platform.engine.support.hierarchical.SameThreadHierarchicalTestExecutorService.invokeAll(SameThreadHierarchicalTestExecutorService.java:38)
	at org.junit.platform.engine.support.hierarchical.NodeTestTask.lambda$executeRecursively$5(NodeTestTask.java:143)
	at org.junit.platform.engine.support.hierarchical.ThrowableCollector.execute(ThrowableCollector.java:73)
	at org.junit.platform.engine.support.hierarchical.NodeTestTask.lambda$executeRecursively$7(NodeTestTask.java:129)
	at org.junit.platform.engine.support.hierarchical.Node.around(Node.java:137)
	at org.junit.platform.engine.support.hierarchical.NodeTestTask.lambda$executeRecursively$8(NodeTestTask.java:127)
	at org.junit.platform.engine.support.hierarchical.ThrowableCollector.execute(ThrowableCollector.java:73)
	at org.junit.platform.engine.support.hierarchical.NodeTestTask.executeRecursively(NodeTestTask.java:126)
	at org.junit.platform.engine.support.hierarchical.NodeTestTask.execute(NodeTestTask.java:84)
	at org.junit.platform.engine.support.hierarchical.SameThreadHierarchicalTestExecutorService.submit(SameThreadHierarchicalTestExecutorService.java:32)
	at org.junit.platform.engine.support.hierarchical.HierarchicalTestExecutor.execute(HierarchicalTestExecutor.java:57)
	at org.junit.platform.engine.support.hierarchical.HierarchicalTestEngine.execute(HierarchicalTestEngine.java:51)
	at org.junit.platform.launcher.core.EngineExecutionOrchestrator.execute(EngineExecutionOrchestrator.java:108)
	at org.junit.platform.launcher.core.EngineExecutionOrchestrator.execute(EngineExecutionOrchestrator.java:88)
	at org.junit.platform.launcher.core.EngineExecutionOrchestrator.lambda$execute$0(EngineExecutionOrchestrator.java:54)
	at org.junit.platform.launcher.core.EngineExecutionOrchestrator.withInterceptedStreams(EngineExecutionOrchestrator.java:67)
	at org.junit.platform.launcher.core.EngineExecutionOrchestrator.execute(EngineExecutionOrchestrator.java:52)
	at org.junit.platform.launcher.core.DefaultLauncher.execute(DefaultLauncher.java:96)
	at org.junit.platform.launcher.core.DefaultLauncher.execute(DefaultLauncher.java:75)
	at com.intellij.junit5.JUnit5IdeaTestRunner.startRunnerWithArgs(JUnit5IdeaTestRunner.java:57)
	at com.intellij.rt.junit.IdeaTestRunner$Repeater$1.execute(IdeaTestRunner.java:38)
	at com.intellij.rt.execution.junit.TestsRepeater.repeat(TestsRepeater.java:11)
	at com.intellij.rt.junit.IdeaTestRunner$Repeater.startRunnerWithArgs(IdeaTestRunner.java:35)
	at com.intellij.rt.junit.JUnitStarter.prepareStreamsAndStart(JUnitStarter.java:232)
	at com.intellij.rt.junit.JUnitStarter.main(JUnitStarter.java:55)
2025-03-02 10:48:13,787 [INFO] [main] c.r.c.o.s.DefaultOrderService - Placing order for customer: John Doe
2025-03-02 10:48:13,794 [INFO] [main] c.r.c.o.s.DefaultOrderService - Placing order for customer: John Doe
2025-04-20 16:03:55,139 [INFO] [main] c.r.c.c.w.NioConfigFileWatcher - ConfigFileWatcher stopped.
2025-04-20 16:03:55,175 [INFO] [main] c.r.c.c.w.NioConfigFileWatcher - ConfigFileWatcher stopped.
2025-04-20 16:03:55,175 [INFO] [main] c.r.c.c.w.NioConfigFileWatcher - ConfigFileWatcher stopped.
2025-04-20 16:03:56,209 [INFO] [main] c.r.c.c.w.NioConfigFileWatcher - ConfigFileWatcher stopped.
2025-04-20 16:03:56,225 [INFO] [main] c.r.c.c.w.NioConfigFileWatcher - ConfigFileWatcher stopped.
2025-04-20 16:03:57,253 [INFO] [ConfigFileWatcher] c.r.c.c.w.NioConfigFileWatcher - Detected change in test15817786843558265388.tmp
2025-04-20 16:04:01,461 [INFO] [main] c.r.c.c.w.NioConfigFileWatcher - ConfigFileWatcher stopped.
2025-04-20 16:04:01,461 [INFO] [ConfigFileWatcher] c.r.c.c.w.NioConfigFileWatcher - File watcher thread interrupted, shutting down.
2025-04-20 16:04:02,474 [INFO] [main] c.r.c.c.w.NioConfigFileWatcher - ConfigFileWatcher stopped.
2025-04-20 16:04:02,480 [INFO] [ConfigFileWatcher] c.r.c.c.w.NioConfigFileWatcher - File watcher thread interrupted, shutting down.
2025-04-20 16:04:07,497 [INFO] [main] c.r.c.c.w.NioConfigFileWatcher - ConfigFileWatcher stopped.
2025-04-20 16:04:07,497 [INFO] [ConfigFileWatcher] c.r.c.c.w.NioConfigFileWatcher - File watcher thread interrupted, shutting down.
2025-04-20 16:04:08,012 [INFO] [main] c.r.c.c.w.NioConfigFileWatcher - ConfigFileWatcher stopped.
2025-04-20 16:04:08,012 [INFO] [ConfigFileWatcher] c.r.c.c.w.NioConfigFileWatcher - File watcher thread interrupted, shutting down.
2025-04-20 16:04:08,017 [INFO] [ConfigFileWatcher] c.r.c.c.w.NioConfigFileWatcher - File watcher thread interrupted, shutting down.
2025-04-20 16:04:08,222 [INFO] [main] c.r.c.c.w.NioConfigFileWatcher - ConfigFileWatcher stopped.
2025-04-20 16:04:08,227 [INFO] [main] c.r.c.c.w.NioConfigFileWatcher - ConfigFileWatcher stopped.
2025-04-20 16:04:08,435 [INFO] [main] c.r.c.c.w.NioConfigFileWatcher - ConfigFileWatcher stopped.
2025-04-20 16:04:08,443 [INFO] [main] c.r.c.c.w.NioConfigFileWatcher - ConfigFileWatcher stopped.
2025-04-20 16:12:38,224 [INFO] [main] c.r.c.c.w.NioConfigFileWatcher - ConfigFileWatcher stopped.
2025-04-20 16:12:38,250 [INFO] [main] c.r.c.c.w.NioConfigFileWatcher - ConfigFileWatcher stopped.
2025-04-20 16:12:39,291 [INFO] [main] c.r.c.c.w.NioConfigFileWatcher - ConfigFileWatcher stopped.
2025-04-20 16:12:39,292 [INFO] [ConfigFileWatcher] c.r.c.c.w.NioConfigFileWatcher - File watcher thread interrupted, shutting down.
2025-04-20 16:12:39,308 [INFO] [main] c.r.c.c.w.NioConfigFileWatcher - ConfigFileWatcher stopped.
2025-04-20 16:12:40,334 [INFO] [ConfigFileWatcher] c.r.c.c.w.NioConfigFileWatcher - Detected change in test7343043449862184202.tmp
2025-04-20 16:12:44,543 [INFO] [main] c.r.c.c.w.NioConfigFileWatcher - ConfigFileWatcher stopped.
2025-04-20 16:12:44,543 [INFO] [ConfigFileWatcher] c.r.c.c.w.NioConfigFileWatcher - File watcher thread interrupted, shutting down.
2025-04-20 16:12:45,566 [INFO] [main] c.r.c.c.w.NioConfigFileWatcher - ConfigFileWatcher stopped.
2025-04-20 16:12:45,568 [INFO] [ConfigFileWatcher] c.r.c.c.w.NioConfigFileWatcher - File watcher thread interrupted, shutting down.
2025-04-20 16:12:50,583 [INFO] [main] c.r.c.c.w.NioConfigFileWatcher - ConfigFileWatcher stopped.
2025-04-20 16:12:50,586 [INFO] [ConfigFileWatcher] c.r.c.c.w.NioConfigFileWatcher - File watcher thread interrupted, shutting down.
2025-04-20 16:12:51,099 [INFO] [main] c.r.c.c.w.NioConfigFileWatcher - ConfigFileWatcher stopped.
2025-04-20 16:12:51,100 [INFO] [ConfigFileWatcher] c.r.c.c.w.NioConfigFileWatcher - File watcher thread interrupted, shutting down.
2025-04-20 16:12:51,107 [INFO] [ConfigFileWatcher] c.r.c.c.w.NioConfigFileWatcher - File watcher thread interrupted, shutting down.
2025-04-20 16:12:51,312 [INFO] [main] c.r.c.c.w.NioConfigFileWatcher - ConfigFileWatcher stopped.
2025-04-20 16:12:51,323 [INFO] [main] c.r.c.c.w.NioConfigFileWatcher - ConfigFileWatcher stopped.
2025-04-20 16:12:51,530 [INFO] [main] c.r.c.c.w.NioConfigFileWatcher - ConfigFileWatcher stopped.
2025-04-20 16:12:51,539 [INFO] [main] c.r.c.c.w.NioConfigFileWatcher - ConfigFileWatcher stopped.
2025-04-20 16:15:16,002 [INFO] [main] c.r.c.c.w.NioConfigFileWatcher - ConfigFileWatcher stopped.
2025-04-20 16:15:16,002 [INFO] [ConfigFileWatcher] c.r.c.c.w.NioConfigFileWatcher - File watcher thread interrupted, shutting down.
2025-04-20 16:18:20,835 [INFO] [main] c.r.c.c.c.DynamicConfig - Loaded config from /var/folders/5l/ywmf3vbs38j82pmmsggnfnyh0000gq/T/test12093540427022566532.conf
2025-04-20 16:18:20,867 [INFO] [main] c.r.c.c.c.DynamicConfig - DynamicConfig closed.
2025-04-20 16:18:20,881 [INFO] [main] c.r.c.c.c.DynamicConfig - Loaded config from /var/folders/5l/ywmf3vbs38j82pmmsggnfnyh0000gq/T/test17293205539406263628.conf
2025-04-20 16:18:20,882 [INFO] [main] c.r.c.c.c.DynamicConfig - Config file changed, reloading...
2025-04-20 16:18:20,883 [ERROR] [main] c.r.c.c.c.DynamicConfig - Failed to load config, using last known good config
com.typesafe.config.ConfigException$Parse: /var/folders/5l/ywmf3vbs38j82pmmsggnfnyh0000gq/T/test17293205539406263628.conf: 1: Key 'not valid config' may not be followed by token: end of file
	at com.typesafe.config.impl.ConfigDocumentParser$ParseContext.parseError(ConfigDocumentParser.java:201)
	at com.typesafe.config.impl.ConfigDocumentParser$ParseContext.parseError(ConfigDocumentParser.java:197)
	at com.typesafe.config.impl.ConfigDocumentParser$ParseContext.parseObject(ConfigDocumentParser.java:461)
	at com.typesafe.config.impl.ConfigDocumentParser$ParseContext.parse(ConfigDocumentParser.java:648)
	at com.typesafe.config.impl.ConfigDocumentParser.parse(ConfigDocumentParser.java:14)
	at com.typesafe.config.impl.Parseable.rawParseValue(Parseable.java:262)
	at com.typesafe.config.impl.Parseable.rawParseValue(Parseable.java:250)
	at com.typesafe.config.impl.Parseable.parseValue(Parseable.java:180)
	at com.typesafe.config.impl.Parseable.parseValue(Parseable.java:174)
	at com.typesafe.config.impl.Parseable.parse(Parseable.java:301)
	at com.typesafe.config.ConfigFactory.parseFile(ConfigFactory.java:793)
	at com.typesafe.config.ConfigFactory.parseFile(ConfigFactory.java:807)
	at com.raju.codekatas.configsync.config.DynamicConfig.loadConfigOrDefault(DynamicConfig.java:58)
	at com.raju.codekatas.configsync.config.DynamicConfig.reloadConfig(DynamicConfig.java:51)
	at com.raju.codekatas.configsync.config.DynamicConfig.getConfig(DynamicConfig.java:45)
	at com.raju.codekatas.configsync.config.DynamicConfigTest.testFallbackToLastGoodConfigOnError(DynamicConfigTest.java:113)
	at java.base/jdk.internal.reflect.NativeMethodAccessorImpl.invoke0(Native Method)
	at java.base/jdk.internal.reflect.NativeMethodAccessorImpl.invoke(NativeMethodAccessorImpl.java:77)
	at java.base/jdk.internal.reflect.DelegatingMethodAccessorImpl.invoke(DelegatingMethodAccessorImpl.java:43)
	at java.base/java.lang.reflect.Method.invoke(Method.java:568)
	at org.junit.platform.commons.util.ReflectionUtils.invokeMethod(ReflectionUtils.java:688)
	at org.junit.jupiter.engine.execution.MethodInvocation.proceed(MethodInvocation.java:60)
	at org.junit.jupiter.engine.execution.InvocationInterceptorChain$ValidatingInvocation.proceed(InvocationInterceptorChain.java:131)
	at org.junit.jupiter.engine.extension.TimeoutExtension.intercept(TimeoutExtension.java:149)
	at org.junit.jupiter.engine.extension.TimeoutExtension.interceptTestableMethod(TimeoutExtension.java:140)
	at org.junit.jupiter.engine.extension.TimeoutExtension.interceptTestMethod(TimeoutExtension.java:84)
	at org.junit.jupiter.engine.execution.ExecutableInvoker$ReflectiveInterceptorCall.lambda$ofVoidMethod$0(ExecutableInvoker.java:115)
	at org.junit.jupiter.engine.execution.ExecutableInvoker.lambda$invoke$0(ExecutableInvoker.java:105)
	at org.junit.jupiter.engine.execution.InvocationInterceptorChain$InterceptedInvocation.proceed(InvocationInterceptorChain.java:106)
	at org.junit.jupiter.engine.execution.InvocationInterceptorChain.proceed(InvocationInterceptorChain.java:64)
	at org.junit.jupiter.engine.execution.InvocationInterceptorChain.chainAndInvoke(InvocationInterceptorChain.java:45)
	at org.junit.jupiter.engine.execution.InvocationInterceptorChain.invoke(InvocationInterceptorChain.java:37)
	at org.junit.jupiter.engine.execution.ExecutableInvoker.invoke(ExecutableInvoker.java:104)
	at org.junit.jupiter.engine.execution.ExecutableInvoker.invoke(ExecutableInvoker.java:98)
	at org.junit.jupiter.engine.descriptor.TestMethodTestDescriptor.lambda$invokeTestMethod$6(TestMethodTestDescriptor.java:210)
	at org.junit.platform.engine.support.hierarchical.ThrowableCollector.execute(ThrowableCollector.java:73)
	at org.junit.jupiter.engine.descriptor.TestMethodTestDescriptor.invokeTestMethod(TestMethodTestDescriptor.java:206)
	at org.junit.jupiter.engine.descriptor.TestMethodTestDescriptor.execute(TestMethodTestDescriptor.java:131)
	at org.junit.jupiter.engine.descriptor.TestMethodTestDescriptor.execute(TestMethodTestDescriptor.java:65)
	at org.junit.platform.engine.support.hierarchical.NodeTestTask.lambda$executeRecursively$5(NodeTestTask.java:139)
	at org.junit.platform.engine.support.hierarchical.ThrowableCollector.execute(ThrowableCollector.java:73)
	at org.junit.platform.engine.support.hierarchical.NodeTestTask.lambda$executeRecursively$7(NodeTestTask.java:129)
	at org.junit.platform.engine.support.hierarchical.Node.around(Node.java:137)
	at org.junit.platform.engine.support.hierarchical.NodeTestTask.lambda$executeRecursively$8(NodeTestTask.java:127)
	at org.junit.platform.engine.support.hierarchical.ThrowableCollector.execute(ThrowableCollector.java:73)
	at org.junit.platform.engine.support.hierarchical.NodeTestTask.executeRecursively(NodeTestTask.java:126)
	at org.junit.platform.engine.support.hierarchical.NodeTestTask.execute(NodeTestTask.java:84)
	at java.base/java.util.ArrayList.forEach(ArrayList.java:1511)
	at org.junit.platform.engine.support.hierarchical.SameThreadHierarchicalTestExecutorService.invokeAll(SameThreadHierarchicalTestExecutorService.java:38)
	at org.junit.platform.engine.support.hierarchical.NodeTestTask.lambda$executeRecursively$5(NodeTestTask.java:143)
	at org.junit.platform.engine.support.hierarchical.ThrowableCollector.execute(ThrowableCollector.java:73)
	at org.junit.platform.engine.support.hierarchical.NodeTestTask.lambda$executeRecursively$7(NodeTestTask.java:129)
	at org.junit.platform.engine.support.hierarchical.Node.around(Node.java:137)
	at org.junit.platform.engine.support.hierarchical.NodeTestTask.lambda$executeRecursively$8(NodeTestTask.java:127)
	at org.junit.platform.engine.support.hierarchical.ThrowableCollector.execute(ThrowableCollector.java:73)
	at org.junit.platform.engine.support.hierarchical.NodeTestTask.executeRecursively(NodeTestTask.java:126)
	at org.junit.platform.engine.support.hierarchical.NodeTestTask.execute(NodeTestTask.java:84)
	at java.base/java.util.ArrayList.forEach(ArrayList.java:1511)
	at org.junit.platform.engine.support.hierarchical.SameThreadHierarchicalTestExecutorService.invokeAll(SameThreadHierarchicalTestExecutorService.java:38)
	at org.junit.platform.engine.support.hierarchical.NodeTestTask.lambda$executeRecursively$5(NodeTestTask.java:143)
	at org.junit.platform.engine.support.hierarchical.ThrowableCollector.execute(ThrowableCollector.java:73)
	at org.junit.platform.engine.support.hierarchical.NodeTestTask.lambda$executeRecursively$7(NodeTestTask.java:129)
	at org.junit.platform.engine.support.hierarchical.Node.around(Node.java:137)
	at org.junit.platform.engine.support.hierarchical.NodeTestTask.lambda$executeRecursively$8(NodeTestTask.java:127)
	at org.junit.platform.engine.support.hierarchical.ThrowableCollector.execute(ThrowableCollector.java:73)
	at org.junit.platform.engine.support.hierarchical.NodeTestTask.executeRecursively(NodeTestTask.java:126)
	at org.junit.platform.engine.support.hierarchical.NodeTestTask.execute(NodeTestTask.java:84)
	at org.junit.platform.engine.support.hierarchical.SameThreadHierarchicalTestExecutorService.submit(SameThreadHierarchicalTestExecutorService.java:32)
	at org.junit.platform.engine.support.hierarchical.HierarchicalTestExecutor.execute(HierarchicalTestExecutor.java:57)
	at org.junit.platform.engine.support.hierarchical.HierarchicalTestEngine.execute(HierarchicalTestEngine.java:51)
	at org.junit.platform.launcher.core.EngineExecutionOrchestrator.execute(EngineExecutionOrchestrator.java:108)
	at org.junit.platform.launcher.core.EngineExecutionOrchestrator.execute(EngineExecutionOrchestrator.java:88)
	at org.junit.platform.launcher.core.EngineExecutionOrchestrator.lambda$execute$0(EngineExecutionOrchestrator.java:54)
	at org.junit.platform.launcher.core.EngineExecutionOrchestrator.withInterceptedStreams(EngineExecutionOrchestrator.java:67)
	at org.junit.platform.launcher.core.EngineExecutionOrchestrator.execute(EngineExecutionOrchestrator.java:52)
	at org.junit.platform.launcher.core.DefaultLauncher.execute(DefaultLauncher.java:96)
	at org.junit.platform.launcher.core.DefaultLauncher.execute(DefaultLauncher.java:75)
	at com.intellij.junit5.JUnit5IdeaTestRunner.startRunnerWithArgs(JUnit5IdeaTestRunner.java:57)
	at com.intellij.rt.junit.IdeaTestRunner$Repeater$1.execute(IdeaTestRunner.java:38)
	at com.intellij.rt.execution.junit.TestsRepeater.repeat(TestsRepeater.java:11)
	at com.intellij.rt.junit.IdeaTestRunner$Repeater.startRunnerWithArgs(IdeaTestRunner.java:35)
	at com.intellij.rt.junit.JUnitStarter.prepareStreamsAndStart(JUnitStarter.java:232)
	at com.intellij.rt.junit.JUnitStarter.main(JUnitStarter.java:55)
2025-04-20 16:18:20,887 [INFO] [main] c.r.c.c.c.DynamicConfig - DynamicConfig closed.
2025-04-20 16:18:20,919 [INFO] [main] c.r.c.c.c.DynamicConfig - Loaded config from /var/folders/5l/ywmf3vbs38j82pmmsggnfnyh0000gq/T/test918612774984751056.conf
2025-04-20 16:18:20,921 [INFO] [main] c.r.c.c.c.DynamicConfig - Config file changed, reloading...
2025-04-20 16:18:20,921 [INFO] [main] c.r.c.c.c.DynamicConfig - Loaded config from /var/folders/5l/ywmf3vbs38j82pmmsggnfnyh0000gq/T/test918612774984751056.conf
2025-04-20 16:18:20,922 [INFO] [main] c.r.c.c.c.DynamicConfig - DynamicConfig closed.
2025-04-20 16:18:20,929 [INFO] [main] c.r.c.c.c.DynamicConfig - Loaded config from /var/folders/5l/ywmf3vbs38j82pmmsggnfnyh0000gq/T/test7054735078484975616.conf
2025-04-20 16:18:20,930 [INFO] [main] c.r.c.c.c.DynamicConfig - DynamicConfig closed.
2025-04-20 16:18:20,931 [INFO] [main] c.r.c.c.c.DynamicConfig - DynamicConfig closed.
2025-04-20 18:06:19,234 [ERROR] [main] c.r.c.c.ConfigLoaderExample - Error closing DynamicConfig
java.lang.IllegalArgumentException: Config file does not exist: /Users/rmethuku/Raju/pocs/code-katas/./test.conf
	at com.raju.codekatas.configsync.config.DynamicConfig.fromPath(DynamicConfig.java:36)
	at com.raju.codekatas.configsync.ConfigLoaderExample.main(ConfigLoaderExample.java:20)
2025-04-20 18:06:58,249 [INFO] [main] c.r.c.c.c.DynamicConfig - Loaded config from /Users/rmethuku/Raju/pocs/code-katas/src/main/resources/test.conf
2025-04-20 18:06:58,259 [INFO] [main] c.r.c.c.ConfigLoaderExample - Loaded config: AppConfig{name='TestApp', version='1.0.0', enabled=true, maxConnections=10}
2025-04-20 18:06:58,285 [INFO] [main] c.r.c.c.w.NioConfigFileWatcher - ConfigFileWatcher stopped.
2025-04-20 18:06:58,285 [INFO] [main] c.r.c.c.c.DynamicConfig - DynamicConfig closed.
2025-04-20 18:06:58,286 [INFO] [ConfigFileWatcher] c.r.c.c.w.NioConfigFileWatcher - File watcher thread interrupted, shutting down.
2025-04-20 18:08:41,501 [INFO] [main] c.r.c.c.c.DynamicConfig - Loaded config from /Users/rmethuku/Raju/pocs/code-katas/src/main/resources/test.conf
2025-04-20 18:08:41,514 [INFO] [main] c.r.c.c.ConfigLoaderExample - Loaded config: AppConfig{name='TestApp12', version='1.0.0', enabled=true, maxConnections=10}
2025-04-20 18:17:59,585 [INFO] [main] c.r.c.c.c.DynamicConfig - Loaded config from /Users/rmethuku/Raju/pocs/code-katas/src/main/resources/test.conf
2025-04-20 18:18:12,610 [INFO] [ConfigFileWatcher] c.r.c.c.w.NioConfigFileWatcher - Detected change in test.conf
2025-04-20 18:18:14,611 [INFO] [main] c.r.c.c.c.DynamicConfig - Config file changed, reloading...
2025-04-20 18:18:14,620 [INFO] [main] c.r.c.c.c.DynamicConfig - Loaded config from /Users/rmethuku/Raju/pocs/code-katas/src/main/resources/test.conf
2025-04-20 18:20:43,878 [INFO] [main] c.r.c.c.c.DynamicConfig - Loaded config from /Users/rmethuku/Raju/pocs/code-katas/src/main/resources/test.conf
2025-04-20 18:21:12,227 [INFO] [main] c.r.c.c.c.DynamicConfig - Loaded config from /Users/rmethuku/Raju/pocs/code-katas/src/main/resources/test.conf
2025-04-20 18:24:49,879 [INFO] [main] c.r.c.c.c.DynamicConfig - Loaded config from /Users/rmethuku/Raju/pocs/code-katas/src/main/resources/test.conf
2025-04-20 18:26:08,899 [INFO] [ConfigFileWatcher] c.r.c.c.w.NioConfigFileWatcher - Detected change in test.conf
2025-04-20 18:26:17,405 [INFO] [main] c.r.c.c.c.DynamicConfig - Config file changed, reloading...
2025-04-20 18:26:17,408 [INFO] [main] c.r.c.c.c.DynamicConfig - Loaded config from /Users/rmethuku/Raju/pocs/code-katas/src/main/resources/test.conf
2025-04-20 18:26:34,903 [INFO] [ConfigFileWatcher] c.r.c.c.w.NioConfigFileWatcher - Detected change in test.conf
2025-04-20 18:26:43,404 [INFO] [main] c.r.c.c.c.DynamicConfig - Config file changed, reloading...
2025-04-20 18:26:43,407 [INFO] [main] c.r.c.c.c.DynamicConfig - Loaded config from /Users/rmethuku/Raju/pocs/code-katas/src/main/resources/test.conf
2025-04-20 18:30:35,902 [INFO] [main] c.r.c.c.c.DynamicConfig - Loaded config from /Users/rmethuku/Raju/pocs/code-katas/src/main/resources/test.json
2025-04-20 18:30:56,929 [INFO] [ConfigFileWatcher] c.r.c.c.w.NioConfigFileWatcher - Detected change in test.json
2025-04-20 18:31:22,786 [INFO] [main] c.r.c.c.c.DynamicConfig - Config file changed, reloading...
2025-04-20 18:31:22,793 [INFO] [main] c.r.c.c.c.DynamicConfig - Loaded config from /Users/rmethuku/Raju/pocs/code-katas/src/main/resources/test.json
2025-04-20 19:06:41,022 [INFO] [main] c.r.c.c.w.NioConfigFileWatcher - ConfigFileWatcher stopped.
2025-04-20 19:06:41,026 [INFO] [main] c.r.c.c.c.DynamicConfig - DynamicConfig closed.
2025-04-20 19:06:41,035 [INFO] [ConfigFileWatcher] c.r.c.c.w.NioConfigFileWatcher - File watcher thread interrupted, shutting down.
2025-04-20 19:06:48,484 [INFO] [main] c.r.c.c.c.DynamicConfig - Loaded config from /Users/rmethuku/Raju/pocs/code-katas/src/main/resources/test.json
2025-04-20 19:06:48,494 [INFO] [main] c.r.c.c.ConfigLoaderExample - App is running. Edit test.conf and type 'show' to see updated values.
2025-04-20 19:06:48,520 [INFO] [main] c.r.c.c.ConfigLoaderExample - Type 'show' to display config, or 'exit' to quit: 
2025-04-20 19:08:31,380 [INFO] [main] c.r.c.c.ConfigLoaderExample - Current config: name=%s, version=%s, enabled=%s, maxConnections=%d%n
2025-04-20 19:08:31,382 [INFO] [main] c.r.c.c.ConfigLoaderExample - Type 'show' to display config, or 'exit' to quit: 
2025-04-20 19:08:47,509 [INFO] [ConfigFileWatcher] c.r.c.c.w.NioConfigFileWatcher - Detected change in test.json
2025-04-20 19:08:53,721 [INFO] [main] c.r.c.c.ConfigLoaderExample - Type 'show' to display config, or 'exit' to quit: 
2025-04-20 19:08:58,121 [INFO] [main] c.r.c.c.c.DynamicConfig - Config file changed, reloading...
2025-04-20 19:08:58,124 [INFO] [main] c.r.c.c.c.DynamicConfig - Loaded config from /Users/rmethuku/Raju/pocs/code-katas/src/main/resources/test.json
2025-04-20 19:08:58,125 [INFO] [main] c.r.c.c.ConfigLoaderExample - Current config: name=%s, version=%s, enabled=%s, maxConnections=%d%n
2025-04-20 19:08:58,125 [INFO] [main] c.r.c.c.ConfigLoaderExample - Type 'show' to display config, or 'exit' to quit: 
2025-04-20 19:11:10,042 [INFO] [main] c.r.c.c.c.DynamicConfig - Loaded config from /Users/rmethuku/Raju/pocs/code-katas/src/main/resources/test.conf
2025-04-20 19:11:10,051 [INFO] [main] c.r.c.c.ConfigLoaderExample - App is running. Edit test.conf and type 'show' to see updated values.
2025-04-20 19:11:10,081 [INFO] [main] c.r.c.c.ConfigLoaderExample - Type 'show' to display config, or 'exit' to quit: 
2025-04-20 19:11:15,175 [INFO] [main] c.r.c.c.ConfigLoaderExample - Current config: name=%s, version=%s, enabled=%s, maxConnections=%d%n
2025-04-20 19:11:15,175 [INFO] [main] c.r.c.c.ConfigLoaderExample - Type 'show' to display config, or 'exit' to quit: 
2025-04-20 19:12:05,915 [INFO] [main] c.r.c.c.c.DynamicConfig - Loaded config from /Users/rmethuku/Raju/pocs/code-katas/src/main/resources/test.conf
2025-04-20 19:12:05,924 [INFO] [main] c.r.c.c.ConfigLoaderExample - App is running. Edit test.conf and type 'show' to see updated values.
2025-04-20 19:12:05,947 [INFO] [main] c.r.c.c.ConfigLoaderExample - Type 'show' to display config, or 'exit' to quit: 
2025-04-20 19:12:09,972 [INFO] [main] c.r.c.c.ConfigLoaderExample - Current Config:
2025-04-20 19:12:09,973 [INFO] [main] c.r.c.c.ConfigLoaderExample - Name: TestApp123
2025-04-20 19:12:09,973 [INFO] [main] c.r.c.c.ConfigLoaderExample - Version: 1.0.0
2025-04-20 19:12:09,973 [INFO] [main] c.r.c.c.ConfigLoaderExample - Enabled: true
2025-04-20 19:12:09,973 [INFO] [main] c.r.c.c.ConfigLoaderExample - Max Connections: 10
2025-04-20 19:12:09,973 [INFO] [main] c.r.c.c.ConfigLoaderExample - Type 'show' to display config, or 'exit' to quit: 
2025-04-20 19:12:51,567 [INFO] [main] c.r.c.c.ConfigLoaderExample - Type 'show' to display config, or 'exit' to quit: 
2025-04-20 19:12:51,569 [INFO] [main] c.r.c.c.ConfigLoaderExample - Current Config:
2025-04-20 19:12:51,569 [INFO] [main] c.r.c.c.ConfigLoaderExample - Name: TestApp123
2025-04-20 19:12:51,569 [INFO] [main] c.r.c.c.ConfigLoaderExample - Version: 1.0.0
2025-04-20 19:12:51,569 [INFO] [main] c.r.c.c.ConfigLoaderExample - Enabled: true
2025-04-20 19:12:51,570 [INFO] [main] c.r.c.c.ConfigLoaderExample - Max Connections: 10
2025-04-20 19:12:51,570 [INFO] [main] c.r.c.c.ConfigLoaderExample - Type 'show' to display config, or 'exit' to quit: 
2025-04-20 19:13:06,939 [INFO] [ConfigFileWatcher] c.r.c.c.w.NioConfigFileWatcher - Detected change in test.conf
2025-04-20 19:13:15,619 [INFO] [main] c.r.c.c.ConfigLoaderExample - Type 'show' to display config, or 'exit' to quit: 
2025-04-20 19:13:19,023 [INFO] [main] c.r.c.c.c.DynamicConfig - Config file changed, reloading...
2025-04-20 19:13:19,029 [INFO] [main] c.r.c.c.c.DynamicConfig - Loaded config from /Users/rmethuku/Raju/pocs/code-katas/src/main/resources/test.conf
2025-04-20 19:13:19,030 [INFO] [main] c.r.c.c.ConfigLoaderExample - Current Config:
2025-04-20 19:13:19,030 [INFO] [main] c.r.c.c.ConfigLoaderExample - Name: TestApp12
2025-04-20 19:13:19,030 [INFO] [main] c.r.c.c.ConfigLoaderExample - Version: 1.0.0
2025-04-20 19:13:19,030 [INFO] [main] c.r.c.c.ConfigLoaderExample - Enabled: true
2025-04-20 19:13:19,030 [INFO] [main] c.r.c.c.ConfigLoaderExample - Max Connections: 10
2025-04-20 19:13:19,030 [INFO] [main] c.r.c.c.ConfigLoaderExample - Type 'show' to display config, or 'exit' to quit: 
2025-04-20 19:14:00,970 [INFO] [main] c.r.c.c.ConfigLoaderExample - Type 'show' to display config, or 'exit' to quit: 
2025-04-20 19:14:07,623 [INFO] [main] c.r.c.c.w.NioConfigFileWatcher - ConfigFileWatcher stopped.
2025-04-20 19:14:07,625 [INFO] [main] c.r.c.c.c.DynamicConfig - DynamicConfig closed.
2025-04-20 19:14:07,627 [INFO] [ConfigFileWatcher] c.r.c.c.w.NioConfigFileWatcher - File watcher thread interrupted, shutting down.
2025-04-20 19:14:25,770 [INFO] [main] c.r.c.c.c.DynamicConfig - Loaded config from /Users/rmethuku/Raju/pocs/code-katas/src/main/resources/test.conf
2025-04-20 19:14:25,779 [INFO] [main] c.r.c.c.ConfigLoaderExample - App is running. Edit test.conf and type 'show' to see updated values.
2025-04-20 19:14:25,802 [INFO] [main] c.r.c.c.ConfigLoaderExample - Type 'show' to display config, or 'exit' to quit: 
2025-04-20 19:14:39,895 [INFO] [main] c.r.c.c.ConfigLoaderExample - Current Config:
2025-04-20 19:14:39,896 [INFO] [main] c.r.c.c.ConfigLoaderExample - Name: TestApp12
2025-04-20 19:14:39,897 [INFO] [main] c.r.c.c.ConfigLoaderExample - Version: 1.0.0
2025-04-20 19:14:39,897 [INFO] [main] c.r.c.c.ConfigLoaderExample - Enabled: true
2025-04-20 19:14:39,897 [INFO] [main] c.r.c.c.ConfigLoaderExample - Max Connections: 10
2025-04-20 19:14:39,897 [INFO] [main] c.r.c.c.ConfigLoaderExample - Type 'show' to display config, or 'exit' to quit: 
2025-04-20 19:14:48,795 [INFO] [ConfigFileWatcher] c.r.c.c.w.NioConfigFileWatcher - Detected change in test.conf
2025-04-20 19:14:52,380 [INFO] [main] c.r.c.c.ConfigLoaderExample - Type 'show' to display config, or 'exit' to quit: 
2025-04-20 19:15:02,103 [INFO] [main] c.r.c.c.c.DynamicConfig - Config file changed, reloading...
2025-04-20 19:15:02,111 [INFO] [main] c.r.c.c.c.DynamicConfig - Loaded config from /Users/rmethuku/Raju/pocs/code-katas/src/main/resources/test.conf
2025-04-20 19:15:02,112 [INFO] [main] c.r.c.c.ConfigLoaderExample - Current Config:
2025-04-20 19:15:02,113 [INFO] [main] c.r.c.c.ConfigLoaderExample - Name: TestApp123
2025-04-20 19:15:02,113 [INFO] [main] c.r.c.c.ConfigLoaderExample - Version: 1.0.0
2025-04-20 19:15:02,113 [INFO] [main] c.r.c.c.ConfigLoaderExample - Enabled: true
2025-04-20 19:15:02,114 [INFO] [main] c.r.c.c.ConfigLoaderExample - Max Connections: 10
2025-04-20 19:15:02,114 [INFO] [main] c.r.c.c.ConfigLoaderExample - Type 'show' to display config, or 'exit' to quit: 
2025-04-20 19:15:09,877 [INFO] [main] c.r.c.c.w.NioConfigFileWatcher - ConfigFileWatcher stopped.
2025-04-20 19:15:09,879 [INFO] [main] c.r.c.c.c.DynamicConfig - DynamicConfig closed.
2025-04-20 19:15:09,881 [INFO] [ConfigFileWatcher] c.r.c.c.w.NioConfigFileWatcher - File watcher thread interrupted, shutting down.
